[4.798s] DEBUG:colcon:Command line arguments: ['/usr/bin/colcon', 'build']
[4.798s] DEBUG:colcon:Parsed command line arguments: Namespace(allow_overriding=[], ament_cmake_args=None, base_paths=['.'], build_base='build', catkin_cmake_args=None, catkin_skip_building_tests=False, cmake_args=None, cmake_clean_cache=False, cmake_clean_first=False, cmake_force_configure=False, cmake_target=None, cmake_target_skip_unavailable=False, continue_on_error=False, event_handlers=None, executor='parallel', ignore_user_meta=False, install_base='install', log_base=None, log_level=None, main=<bound method BuildVerb.main of <colcon_core.verb.build.BuildVerb object at 0x7f3f40e62d00>>, merge_install=False, metas=['./colcon.meta'], packages_above=None, packages_above_and_dependencies=None, packages_above_depth=None, packages_end=None, packages_ignore=None, packages_ignore_regex=None, packages_select=None, packages_select_build_failed=False, packages_select_by_dep=None, packages_select_regex=None, packages_select_test_failures=False, packages_skip=None, packages_skip_build_finished=False, packages_skip_by_dep=None, packages_skip_regex=None, packages_skip_test_passed=False, packages_skip_up_to=None, packages_start=None, packages_up_to=None, packages_up_to_regex=None, parallel_workers=12, paths=None, symlink_install=False, test_result_base=None, verb_extension=<colcon_core.verb.build.BuildVerb object at 0x7f3f40e62d00>, verb_name='build', verb_parser=<colcon_defaults.argument_parser.defaults.DefaultArgumentsDecorator object at 0x7f3f40e622e0>)
[5.016s] Level 1:colcon.colcon_core.package_discovery:discover_packages(colcon_meta) check parameters
[5.016s] Level 1:colcon.colcon_core.package_discovery:discover_packages(recursive) check parameters
[5.016s] Level 1:colcon.colcon_core.package_discovery:discover_packages(ignore) check parameters
[5.016s] Level 1:colcon.colcon_core.package_discovery:discover_packages(path) check parameters
[5.016s] Level 1:colcon.colcon_core.package_discovery:discover_packages(colcon_meta) discover
[5.016s] Level 1:colcon.colcon_core.package_discovery:discover_packages(recursive) discover
[5.017s] INFO:colcon.colcon_core.package_discovery:Crawling recursively for packages in '/home/simteamq/Desktop/SEAL'
[5.017s] Level 1:colcon.colcon_core.package_identification:_identify(.) by extensions ['ignore', 'ignore_ament_install']
[5.017s] Level 1:colcon.colcon_core.package_identification:_identify(.) by extension 'ignore'
[5.017s] Level 1:colcon.colcon_core.package_identification:_identify(.) by extension 'ignore_ament_install'
[5.017s] Level 1:colcon.colcon_core.package_identification:_identify(.) by extensions ['colcon_pkg']
[5.017s] Level 1:colcon.colcon_core.package_identification:_identify(.) by extension 'colcon_pkg'
[5.017s] Level 1:colcon.colcon_core.package_identification:_identify(.) by extensions ['colcon_meta']
[5.017s] Level 1:colcon.colcon_core.package_identification:_identify(.) by extension 'colcon_meta'
[5.017s] Level 1:colcon.colcon_core.package_identification:_identify(.) by extensions ['ros']
[5.017s] Level 1:colcon.colcon_core.package_identification:_identify(.) by extension 'ros'
[5.033s] Level 1:colcon.colcon_core.package_identification:_identify(.) by extensions ['cmake', 'python']
[5.033s] Level 1:colcon.colcon_core.package_identification:_identify(.) by extension 'cmake'
[5.033s] Level 1:colcon.colcon_core.package_identification:_identify(.) by extension 'python'
[5.033s] Level 1:colcon.colcon_core.package_identification:_identify(.) by extensions ['python_setup_py']
[5.033s] Level 1:colcon.colcon_core.package_identification:_identify(.) by extension 'python_setup_py'
[5.034s] Level 1:colcon.colcon_core.package_identification:_identify(build) by extensions ['ignore', 'ignore_ament_install']
[5.034s] Level 1:colcon.colcon_core.package_identification:_identify(build) by extension 'ignore'
[5.034s] Level 1:colcon.colcon_core.package_identification:_identify(build) ignored
[5.034s] Level 1:colcon.colcon_core.package_identification:_identify(bzik) by extensions ['ignore', 'ignore_ament_install']
[5.034s] Level 1:colcon.colcon_core.package_identification:_identify(bzik) by extension 'ignore'
[5.034s] Level 1:colcon.colcon_core.package_identification:_identify(bzik) by extension 'ignore_ament_install'
[5.034s] Level 1:colcon.colcon_core.package_identification:_identify(bzik) by extensions ['colcon_pkg']
[5.034s] Level 1:colcon.colcon_core.package_identification:_identify(bzik) by extension 'colcon_pkg'
[5.034s] Level 1:colcon.colcon_core.package_identification:_identify(bzik) by extensions ['colcon_meta']
[5.035s] Level 1:colcon.colcon_core.package_identification:_identify(bzik) by extension 'colcon_meta'
[5.035s] Level 1:colcon.colcon_core.package_identification:_identify(bzik) by extensions ['ros']
[5.035s] Level 1:colcon.colcon_core.package_identification:_identify(bzik) by extension 'ros'
[5.038s] DEBUG:colcon.colcon_core.package_identification:Package 'bzik' with type 'ros.ament_python' and name 'urdf_tutorial_r2d2'
[5.038s] Level 1:colcon.colcon_core.package_identification:_identify(install) by extensions ['ignore', 'ignore_ament_install']
[5.038s] Level 1:colcon.colcon_core.package_identification:_identify(install) by extension 'ignore'
[5.038s] Level 1:colcon.colcon_core.package_identification:_identify(install) ignored
[5.039s] Level 1:colcon.colcon_core.package_identification:_identify(localization) by extensions ['ignore', 'ignore_ament_install']
[5.039s] Level 1:colcon.colcon_core.package_identification:_identify(localization) by extension 'ignore'
[5.039s] Level 1:colcon.colcon_core.package_identification:_identify(localization) by extension 'ignore_ament_install'
[5.039s] Level 1:colcon.colcon_core.package_identification:_identify(localization) by extensions ['colcon_pkg']
[5.039s] Level 1:colcon.colcon_core.package_identification:_identify(localization) by extension 'colcon_pkg'
[5.039s] Level 1:colcon.colcon_core.package_identification:_identify(localization) by extensions ['colcon_meta']
[5.039s] Level 1:colcon.colcon_core.package_identification:_identify(localization) by extension 'colcon_meta'
[5.039s] Level 1:colcon.colcon_core.package_identification:_identify(localization) by extensions ['ros']
[5.039s] Level 1:colcon.colcon_core.package_identification:_identify(localization) by extension 'ros'
[5.040s] DEBUG:colcon.colcon_core.package_identification:Package 'localization' with type 'ros.ament_cmake' and name 'localization'
[5.040s] Level 1:colcon.colcon_core.package_identification:_identify(log) by extensions ['ignore', 'ignore_ament_install']
[5.040s] Level 1:colcon.colcon_core.package_identification:_identify(log) by extension 'ignore'
[5.040s] Level 1:colcon.colcon_core.package_identification:_identify(log) ignored
[5.040s] Level 1:colcon.colcon_core.package_identification:_identify(mapping) by extensions ['ignore', 'ignore_ament_install']
[5.040s] Level 1:colcon.colcon_core.package_identification:_identify(mapping) by extension 'ignore'
[5.041s] Level 1:colcon.colcon_core.package_identification:_identify(mapping) by extension 'ignore_ament_install'
[5.041s] Level 1:colcon.colcon_core.package_identification:_identify(mapping) by extensions ['colcon_pkg']
[5.041s] Level 1:colcon.colcon_core.package_identification:_identify(mapping) by extension 'colcon_pkg'
[5.041s] Level 1:colcon.colcon_core.package_identification:_identify(mapping) by extensions ['colcon_meta']
[5.041s] Level 1:colcon.colcon_core.package_identification:_identify(mapping) by extension 'colcon_meta'
[5.041s] Level 1:colcon.colcon_core.package_identification:_identify(mapping) by extensions ['ros']
[5.041s] Level 1:colcon.colcon_core.package_identification:_identify(mapping) by extension 'ros'
[5.042s] DEBUG:colcon.colcon_core.package_identification:Package 'mapping' with type 'ros.ament_cmake' and name 'mapping'
[5.042s] Level 1:colcon.colcon_core.package_discovery:discover_packages(recursive) using defaults
[5.042s] Level 1:colcon.colcon_core.package_discovery:discover_packages(ignore) discover
[5.042s] Level 1:colcon.colcon_core.package_discovery:discover_packages(ignore) using defaults
[5.042s] Level 1:colcon.colcon_core.package_discovery:discover_packages(path) discover
[5.042s] Level 1:colcon.colcon_core.package_discovery:discover_packages(path) using defaults
[5.494s] Level 1:colcon.colcon_core.package_discovery:discover_packages(prefix_path) check parameters
[5.494s] Level 1:colcon.colcon_core.package_discovery:discover_packages(prefix_path) discover
[5.664s] DEBUG:colcon.colcon_installed_package_information.package_discovery:Found 3 installed packages in /home/simteamq/Desktop/SEAL/install
[5.761s] DEBUG:colcon.colcon_installed_package_information.package_discovery:Found 256 installed packages in /opt/ros/foxy
[5.763s] Level 1:colcon.colcon_core.package_discovery:discover_packages(prefix_path) using defaults
[6.043s] Level 5:colcon.colcon_core.verb:set package 'localization' build argument 'cmake_args' from command line to 'None'
[6.044s] Level 5:colcon.colcon_core.verb:set package 'localization' build argument 'cmake_target' from command line to 'None'
[6.044s] Level 5:colcon.colcon_core.verb:set package 'localization' build argument 'cmake_target_skip_unavailable' from command line to 'False'
[6.044s] Level 5:colcon.colcon_core.verb:set package 'localization' build argument 'cmake_clean_cache' from command line to 'False'
[6.044s] Level 5:colcon.colcon_core.verb:set package 'localization' build argument 'cmake_clean_first' from command line to 'False'
[6.044s] Level 5:colcon.colcon_core.verb:set package 'localization' build argument 'cmake_force_configure' from command line to 'False'
[6.044s] Level 5:colcon.colcon_core.verb:set package 'localization' build argument 'ament_cmake_args' from command line to 'None'
[6.044s] Level 5:colcon.colcon_core.verb:set package 'localization' build argument 'catkin_cmake_args' from command line to 'None'
[6.044s] Level 5:colcon.colcon_core.verb:set package 'localization' build argument 'catkin_skip_building_tests' from command line to 'False'
[6.044s] DEBUG:colcon.colcon_core.verb:Building package 'localization' with the following arguments: {'ament_cmake_args': None, 'build_base': '/home/simteamq/Desktop/SEAL/build/localization', 'catkin_cmake_args': None, 'catkin_skip_building_tests': False, 'cmake_args': None, 'cmake_clean_cache': False, 'cmake_clean_first': False, 'cmake_force_configure': False, 'cmake_target': None, 'cmake_target_skip_unavailable': False, 'install_base': '/home/simteamq/Desktop/SEAL/install/localization', 'merge_install': False, 'path': '/home/simteamq/Desktop/SEAL/localization', 'symlink_install': False, 'test_result_base': None}
[6.128s] Level 5:colcon.colcon_core.verb:set package 'mapping' build argument 'cmake_args' from command line to 'None'
[6.128s] Level 5:colcon.colcon_core.verb:set package 'mapping' build argument 'cmake_target' from command line to 'None'
[6.128s] Level 5:colcon.colcon_core.verb:set package 'mapping' build argument 'cmake_target_skip_unavailable' from command line to 'False'
[6.128s] Level 5:colcon.colcon_core.verb:set package 'mapping' build argument 'cmake_clean_cache' from command line to 'False'
[6.128s] Level 5:colcon.colcon_core.verb:set package 'mapping' build argument 'cmake_clean_first' from command line to 'False'
[6.128s] Level 5:colcon.colcon_core.verb:set package 'mapping' build argument 'cmake_force_configure' from command line to 'False'
[6.128s] Level 5:colcon.colcon_core.verb:set package 'mapping' build argument 'ament_cmake_args' from command line to 'None'
[6.128s] Level 5:colcon.colcon_core.verb:set package 'mapping' build argument 'catkin_cmake_args' from command line to 'None'
[6.128s] Level 5:colcon.colcon_core.verb:set package 'mapping' build argument 'catkin_skip_building_tests' from command line to 'False'
[6.128s] DEBUG:colcon.colcon_core.verb:Building package 'mapping' with the following arguments: {'ament_cmake_args': None, 'build_base': '/home/simteamq/Desktop/SEAL/build/mapping', 'catkin_cmake_args': None, 'catkin_skip_building_tests': False, 'cmake_args': None, 'cmake_clean_cache': False, 'cmake_clean_first': False, 'cmake_force_configure': False, 'cmake_target': None, 'cmake_target_skip_unavailable': False, 'install_base': '/home/simteamq/Desktop/SEAL/install/mapping', 'merge_install': False, 'path': '/home/simteamq/Desktop/SEAL/mapping', 'symlink_install': False, 'test_result_base': None}
[6.213s] Level 5:colcon.colcon_core.verb:set package 'urdf_tutorial_r2d2' build argument 'cmake_args' from command line to 'None'
[6.213s] Level 5:colcon.colcon_core.verb:set package 'urdf_tutorial_r2d2' build argument 'cmake_target' from command line to 'None'
[6.214s] Level 5:colcon.colcon_core.verb:set package 'urdf_tutorial_r2d2' build argument 'cmake_target_skip_unavailable' from command line to 'False'
[6.214s] Level 5:colcon.colcon_core.verb:set package 'urdf_tutorial_r2d2' build argument 'cmake_clean_cache' from command line to 'False'
[6.214s] Level 5:colcon.colcon_core.verb:set package 'urdf_tutorial_r2d2' build argument 'cmake_clean_first' from command line to 'False'
[6.214s] Level 5:colcon.colcon_core.verb:set package 'urdf_tutorial_r2d2' build argument 'cmake_force_configure' from command line to 'False'
[6.214s] Level 5:colcon.colcon_core.verb:set package 'urdf_tutorial_r2d2' build argument 'ament_cmake_args' from command line to 'None'
[6.214s] Level 5:colcon.colcon_core.verb:set package 'urdf_tutorial_r2d2' build argument 'catkin_cmake_args' from command line to 'None'
[6.214s] Level 5:colcon.colcon_core.verb:set package 'urdf_tutorial_r2d2' build argument 'catkin_skip_building_tests' from command line to 'False'
[6.214s] DEBUG:colcon.colcon_core.verb:Building package 'urdf_tutorial_r2d2' with the following arguments: {'ament_cmake_args': None, 'build_base': '/home/simteamq/Desktop/SEAL/build/urdf_tutorial_r2d2', 'catkin_cmake_args': None, 'catkin_skip_building_tests': False, 'cmake_args': None, 'cmake_clean_cache': False, 'cmake_clean_first': False, 'cmake_force_configure': False, 'cmake_target': None, 'cmake_target_skip_unavailable': False, 'install_base': '/home/simteamq/Desktop/SEAL/install/urdf_tutorial_r2d2', 'merge_install': False, 'path': '/home/simteamq/Desktop/SEAL/bzik', 'symlink_install': False, 'test_result_base': None}
[6.300s] INFO:colcon.colcon_core.executor:Executing jobs using 'parallel' executor
[6.389s] DEBUG:colcon.colcon_parallel_executor.executor.parallel:run_until_complete
[6.389s] INFO:colcon.colcon_ros.task.ament_cmake.build:Building ROS package in '/home/simteamq/Desktop/SEAL/localization' with build type 'ament_cmake'
[6.390s] INFO:colcon.colcon_cmake.task.cmake.build:Building CMake package in '/home/simteamq/Desktop/SEAL/localization'
[6.479s] INFO:colcon.colcon_core.plugin_system:Skipping extension 'colcon_core.shell.bat': Not used on non-Windows systems
[6.479s] INFO:colcon.colcon_core.shell:Skip shell extension 'powershell' for command environment: Not usable outside of PowerShell
[6.480s] DEBUG:colcon.colcon_core.shell:Skip shell extension 'dsv' for command environment
[6.748s] INFO:colcon.colcon_ros.task.ament_cmake.build:Building ROS package in '/home/simteamq/Desktop/SEAL/mapping' with build type 'ament_cmake'
[6.748s] INFO:colcon.colcon_cmake.task.cmake.build:Building CMake package in '/home/simteamq/Desktop/SEAL/mapping'
[6.829s] INFO:colcon.colcon_core.shell:Skip shell extension 'powershell' for command environment: Not usable outside of PowerShell
[6.829s] DEBUG:colcon.colcon_core.shell:Skip shell extension 'dsv' for command environment
[7.071s] INFO:colcon.colcon_ros.task.ament_python.build:Building ROS package in '/home/simteamq/Desktop/SEAL/bzik' with build type 'ament_python'
[7.071s] Level 1:colcon.colcon_core.shell:create_environment_hook('urdf_tutorial_r2d2', 'ament_prefix_path')
[7.151s] INFO:colcon.colcon_core.shell:Creating environment hook '/home/simteamq/Desktop/SEAL/install/urdf_tutorial_r2d2/share/urdf_tutorial_r2d2/hook/ament_prefix_path.ps1'
[7.152s] INFO:colcon.colcon_core.shell:Creating environment descriptor '/home/simteamq/Desktop/SEAL/install/urdf_tutorial_r2d2/share/urdf_tutorial_r2d2/hook/ament_prefix_path.dsv'
[7.152s] INFO:colcon.colcon_core.shell:Creating environment hook '/home/simteamq/Desktop/SEAL/install/urdf_tutorial_r2d2/share/urdf_tutorial_r2d2/hook/ament_prefix_path.sh'
[7.229s] INFO:colcon.colcon_core.shell:Skip shell extension 'powershell' for command environment: Not usable outside of PowerShell
[7.229s] DEBUG:colcon.colcon_core.shell:Skip shell extension 'dsv' for command environment
[7.490s] DEBUG:colcon.colcon_core.event_handler.log_command:Invoking command in '/home/simteamq/Desktop/SEAL/build/localization': CMAKE_PREFIX_PATH=${CMAKE_PREFIX_PATH}:/home/simteamq/Desktop/SEAL/install/urdf_tutorial_r2d2:/opt/ros/foxy CONDA_PROMPT_MODIFIER=(base) /usr/bin/cmake --build /home/simteamq/Desktop/SEAL/build/localization -- -j12 -l12
[7.497s] DEBUG:colcon.colcon_core.event_handler.log_command:Invoking command in '/home/simteamq/Desktop/SEAL/build/mapping': CMAKE_PREFIX_PATH=${CMAKE_PREFIX_PATH}:/home/simteamq/Desktop/SEAL/install/urdf_tutorial_r2d2:/opt/ros/foxy CONDA_PROMPT_MODIFIER=(base) /usr/bin/cmake --build /home/simteamq/Desktop/SEAL/build/mapping -- -j12 -l12
[7.914s] INFO:colcon.colcon_core.task.python.build:Building Python package in '/home/simteamq/Desktop/SEAL/bzik'
[7.995s] INFO:colcon.colcon_core.shell:Skip shell extension 'powershell' for command environment: Not usable outside of PowerShell
[7.995s] DEBUG:colcon.colcon_core.shell:Skip shell extension 'dsv' for command environment
[8.258s] DEBUG:colcon.colcon_core.event_handler.log_command:Invoked command in '/home/simteamq/Desktop/SEAL/build/mapping' returned '0': CMAKE_PREFIX_PATH=${CMAKE_PREFIX_PATH}:/home/simteamq/Desktop/SEAL/install/urdf_tutorial_r2d2:/opt/ros/foxy CONDA_PROMPT_MODIFIER=(base) /usr/bin/cmake --build /home/simteamq/Desktop/SEAL/build/mapping -- -j12 -l12
[8.263s] DEBUG:colcon.colcon_core.event_handler.log_command:Invoked command in '/home/simteamq/Desktop/SEAL/build/localization' returned '0': CMAKE_PREFIX_PATH=${CMAKE_PREFIX_PATH}:/home/simteamq/Desktop/SEAL/install/urdf_tutorial_r2d2:/opt/ros/foxy CONDA_PROMPT_MODIFIER=(base) /usr/bin/cmake --build /home/simteamq/Desktop/SEAL/build/localization -- -j12 -l12
[8.312s] DEBUG:colcon.colcon_core.event_handler.log_command:Invoking command in '/home/simteamq/Desktop/SEAL/build/mapping': CMAKE_PREFIX_PATH=${CMAKE_PREFIX_PATH}:/home/simteamq/Desktop/SEAL/install/urdf_tutorial_r2d2:/opt/ros/foxy CONDA_PROMPT_MODIFIER=(base) /usr/bin/cmake --install /home/simteamq/Desktop/SEAL/build/mapping
[8.318s] DEBUG:colcon.colcon_core.event_handler.log_command:Invoking command in '/home/simteamq/Desktop/SEAL/build/localization': CMAKE_PREFIX_PATH=${CMAKE_PREFIX_PATH}:/home/simteamq/Desktop/SEAL/install/urdf_tutorial_r2d2:/opt/ros/foxy CONDA_PROMPT_MODIFIER=(base) /usr/bin/cmake --install /home/simteamq/Desktop/SEAL/build/localization
[8.327s] Level 1:colcon.colcon_core.environment:create_environment_scripts_only(mapping)
[8.329s] DEBUG:colcon.colcon_core.event_handler.log_command:Invoked command in '/home/simteamq/Desktop/SEAL/build/mapping' returned '0': CMAKE_PREFIX_PATH=${CMAKE_PREFIX_PATH}:/home/simteamq/Desktop/SEAL/install/urdf_tutorial_r2d2:/opt/ros/foxy CONDA_PROMPT_MODIFIER=(base) /usr/bin/cmake --install /home/simteamq/Desktop/SEAL/build/mapping
[8.445s] Level 1:colcon.colcon_core.environment:checking '/home/simteamq/Desktop/SEAL/install/mapping' for CMake module files
[8.445s] Level 1:colcon.colcon_core.environment:checking '/home/simteamq/Desktop/SEAL/install/mapping' for CMake config files
[8.446s] Level 1:colcon.colcon_core.shell:create_environment_hook('mapping', 'cmake_prefix_path')
[8.533s] INFO:colcon.colcon_core.shell:Creating environment hook '/home/simteamq/Desktop/SEAL/install/mapping/share/mapping/hook/cmake_prefix_path.ps1'
[8.534s] INFO:colcon.colcon_core.shell:Creating environment descriptor '/home/simteamq/Desktop/SEAL/install/mapping/share/mapping/hook/cmake_prefix_path.dsv'
[8.534s] INFO:colcon.colcon_core.shell:Creating environment hook '/home/simteamq/Desktop/SEAL/install/mapping/share/mapping/hook/cmake_prefix_path.sh'
[8.535s] Level 1:colcon.colcon_core.environment:checking '/home/simteamq/Desktop/SEAL/install/mapping/lib'
[8.536s] Level 1:colcon.colcon_core.environment:checking '/home/simteamq/Desktop/SEAL/install/mapping/bin'
[8.536s] Level 1:colcon.colcon_core.environment:checking '/home/simteamq/Desktop/SEAL/install/mapping/lib/pkgconfig/mapping.pc'
[8.536s] Level 1:colcon.colcon_core.environment:checking '/home/simteamq/Desktop/SEAL/install/mapping/lib/python3.8/site-packages'
[8.536s] Level 1:colcon.colcon_core.environment:checking '/home/simteamq/Desktop/SEAL/install/mapping/bin'
[8.648s] INFO:colcon.colcon_core.shell:Creating package script '/home/simteamq/Desktop/SEAL/install/mapping/share/mapping/package.ps1'
[8.650s] INFO:colcon.colcon_core.shell:Creating package descriptor '/home/simteamq/Desktop/SEAL/install/mapping/share/mapping/package.dsv'
[8.651s] INFO:colcon.colcon_core.shell:Creating package script '/home/simteamq/Desktop/SEAL/install/mapping/share/mapping/package.sh'
[8.652s] INFO:colcon.colcon_core.shell:Creating package script '/home/simteamq/Desktop/SEAL/install/mapping/share/mapping/package.bash'
[8.654s] INFO:colcon.colcon_core.shell:Creating package script '/home/simteamq/Desktop/SEAL/install/mapping/share/mapping/package.zsh'
[8.655s] Level 1:colcon.colcon_core.environment:create_file_with_runtime_dependencies(/home/simteamq/Desktop/SEAL/install/mapping/share/colcon-core/packages/mapping)
[8.662s] Level 1:colcon.colcon_core.environment:create_environment_scripts_only(localization)
[8.664s] DEBUG:colcon.colcon_core.event_handler.log_command:Invoked command in '/home/simteamq/Desktop/SEAL/build/localization' returned '0': CMAKE_PREFIX_PATH=${CMAKE_PREFIX_PATH}:/home/simteamq/Desktop/SEAL/install/urdf_tutorial_r2d2:/opt/ros/foxy CONDA_PROMPT_MODIFIER=(base) /usr/bin/cmake --install /home/simteamq/Desktop/SEAL/build/localization
[8.759s] Level 1:colcon.colcon_core.environment:checking '/home/simteamq/Desktop/SEAL/install/localization' for CMake module files
[8.760s] Level 1:colcon.colcon_core.environment:checking '/home/simteamq/Desktop/SEAL/install/localization' for CMake config files
[8.760s] Level 1:colcon.colcon_core.shell:create_environment_hook('localization', 'cmake_prefix_path')
[8.852s] INFO:colcon.colcon_core.shell:Creating environment hook '/home/simteamq/Desktop/SEAL/install/localization/share/localization/hook/cmake_prefix_path.ps1'
[8.853s] INFO:colcon.colcon_core.shell:Creating environment descriptor '/home/simteamq/Desktop/SEAL/install/localization/share/localization/hook/cmake_prefix_path.dsv'
[8.853s] INFO:colcon.colcon_core.shell:Creating environment hook '/home/simteamq/Desktop/SEAL/install/localization/share/localization/hook/cmake_prefix_path.sh'
[8.854s] Level 1:colcon.colcon_core.environment:checking '/home/simteamq/Desktop/SEAL/install/localization/lib'
[8.854s] Level 1:colcon.colcon_core.environment:checking '/home/simteamq/Desktop/SEAL/install/localization/bin'
[8.855s] Level 1:colcon.colcon_core.environment:checking '/home/simteamq/Desktop/SEAL/install/localization/lib/pkgconfig/localization.pc'
[8.855s] Level 1:colcon.colcon_core.environment:checking '/home/simteamq/Desktop/SEAL/install/localization/lib/python3.8/site-packages'
[8.855s] Level 1:colcon.colcon_core.environment:checking '/home/simteamq/Desktop/SEAL/install/localization/bin'
[8.945s] INFO:colcon.colcon_core.shell:Creating package script '/home/simteamq/Desktop/SEAL/install/localization/share/localization/package.ps1'
[8.946s] INFO:colcon.colcon_core.shell:Creating package descriptor '/home/simteamq/Desktop/SEAL/install/localization/share/localization/package.dsv'
[8.946s] INFO:colcon.colcon_core.shell:Creating package script '/home/simteamq/Desktop/SEAL/install/localization/share/localization/package.sh'
[8.947s] INFO:colcon.colcon_core.shell:Creating package script '/home/simteamq/Desktop/SEAL/install/localization/share/localization/package.bash'
[8.947s] INFO:colcon.colcon_core.shell:Creating package script '/home/simteamq/Desktop/SEAL/install/localization/share/localization/package.zsh'
[8.948s] Level 1:colcon.colcon_core.environment:create_file_with_runtime_dependencies(/home/simteamq/Desktop/SEAL/install/localization/share/colcon-core/packages/localization)
[9.043s] Level 1:colcon.colcon_core.environment:create_environment_scripts_only(mapping)
[9.133s] Level 1:colcon.colcon_core.environment:checking '/home/simteamq/Desktop/SEAL/install/mapping' for CMake module files
[9.134s] Level 1:colcon.colcon_core.environment:checking '/home/simteamq/Desktop/SEAL/install/mapping' for CMake config files
[9.134s] Level 1:colcon.colcon_core.shell:create_environment_hook('mapping', 'cmake_prefix_path')
[9.211s] INFO:colcon.colcon_core.shell:Creating environment hook '/home/simteamq/Desktop/SEAL/install/mapping/share/mapping/hook/cmake_prefix_path.ps1'
[9.212s] INFO:colcon.colcon_core.shell:Creating environment descriptor '/home/simteamq/Desktop/SEAL/install/mapping/share/mapping/hook/cmake_prefix_path.dsv'
[9.213s] INFO:colcon.colcon_core.shell:Creating environment hook '/home/simteamq/Desktop/SEAL/install/mapping/share/mapping/hook/cmake_prefix_path.sh'
[9.214s] Level 1:colcon.colcon_core.environment:checking '/home/simteamq/Desktop/SEAL/install/mapping/lib'
[9.214s] Level 1:colcon.colcon_core.environment:checking '/home/simteamq/Desktop/SEAL/install/mapping/bin'
[9.214s] Level 1:colcon.colcon_core.environment:checking '/home/simteamq/Desktop/SEAL/install/mapping/lib/pkgconfig/mapping.pc'
[9.214s] Level 1:colcon.colcon_core.environment:checking '/home/simteamq/Desktop/SEAL/install/mapping/lib/python3.8/site-packages'
[9.214s] Level 1:colcon.colcon_core.environment:checking '/home/simteamq/Desktop/SEAL/install/mapping/bin'
[9.298s] INFO:colcon.colcon_core.shell:Creating package script '/home/simteamq/Desktop/SEAL/install/mapping/share/mapping/package.ps1'
[9.299s] INFO:colcon.colcon_core.shell:Creating package descriptor '/home/simteamq/Desktop/SEAL/install/mapping/share/mapping/package.dsv'
[9.300s] INFO:colcon.colcon_core.shell:Creating package script '/home/simteamq/Desktop/SEAL/install/mapping/share/mapping/package.sh'
[9.301s] INFO:colcon.colcon_core.shell:Creating package script '/home/simteamq/Desktop/SEAL/install/mapping/share/mapping/package.bash'
[9.302s] INFO:colcon.colcon_core.shell:Creating package script '/home/simteamq/Desktop/SEAL/install/mapping/share/mapping/package.zsh'
[9.302s] Level 1:colcon.colcon_core.environment:create_file_with_runtime_dependencies(/home/simteamq/Desktop/SEAL/install/mapping/share/colcon-core/packages/mapping)
[9.311s] DEBUG:colcon.colcon_core.event_handler.log_command:Invoking command in '/home/simteamq/Desktop/SEAL/bzik': CONDA_PROMPT_MODIFIER=(base) PYTHONPATH=/home/simteamq/Desktop/SEAL/build/urdf_tutorial_r2d2/prefix_override:/home/simteamq/Desktop/SEAL/install/urdf_tutorial_r2d2/lib/python3.8/site-packages:${PYTHONPATH} /usr/bin/python3 setup.py egg_info --egg-base ../build/urdf_tutorial_r2d2 build --build-base /home/simteamq/Desktop/SEAL/build/urdf_tutorial_r2d2/build install --record /home/simteamq/Desktop/SEAL/build/urdf_tutorial_r2d2/install.log --install-scripts $base/lib/urdf_tutorial_r2d2 --single-version-externally-managed
[9.401s] Level 1:colcon.colcon_core.environment:create_environment_scripts_only(localization)
[9.496s] Level 1:colcon.colcon_core.environment:checking '/home/simteamq/Desktop/SEAL/install/localization' for CMake module files
[9.497s] Level 1:colcon.colcon_core.environment:checking '/home/simteamq/Desktop/SEAL/install/localization' for CMake config files
[9.497s] Level 1:colcon.colcon_core.shell:create_environment_hook('localization', 'cmake_prefix_path')
[9.589s] INFO:colcon.colcon_core.shell:Creating environment hook '/home/simteamq/Desktop/SEAL/install/localization/share/localization/hook/cmake_prefix_path.ps1'
[9.590s] INFO:colcon.colcon_core.shell:Creating environment descriptor '/home/simteamq/Desktop/SEAL/install/localization/share/localization/hook/cmake_prefix_path.dsv'
[9.591s] INFO:colcon.colcon_core.shell:Creating environment hook '/home/simteamq/Desktop/SEAL/install/localization/share/localization/hook/cmake_prefix_path.sh'
[9.591s] Level 1:colcon.colcon_core.environment:checking '/home/simteamq/Desktop/SEAL/install/localization/lib'
[9.592s] Level 1:colcon.colcon_core.environment:checking '/home/simteamq/Desktop/SEAL/install/localization/bin'
[9.592s] Level 1:colcon.colcon_core.environment:checking '/home/simteamq/Desktop/SEAL/install/localization/lib/pkgconfig/localization.pc'
[9.592s] Level 1:colcon.colcon_core.environment:checking '/home/simteamq/Desktop/SEAL/install/localization/lib/python3.8/site-packages'
[9.592s] Level 1:colcon.colcon_core.environment:checking '/home/simteamq/Desktop/SEAL/install/localization/bin'
[9.682s] INFO:colcon.colcon_core.shell:Creating package script '/home/simteamq/Desktop/SEAL/install/localization/share/localization/package.ps1'
[9.683s] INFO:colcon.colcon_core.shell:Creating package descriptor '/home/simteamq/Desktop/SEAL/install/localization/share/localization/package.dsv'
[9.684s] INFO:colcon.colcon_core.shell:Creating package script '/home/simteamq/Desktop/SEAL/install/localization/share/localization/package.sh'
[9.684s] INFO:colcon.colcon_core.shell:Creating package script '/home/simteamq/Desktop/SEAL/install/localization/share/localization/package.bash'
[9.685s] INFO:colcon.colcon_core.shell:Creating package script '/home/simteamq/Desktop/SEAL/install/localization/share/localization/package.zsh'
[9.686s] Level 1:colcon.colcon_core.environment:create_file_with_runtime_dependencies(/home/simteamq/Desktop/SEAL/install/localization/share/colcon-core/packages/localization)
[9.808s] DEBUG:colcon.colcon_core.event_handler.log_command:Invoked command in '/home/simteamq/Desktop/SEAL/bzik' returned '0': CONDA_PROMPT_MODIFIER=(base) PYTHONPATH=/home/simteamq/Desktop/SEAL/build/urdf_tutorial_r2d2/prefix_override:/home/simteamq/Desktop/SEAL/install/urdf_tutorial_r2d2/lib/python3.8/site-packages:${PYTHONPATH} /usr/bin/python3 setup.py egg_info --egg-base ../build/urdf_tutorial_r2d2 build --build-base /home/simteamq/Desktop/SEAL/build/urdf_tutorial_r2d2/build install --record /home/simteamq/Desktop/SEAL/build/urdf_tutorial_r2d2/install.log --install-scripts $base/lib/urdf_tutorial_r2d2 --single-version-externally-managed
[9.898s] Level 1:colcon.colcon_core.environment:checking '/home/simteamq/Desktop/SEAL/install/urdf_tutorial_r2d2' for CMake module files
[9.899s] Level 1:colcon.colcon_core.environment:checking '/home/simteamq/Desktop/SEAL/install/urdf_tutorial_r2d2' for CMake config files
[9.899s] Level 1:colcon.colcon_core.environment:checking '/home/simteamq/Desktop/SEAL/install/urdf_tutorial_r2d2/lib'
[9.899s] Level 1:colcon.colcon_core.environment:checking '/home/simteamq/Desktop/SEAL/install/urdf_tutorial_r2d2/bin'
[9.900s] Level 1:colcon.colcon_core.environment:checking '/home/simteamq/Desktop/SEAL/install/urdf_tutorial_r2d2/lib/pkgconfig/urdf_tutorial_r2d2.pc'
[9.900s] Level 1:colcon.colcon_core.environment:checking '/home/simteamq/Desktop/SEAL/install/urdf_tutorial_r2d2/lib/python3.8/site-packages'
[9.900s] Level 1:colcon.colcon_core.shell:create_environment_hook('urdf_tutorial_r2d2', 'pythonpath')
[9.988s] INFO:colcon.colcon_core.shell:Creating environment hook '/home/simteamq/Desktop/SEAL/install/urdf_tutorial_r2d2/share/urdf_tutorial_r2d2/hook/pythonpath.ps1'
[9.989s] INFO:colcon.colcon_core.shell:Creating environment descriptor '/home/simteamq/Desktop/SEAL/install/urdf_tutorial_r2d2/share/urdf_tutorial_r2d2/hook/pythonpath.dsv'
[9.989s] INFO:colcon.colcon_core.shell:Creating environment hook '/home/simteamq/Desktop/SEAL/install/urdf_tutorial_r2d2/share/urdf_tutorial_r2d2/hook/pythonpath.sh'
[9.990s] Level 1:colcon.colcon_core.environment:checking '/home/simteamq/Desktop/SEAL/install/urdf_tutorial_r2d2/bin'
[9.990s] Level 1:colcon.colcon_core.environment:create_environment_scripts_only(urdf_tutorial_r2d2)
[10.085s] INFO:colcon.colcon_core.shell:Creating package script '/home/simteamq/Desktop/SEAL/install/urdf_tutorial_r2d2/share/urdf_tutorial_r2d2/package.ps1'
[10.086s] INFO:colcon.colcon_core.shell:Creating package descriptor '/home/simteamq/Desktop/SEAL/install/urdf_tutorial_r2d2/share/urdf_tutorial_r2d2/package.dsv'
[10.086s] INFO:colcon.colcon_core.shell:Creating package script '/home/simteamq/Desktop/SEAL/install/urdf_tutorial_r2d2/share/urdf_tutorial_r2d2/package.sh'
[10.087s] INFO:colcon.colcon_core.shell:Creating package script '/home/simteamq/Desktop/SEAL/install/urdf_tutorial_r2d2/share/urdf_tutorial_r2d2/package.bash'
[10.087s] INFO:colcon.colcon_core.shell:Creating package script '/home/simteamq/Desktop/SEAL/install/urdf_tutorial_r2d2/share/urdf_tutorial_r2d2/package.zsh'
[10.088s] Level 1:colcon.colcon_core.environment:create_file_with_runtime_dependencies(/home/simteamq/Desktop/SEAL/install/urdf_tutorial_r2d2/share/colcon-core/packages/urdf_tutorial_r2d2)
[10.089s] DEBUG:colcon.colcon_parallel_executor.executor.parallel:closing loop
[10.089s] DEBUG:colcon.colcon_parallel_executor.executor.parallel:loop closed
[10.089s] DEBUG:colcon.colcon_parallel_executor.executor.parallel:run_until_complete finished with '0'
[10.090s] DEBUG:colcon.colcon_core.event_reactor:joining thread
[10.186s] INFO:colcon.colcon_core.plugin_system:Skipping extension 'colcon_notification.desktop_notification.terminal_notifier': Not used on non-Darwin systems
[10.187s] INFO:colcon.colcon_core.plugin_system:Skipping extension 'colcon_notification.desktop_notification.win32': Not used on non-Windows systems
[10.187s] INFO:colcon.colcon_notification.desktop_notification:Sending desktop notification using 'notify2'
[10.209s] DEBUG:colcon.colcon_core.event_reactor:joined thread
[10.313s] INFO:colcon.colcon_core.shell:Creating prefix script '/home/simteamq/Desktop/SEAL/install/local_setup.ps1'
[10.315s] INFO:colcon.colcon_core.shell:Creating prefix util module '/home/simteamq/Desktop/SEAL/install/_local_setup_util_ps1.py'
[10.316s] INFO:colcon.colcon_core.shell:Creating prefix chain script '/home/simteamq/Desktop/SEAL/install/setup.ps1'
[10.405s] INFO:colcon.colcon_core.shell:Creating prefix script '/home/simteamq/Desktop/SEAL/install/local_setup.sh'
[10.406s] INFO:colcon.colcon_core.shell:Creating prefix util module '/home/simteamq/Desktop/SEAL/install/_local_setup_util_sh.py'
[10.406s] INFO:colcon.colcon_core.shell:Creating prefix chain script '/home/simteamq/Desktop/SEAL/install/setup.sh'
[10.490s] INFO:colcon.colcon_core.shell:Creating prefix script '/home/simteamq/Desktop/SEAL/install/local_setup.bash'
[10.491s] INFO:colcon.colcon_core.shell:Creating prefix chain script '/home/simteamq/Desktop/SEAL/install/setup.bash'
[10.570s] INFO:colcon.colcon_core.shell:Creating prefix script '/home/simteamq/Desktop/SEAL/install/local_setup.zsh'
[10.571s] INFO:colcon.colcon_core.shell:Creating prefix chain script '/home/simteamq/Desktop/SEAL/install/setup.zsh'
