[1.860s] Invoking command in '/home/simteamq/Desktop/SEAL/bzik': CONDA_PROMPT_MODIFIER=(base) PYTHONPATH=/home/simteamq/Desktop/SEAL/bzik/build/urdf_tutorial_r2d2/prefix_override:/home/simteamq/Desktop/SEAL/bzik/install/urdf_tutorial_r2d2/lib/python3.8/site-packages:${PYTHONPATH} /usr/bin/python3 setup.py egg_info --egg-base build/urdf_tutorial_r2d2 build --build-base /home/simteamq/Desktop/SEAL/bzik/build/urdf_tutorial_r2d2/build install --record /home/simteamq/Desktop/SEAL/bzik/build/urdf_tutorial_r2d2/install.log --install-scripts $base/lib/urdf_tutorial_r2d2 --single-version-externally-managed
[2.249s] running egg_info
[2.249s] writing build/urdf_tutorial_r2d2/urdf_tutorial_r2d2.egg-info/PKG-INFO
[2.250s] writing dependency_links to build/urdf_tutorial_r2d2/urdf_tutorial_r2d2.egg-info/dependency_links.txt
[2.250s] writing entry points to build/urdf_tutorial_r2d2/urdf_tutorial_r2d2.egg-info/entry_points.txt
[2.250s] writing requirements to build/urdf_tutorial_r2d2/urdf_tutorial_r2d2.egg-info/requires.txt
[2.250s] writing top-level names to build/urdf_tutorial_r2d2/urdf_tutorial_r2d2.egg-info/top_level.txt
[2.300s] reading manifest file 'build/urdf_tutorial_r2d2/urdf_tutorial_r2d2.egg-info/SOURCES.txt'
[2.301s] writing manifest file 'build/urdf_tutorial_r2d2/urdf_tutorial_r2d2.egg-info/SOURCES.txt'
[2.301s] running build
[2.301s] running build_py
[2.302s] copying urdf_tutorial_r2d2/state_publisher.py -> /home/simteamq/Desktop/SEAL/bzik/build/urdf_tutorial_r2d2/build/lib/urdf_tutorial_r2d2
[2.302s] running install
[2.303s] running install_lib
[2.304s] copying /home/simteamq/Desktop/SEAL/bzik/build/urdf_tutorial_r2d2/build/lib/urdf_tutorial_r2d2/state_publisher.py -> /home/simteamq/Desktop/SEAL/bzik/install/urdf_tutorial_r2d2/lib/python3.8/site-packages/urdf_tutorial_r2d2
[2.305s] byte-compiling /home/simteamq/Desktop/SEAL/bzik/install/urdf_tutorial_r2d2/lib/python3.8/site-packages/urdf_tutorial_r2d2/state_publisher.py to state_publisher.cpython-38.pyc
[2.308s] running install_data
[2.309s] running install_egg_info
[2.312s] removing '/home/simteamq/Desktop/SEAL/bzik/install/urdf_tutorial_r2d2/lib/python3.8/site-packages/urdf_tutorial_r2d2-0.0.0-py3.8.egg-info' (and everything under it)
[2.312s] Copying build/urdf_tutorial_r2d2/urdf_tutorial_r2d2.egg-info to /home/simteamq/Desktop/SEAL/bzik/install/urdf_tutorial_r2d2/lib/python3.8/site-packages/urdf_tutorial_r2d2-0.0.0-py3.8.egg-info
[2.313s] running install_scripts
[2.337s] Installing state_publisher script to /home/simteamq/Desktop/SEAL/bzik/install/urdf_tutorial_r2d2/lib/urdf_tutorial_r2d2
[2.337s] writing list of installed files to '/home/simteamq/Desktop/SEAL/bzik/build/urdf_tutorial_r2d2/install.log'
[2.364s] Invoked command in '/home/simteamq/Desktop/SEAL/bzik' returned '0': CONDA_PROMPT_MODIFIER=(base) PYTHONPATH=/home/simteamq/Desktop/SEAL/bzik/build/urdf_tutorial_r2d2/prefix_override:/home/simteamq/Desktop/SEAL/bzik/install/urdf_tutorial_r2d2/lib/python3.8/site-packages:${PYTHONPATH} /usr/bin/python3 setup.py egg_info --egg-base build/urdf_tutorial_r2d2 build --build-base /home/simteamq/Desktop/SEAL/bzik/build/urdf_tutorial_r2d2/build install --record /home/simteamq/Desktop/SEAL/bzik/build/urdf_tutorial_r2d2/install.log --install-scripts $base/lib/urdf_tutorial_r2d2 --single-version-externally-managed
