[3.907s] DEBUG:colcon:Command line arguments: ['/usr/bin/colcon', 'build']
[3.907s] DEBUG:colcon:Parsed command line arguments: Namespace(allow_overriding=[], ament_cmake_args=None, base_paths=['.'], build_base='build', catkin_cmake_args=None, catkin_skip_building_tests=False, cmake_args=None, cmake_clean_cache=False, cmake_clean_first=False, cmake_force_configure=False, cmake_target=None, cmake_target_skip_unavailable=False, continue_on_error=False, event_handlers=None, executor='parallel', ignore_user_meta=False, install_base='install', log_base=None, log_level=None, main=<bound method BuildVerb.main of <colcon_core.verb.build.BuildVerb object at 0x7f285f148430>>, merge_install=False, metas=['./colcon.meta'], packages_above=None, packages_above_and_dependencies=None, packages_above_depth=None, packages_end=None, packages_ignore=None, packages_ignore_regex=None, packages_select=None, packages_select_build_failed=False, packages_select_by_dep=None, packages_select_regex=None, packages_select_test_failures=False, packages_skip=None, packages_skip_build_finished=False, packages_skip_by_dep=None, packages_skip_regex=None, packages_skip_test_passed=False, packages_skip_up_to=None, packages_start=None, packages_up_to=None, packages_up_to_regex=None, parallel_workers=12, paths=None, symlink_install=False, test_result_base=None, verb_extension=<colcon_core.verb.build.BuildVerb object at 0x7f285f148430>, verb_name='build', verb_parser=<colcon_defaults.argument_parser.defaults.DefaultArgumentsDecorator object at 0x7f285f16c1f0>)
[4.062s] Level 1:colcon.colcon_core.package_discovery:discover_packages(colcon_meta) check parameters
[4.062s] Level 1:colcon.colcon_core.package_discovery:discover_packages(recursive) check parameters
[4.062s] Level 1:colcon.colcon_core.package_discovery:discover_packages(ignore) check parameters
[4.062s] Level 1:colcon.colcon_core.package_discovery:discover_packages(path) check parameters
[4.062s] Level 1:colcon.colcon_core.package_discovery:discover_packages(colcon_meta) discover
[4.062s] Level 1:colcon.colcon_core.package_discovery:discover_packages(recursive) discover
[4.062s] INFO:colcon.colcon_core.package_discovery:Crawling recursively for packages in '/home/simteamq/Desktop/SEAL/localization2'
[4.062s] Level 1:colcon.colcon_core.package_identification:_identify(.) by extensions ['ignore', 'ignore_ament_install']
[4.062s] Level 1:colcon.colcon_core.package_identification:_identify(.) by extension 'ignore'
[4.063s] Level 1:colcon.colcon_core.package_identification:_identify(.) by extension 'ignore_ament_install'
[4.063s] Level 1:colcon.colcon_core.package_identification:_identify(.) by extensions ['colcon_pkg']
[4.063s] Level 1:colcon.colcon_core.package_identification:_identify(.) by extension 'colcon_pkg'
[4.063s] Level 1:colcon.colcon_core.package_identification:_identify(.) by extensions ['colcon_meta']
[4.063s] Level 1:colcon.colcon_core.package_identification:_identify(.) by extension 'colcon_meta'
[4.063s] Level 1:colcon.colcon_core.package_identification:_identify(.) by extensions ['ros']
[4.063s] Level 1:colcon.colcon_core.package_identification:_identify(.) by extension 'ros'
[4.078s] DEBUG:colcon.colcon_core.package_identification:Package '.' with type 'ros.ament_cmake' and name 'localization2'
[4.078s] Level 1:colcon.colcon_core.package_discovery:discover_packages(recursive) using defaults
[4.078s] Level 1:colcon.colcon_core.package_discovery:discover_packages(ignore) discover
[4.078s] Level 1:colcon.colcon_core.package_discovery:discover_packages(ignore) using defaults
[4.078s] Level 1:colcon.colcon_core.package_discovery:discover_packages(path) discover
[4.078s] Level 1:colcon.colcon_core.package_discovery:discover_packages(path) using defaults
[4.428s] Level 1:colcon.colcon_core.package_discovery:discover_packages(prefix_path) check parameters
[4.428s] Level 1:colcon.colcon_core.package_discovery:discover_packages(prefix_path) discover
[4.498s] WARNING:colcon.colcon_core.prefix_path.colcon:The path '/home/simteamq/Desktop/SEAL/install' in the environment variable COLCON_PREFIX_PATH doesn't exist
[4.499s] WARNING:colcon.colcon_ros.prefix_path.ament:The path '/home/simteamq/Desktop/SEAL/install/mapping' in the environment variable AMENT_PREFIX_PATH doesn't exist
[4.499s] WARNING:colcon.colcon_ros.prefix_path.catkin:The path '/home/simteamq/Desktop/SEAL/install/mapping' in the environment variable CMAKE_PREFIX_PATH doesn't exist
[4.582s] DEBUG:colcon.colcon_installed_package_information.package_discovery:Found 1 installed packages in /home/simteamq/Desktop/SEAL/localization/install
[4.649s] DEBUG:colcon.colcon_installed_package_information.package_discovery:Found 256 installed packages in /opt/ros/foxy
[4.651s] Level 1:colcon.colcon_core.package_discovery:discover_packages(prefix_path) using defaults
[4.867s] Level 5:colcon.colcon_core.verb:set package 'localization2' build argument 'cmake_args' from command line to 'None'
[4.867s] Level 5:colcon.colcon_core.verb:set package 'localization2' build argument 'cmake_target' from command line to 'None'
[4.867s] Level 5:colcon.colcon_core.verb:set package 'localization2' build argument 'cmake_target_skip_unavailable' from command line to 'False'
[4.868s] Level 5:colcon.colcon_core.verb:set package 'localization2' build argument 'cmake_clean_cache' from command line to 'False'
[4.868s] Level 5:colcon.colcon_core.verb:set package 'localization2' build argument 'cmake_clean_first' from command line to 'False'
[4.868s] Level 5:colcon.colcon_core.verb:set package 'localization2' build argument 'cmake_force_configure' from command line to 'False'
[4.868s] Level 5:colcon.colcon_core.verb:set package 'localization2' build argument 'ament_cmake_args' from command line to 'None'
[4.868s] Level 5:colcon.colcon_core.verb:set package 'localization2' build argument 'catkin_cmake_args' from command line to 'None'
[4.868s] Level 5:colcon.colcon_core.verb:set package 'localization2' build argument 'catkin_skip_building_tests' from command line to 'False'
[4.868s] DEBUG:colcon.colcon_core.verb:Building package 'localization2' with the following arguments: {'ament_cmake_args': None, 'build_base': '/home/simteamq/Desktop/SEAL/localization2/build/localization2', 'catkin_cmake_args': None, 'catkin_skip_building_tests': False, 'cmake_args': None, 'cmake_clean_cache': False, 'cmake_clean_first': False, 'cmake_force_configure': False, 'cmake_target': None, 'cmake_target_skip_unavailable': False, 'install_base': '/home/simteamq/Desktop/SEAL/localization2/install/localization2', 'merge_install': False, 'path': '/home/simteamq/Desktop/SEAL/localization2', 'symlink_install': False, 'test_result_base': None}
[4.933s] INFO:colcon.colcon_core.executor:Executing jobs using 'parallel' executor
[5.002s] DEBUG:colcon.colcon_parallel_executor.executor.parallel:run_until_complete
[5.002s] INFO:colcon.colcon_ros.task.ament_cmake.build:Building ROS package in '/home/simteamq/Desktop/SEAL/localization2' with build type 'ament_cmake'
[5.002s] INFO:colcon.colcon_cmake.task.cmake.build:Building CMake package in '/home/simteamq/Desktop/SEAL/localization2'
[5.073s] INFO:colcon.colcon_core.plugin_system:Skipping extension 'colcon_core.shell.bat': Not used on non-Windows systems
[5.073s] INFO:colcon.colcon_core.shell:Skip shell extension 'powershell' for command environment: Not usable outside of PowerShell
[5.073s] DEBUG:colcon.colcon_core.shell:Skip shell extension 'dsv' for command environment
[5.303s] DEBUG:colcon.colcon_core.event_handler.log_command:Invoking command in '/home/simteamq/Desktop/SEAL/localization2/build/localization2': CMAKE_PREFIX_PATH=${CMAKE_PREFIX_PATH}:/opt/ros/foxy CONDA_PROMPT_MODIFIER=(base) /usr/bin/cmake --build /home/simteamq/Desktop/SEAL/localization2/build/localization2 -- -j12 -l12
[6.947s] DEBUG:colcon.colcon_core.event_handler.log_command:Invoked command in '/home/simteamq/Desktop/SEAL/localization2/build/localization2' returned '2': CMAKE_PREFIX_PATH=${CMAKE_PREFIX_PATH}:/opt/ros/foxy CONDA_PROMPT_MODIFIER=(base) /usr/bin/cmake --build /home/simteamq/Desktop/SEAL/localization2/build/localization2 -- -j12 -l12
[7.101s] Level 1:colcon.colcon_core.environment:create_environment_scripts_only(localization2)
[7.194s] Level 1:colcon.colcon_core.environment:checking '/home/simteamq/Desktop/SEAL/localization2/install/localization2' for CMake module files
[7.195s] Level 1:colcon.colcon_core.environment:checking '/home/simteamq/Desktop/SEAL/localization2/install/localization2' for CMake config files
[7.195s] Level 1:colcon.colcon_core.shell:create_environment_hook('localization2', 'cmake_prefix_path')
[7.284s] INFO:colcon.colcon_core.shell:Creating environment hook '/home/simteamq/Desktop/SEAL/localization2/install/localization2/share/localization2/hook/cmake_prefix_path.ps1'
[7.285s] INFO:colcon.colcon_core.shell:Creating environment descriptor '/home/simteamq/Desktop/SEAL/localization2/install/localization2/share/localization2/hook/cmake_prefix_path.dsv'
[7.285s] INFO:colcon.colcon_core.shell:Creating environment hook '/home/simteamq/Desktop/SEAL/localization2/install/localization2/share/localization2/hook/cmake_prefix_path.sh'
[7.287s] Level 1:colcon.colcon_core.environment:checking '/home/simteamq/Desktop/SEAL/localization2/install/localization2/lib'
[7.287s] Level 1:colcon.colcon_core.environment:checking '/home/simteamq/Desktop/SEAL/localization2/install/localization2/bin'
[7.287s] Level 1:colcon.colcon_core.environment:checking '/home/simteamq/Desktop/SEAL/localization2/install/localization2/lib/pkgconfig/localization2.pc'
[7.287s] Level 1:colcon.colcon_core.environment:checking '/home/simteamq/Desktop/SEAL/localization2/install/localization2/lib/python3.8/site-packages'
[7.288s] Level 1:colcon.colcon_core.environment:checking '/home/simteamq/Desktop/SEAL/localization2/install/localization2/bin'
[7.376s] INFO:colcon.colcon_core.shell:Creating package script '/home/simteamq/Desktop/SEAL/localization2/install/localization2/share/localization2/package.ps1'
[7.378s] INFO:colcon.colcon_core.shell:Creating package descriptor '/home/simteamq/Desktop/SEAL/localization2/install/localization2/share/localization2/package.dsv'
[7.378s] INFO:colcon.colcon_core.shell:Creating package script '/home/simteamq/Desktop/SEAL/localization2/install/localization2/share/localization2/package.sh'
[7.380s] INFO:colcon.colcon_core.shell:Creating package script '/home/simteamq/Desktop/SEAL/localization2/install/localization2/share/localization2/package.bash'
[7.381s] INFO:colcon.colcon_core.shell:Creating package script '/home/simteamq/Desktop/SEAL/localization2/install/localization2/share/localization2/package.zsh'
[7.382s] Level 1:colcon.colcon_core.environment:create_file_with_runtime_dependencies(/home/simteamq/Desktop/SEAL/localization2/install/localization2/share/colcon-core/packages/localization2)
[7.393s] DEBUG:colcon.colcon_parallel_executor.executor.parallel:closing loop
[7.393s] DEBUG:colcon.colcon_parallel_executor.executor.parallel:loop closed
[7.393s] DEBUG:colcon.colcon_parallel_executor.executor.parallel:run_until_complete finished with '2'
[7.394s] DEBUG:colcon.colcon_core.event_reactor:joining thread
[7.495s] INFO:colcon.colcon_core.plugin_system:Skipping extension 'colcon_notification.desktop_notification.terminal_notifier': Not used on non-Darwin systems
[7.495s] INFO:colcon.colcon_core.plugin_system:Skipping extension 'colcon_notification.desktop_notification.win32': Not used on non-Windows systems
[7.495s] INFO:colcon.colcon_notification.desktop_notification:Sending desktop notification using 'notify2'
[7.520s] DEBUG:colcon.colcon_core.event_reactor:joined thread
[7.611s] INFO:colcon.colcon_core.shell:Creating prefix script '/home/simteamq/Desktop/SEAL/localization2/install/local_setup.ps1'
[7.612s] INFO:colcon.colcon_core.shell:Creating prefix util module '/home/simteamq/Desktop/SEAL/localization2/install/_local_setup_util_ps1.py'
[7.614s] INFO:colcon.colcon_core.shell:Creating prefix chain script '/home/simteamq/Desktop/SEAL/localization2/install/setup.ps1'
[7.702s] INFO:colcon.colcon_core.shell:Creating prefix script '/home/simteamq/Desktop/SEAL/localization2/install/local_setup.sh'
[7.703s] INFO:colcon.colcon_core.shell:Creating prefix util module '/home/simteamq/Desktop/SEAL/localization2/install/_local_setup_util_sh.py'
[7.703s] INFO:colcon.colcon_core.shell:Creating prefix chain script '/home/simteamq/Desktop/SEAL/localization2/install/setup.sh'
[7.790s] INFO:colcon.colcon_core.shell:Creating prefix script '/home/simteamq/Desktop/SEAL/localization2/install/local_setup.bash'
[7.791s] INFO:colcon.colcon_core.shell:Creating prefix chain script '/home/simteamq/Desktop/SEAL/localization2/install/setup.bash'
[7.877s] INFO:colcon.colcon_core.shell:Creating prefix script '/home/simteamq/Desktop/SEAL/localization2/install/local_setup.zsh'
[7.877s] INFO:colcon.colcon_core.shell:Creating prefix chain script '/home/simteamq/Desktop/SEAL/localization2/install/setup.zsh'
