[0.300s] Invoking command in '/home/simteamq/Desktop/SEAL/localization2/build/localization2': CMAKE_PREFIX_PATH=${CMAKE_PREFIX_PATH}:/opt/ros/foxy CONDA_PROMPT_MODIFIER=(base) /usr/bin/cmake --build /home/simteamq/Desktop/SEAL/localization2/build/localization2 -- -j12 -l12
[0.392s] [100%] Built target odom_subscriber
[0.408s] Invoked command in '/home/simteamq/Desktop/SEAL/localization2/build/localization2' returned '0': CMAKE_PREFIX_PATH=${CMAKE_PREFIX_PATH}:/opt/ros/foxy CONDA_PROMPT_MODIFIER=(base) /usr/bin/cmake --build /home/simteamq/Desktop/SEAL/localization2/build/localization2 -- -j12 -l12
[0.475s] Invoking command in '/home/simteamq/Desktop/SEAL/localization2/build/localization2': CMAKE_PREFIX_PATH=${CMAKE_PREFIX_PATH}:/opt/ros/foxy CONDA_PROMPT_MODIFIER=(base) /usr/bin/cmake --install /home/simteamq/Desktop/SEAL/localization2/build/localization2
[0.483s] -- Install configuration: ""
[0.483s] -- Up-to-date: /home/simteamq/Desktop/SEAL/localization2/install/localization2/lib/localization2/odom_subscriber
[0.484s] -- Up-to-date: /home/simteamq/Desktop/SEAL/localization2/install/localization2/share/ament_index/resource_index/package_run_dependencies/localization2
[0.484s] -- Up-to-date: /home/simteamq/Desktop/SEAL/localization2/install/localization2/share/ament_index/resource_index/parent_prefix_path/localization2
[0.484s] -- Up-to-date: /home/simteamq/Desktop/SEAL/localization2/install/localization2/share/localization2/environment/ament_prefix_path.sh
[0.484s] -- Up-to-date: /home/simteamq/Desktop/SEAL/localization2/install/localization2/share/localization2/environment/ament_prefix_path.dsv
[0.485s] -- Up-to-date: /home/simteamq/Desktop/SEAL/localization2/install/localization2/share/localization2/environment/path.sh
[0.485s] -- Up-to-date: /home/simteamq/Desktop/SEAL/localization2/install/localization2/share/localization2/environment/path.dsv
[0.485s] -- Up-to-date: /home/simteamq/Desktop/SEAL/localization2/install/localization2/share/localization2/local_setup.bash
[0.485s] -- Up-to-date: /home/simteamq/Desktop/SEAL/localization2/install/localization2/share/localization2/local_setup.sh
[0.485s] -- Up-to-date: /home/simteamq/Desktop/SEAL/localization2/install/localization2/share/localization2/local_setup.zsh
[0.485s] -- Up-to-date: /home/simteamq/Desktop/SEAL/localization2/install/localization2/share/localization2/local_setup.dsv
[0.486s] -- Installing: /home/simteamq/Desktop/SEAL/localization2/install/localization2/share/localization2/package.dsv
[0.486s] -- Up-to-date: /home/simteamq/Desktop/SEAL/localization2/install/localization2/share/ament_index/resource_index/packages/localization2
[0.486s] -- Up-to-date: /home/simteamq/Desktop/SEAL/localization2/install/localization2/share/localization2/cmake/localization2Config.cmake
[0.486s] -- Up-to-date: /home/simteamq/Desktop/SEAL/localization2/install/localization2/share/localization2/cmake/localization2Config-version.cmake
[0.486s] -- Up-to-date: /home/simteamq/Desktop/SEAL/localization2/install/localization2/share/localization2/package.xml
[0.489s] Invoked command in '/home/simteamq/Desktop/SEAL/localization2/build/localization2' returned '0': CMAKE_PREFIX_PATH=${CMAKE_PREFIX_PATH}:/opt/ros/foxy CONDA_PROMPT_MODIFIER=(base) /usr/bin/cmake --install /home/simteamq/Desktop/SEAL/localization2/build/localization2
