[3.909s] DEBUG:colcon:Command line arguments: ['/usr/bin/colcon', 'build']
[3.909s] DEBUG:colcon:Parsed command line arguments: Namespace(allow_overriding=[], ament_cmake_args=None, base_paths=['.'], build_base='build', catkin_cmake_args=None, catkin_skip_building_tests=False, cmake_args=None, cmake_clean_cache=False, cmake_clean_first=False, cmake_force_configure=False, cmake_target=None, cmake_target_skip_unavailable=False, continue_on_error=False, event_handlers=None, executor='parallel', ignore_user_meta=False, install_base='install', log_base=None, log_level=None, main=<bound method BuildVerb.main of <colcon_core.verb.build.BuildVerb object at 0x7fdcda56b6d0>>, merge_install=False, metas=['./colcon.meta'], packages_above=None, packages_above_and_dependencies=None, packages_above_depth=None, packages_end=None, packages_ignore=None, packages_ignore_regex=None, packages_select=None, packages_select_build_failed=False, packages_select_by_dep=None, packages_select_regex=None, packages_select_test_failures=False, packages_skip=None, packages_skip_build_finished=False, packages_skip_by_dep=None, packages_skip_regex=None, packages_skip_test_passed=False, packages_skip_up_to=None, packages_start=None, packages_up_to=None, packages_up_to_regex=None, parallel_workers=12, paths=None, symlink_install=False, test_result_base=None, verb_extension=<colcon_core.verb.build.BuildVerb object at 0x7fdcda56b6d0>, verb_name='build', verb_parser=<colcon_defaults.argument_parser.defaults.DefaultArgumentsDecorator object at 0x7fdcda563c10>)
[4.072s] Level 1:colcon.colcon_core.package_discovery:discover_packages(colcon_meta) check parameters
[4.072s] Level 1:colcon.colcon_core.package_discovery:discover_packages(recursive) check parameters
[4.073s] Level 1:colcon.colcon_core.package_discovery:discover_packages(ignore) check parameters
[4.073s] Level 1:colcon.colcon_core.package_discovery:discover_packages(path) check parameters
[4.073s] Level 1:colcon.colcon_core.package_discovery:discover_packages(colcon_meta) discover
[4.073s] Level 1:colcon.colcon_core.package_discovery:discover_packages(recursive) discover
[4.073s] INFO:colcon.colcon_core.package_discovery:Crawling recursively for packages in '/home/simteamq/Desktop/SEAL/localization2'
[4.073s] Level 1:colcon.colcon_core.package_identification:_identify(.) by extensions ['ignore', 'ignore_ament_install']
[4.073s] Level 1:colcon.colcon_core.package_identification:_identify(.) by extension 'ignore'
[4.073s] Level 1:colcon.colcon_core.package_identification:_identify(.) by extension 'ignore_ament_install'
[4.073s] Level 1:colcon.colcon_core.package_identification:_identify(.) by extensions ['colcon_pkg']
[4.073s] Level 1:colcon.colcon_core.package_identification:_identify(.) by extension 'colcon_pkg'
[4.073s] Level 1:colcon.colcon_core.package_identification:_identify(.) by extensions ['colcon_meta']
[4.073s] Level 1:colcon.colcon_core.package_identification:_identify(.) by extension 'colcon_meta'
[4.074s] Level 1:colcon.colcon_core.package_identification:_identify(.) by extensions ['ros']
[4.074s] Level 1:colcon.colcon_core.package_identification:_identify(.) by extension 'ros'
[4.088s] DEBUG:colcon.colcon_core.package_identification:Package '.' with type 'ros.ament_cmake' and name 'localization2'
[4.088s] Level 1:colcon.colcon_core.package_discovery:discover_packages(recursive) using defaults
[4.088s] Level 1:colcon.colcon_core.package_discovery:discover_packages(ignore) discover
[4.089s] Level 1:colcon.colcon_core.package_discovery:discover_packages(ignore) using defaults
[4.089s] Level 1:colcon.colcon_core.package_discovery:discover_packages(path) discover
[4.089s] Level 1:colcon.colcon_core.package_discovery:discover_packages(path) using defaults
[4.436s] Level 1:colcon.colcon_core.package_discovery:discover_packages(prefix_path) check parameters
[4.436s] Level 1:colcon.colcon_core.package_discovery:discover_packages(prefix_path) discover
[4.504s] WARNING:colcon.colcon_core.prefix_path.colcon:The path '/home/simteamq/Desktop/SEAL/install' in the environment variable COLCON_PREFIX_PATH doesn't exist
[4.504s] WARNING:colcon.colcon_ros.prefix_path.ament:The path '/home/simteamq/Desktop/SEAL/install/mapping' in the environment variable AMENT_PREFIX_PATH doesn't exist
[4.504s] WARNING:colcon.colcon_ros.prefix_path.catkin:The path '/home/simteamq/Desktop/SEAL/install/mapping' in the environment variable CMAKE_PREFIX_PATH doesn't exist
[4.608s] DEBUG:colcon.colcon_installed_package_information.package_discovery:Found 1 installed packages in /home/simteamq/Desktop/SEAL/localization/install
[4.675s] DEBUG:colcon.colcon_installed_package_information.package_discovery:Found 256 installed packages in /opt/ros/foxy
[4.676s] Level 1:colcon.colcon_core.package_discovery:discover_packages(prefix_path) using defaults
[4.890s] Level 5:colcon.colcon_core.verb:set package 'localization2' build argument 'cmake_args' from command line to 'None'
[4.890s] Level 5:colcon.colcon_core.verb:set package 'localization2' build argument 'cmake_target' from command line to 'None'
[4.890s] Level 5:colcon.colcon_core.verb:set package 'localization2' build argument 'cmake_target_skip_unavailable' from command line to 'False'
[4.890s] Level 5:colcon.colcon_core.verb:set package 'localization2' build argument 'cmake_clean_cache' from command line to 'False'
[4.890s] Level 5:colcon.colcon_core.verb:set package 'localization2' build argument 'cmake_clean_first' from command line to 'False'
[4.891s] Level 5:colcon.colcon_core.verb:set package 'localization2' build argument 'cmake_force_configure' from command line to 'False'
[4.891s] Level 5:colcon.colcon_core.verb:set package 'localization2' build argument 'ament_cmake_args' from command line to 'None'
[4.891s] Level 5:colcon.colcon_core.verb:set package 'localization2' build argument 'catkin_cmake_args' from command line to 'None'
[4.891s] Level 5:colcon.colcon_core.verb:set package 'localization2' build argument 'catkin_skip_building_tests' from command line to 'False'
[4.891s] DEBUG:colcon.colcon_core.verb:Building package 'localization2' with the following arguments: {'ament_cmake_args': None, 'build_base': '/home/simteamq/Desktop/SEAL/localization2/build/localization2', 'catkin_cmake_args': None, 'catkin_skip_building_tests': False, 'cmake_args': None, 'cmake_clean_cache': False, 'cmake_clean_first': False, 'cmake_force_configure': False, 'cmake_target': None, 'cmake_target_skip_unavailable': False, 'install_base': '/home/simteamq/Desktop/SEAL/localization2/install/localization2', 'merge_install': False, 'path': '/home/simteamq/Desktop/SEAL/localization2', 'symlink_install': False, 'test_result_base': None}
[4.955s] INFO:colcon.colcon_core.executor:Executing jobs using 'parallel' executor
[5.022s] DEBUG:colcon.colcon_parallel_executor.executor.parallel:run_until_complete
[5.022s] INFO:colcon.colcon_ros.task.ament_cmake.build:Building ROS package in '/home/simteamq/Desktop/SEAL/localization2' with build type 'ament_cmake'
[5.022s] INFO:colcon.colcon_cmake.task.cmake.build:Building CMake package in '/home/simteamq/Desktop/SEAL/localization2'
[5.095s] INFO:colcon.colcon_core.plugin_system:Skipping extension 'colcon_core.shell.bat': Not used on non-Windows systems
[5.095s] INFO:colcon.colcon_core.shell:Skip shell extension 'powershell' for command environment: Not usable outside of PowerShell
[5.095s] DEBUG:colcon.colcon_core.shell:Skip shell extension 'dsv' for command environment
[5.321s] DEBUG:colcon.colcon_core.event_handler.log_command:Invoking command in '/home/simteamq/Desktop/SEAL/localization2/build/localization2': CMAKE_PREFIX_PATH=${CMAKE_PREFIX_PATH}:/opt/ros/foxy CONDA_PROMPT_MODIFIER=(base) /usr/bin/cmake --build /home/simteamq/Desktop/SEAL/localization2/build/localization2 -- -j12 -l12
[5.438s] DEBUG:colcon.colcon_core.event_handler.log_command:Invoked command in '/home/simteamq/Desktop/SEAL/localization2/build/localization2' returned '2': CMAKE_PREFIX_PATH=${CMAKE_PREFIX_PATH}:/opt/ros/foxy CONDA_PROMPT_MODIFIER=(base) /usr/bin/cmake --build /home/simteamq/Desktop/SEAL/localization2/build/localization2 -- -j12 -l12
[5.588s] Level 1:colcon.colcon_core.environment:create_environment_scripts_only(localization2)
[5.677s] Level 1:colcon.colcon_core.environment:checking '/home/simteamq/Desktop/SEAL/localization2/install/localization2' for CMake module files
[5.678s] Level 1:colcon.colcon_core.environment:checking '/home/simteamq/Desktop/SEAL/localization2/install/localization2' for CMake config files
[5.678s] Level 1:colcon.colcon_core.environment:checking '/home/simteamq/Desktop/SEAL/localization2/install/localization2/bin'
[5.679s] Level 1:colcon.colcon_core.environment:checking '/home/simteamq/Desktop/SEAL/localization2/install/localization2/lib/pkgconfig/localization2.pc'
[5.679s] Level 1:colcon.colcon_core.environment:checking '/home/simteamq/Desktop/SEAL/localization2/install/localization2/lib/python3.8/site-packages'
[5.679s] Level 1:colcon.colcon_core.environment:checking '/home/simteamq/Desktop/SEAL/localization2/install/localization2/bin'
[5.766s] INFO:colcon.colcon_core.shell:Creating package script '/home/simteamq/Desktop/SEAL/localization2/install/localization2/share/localization2/package.ps1'
[5.767s] INFO:colcon.colcon_core.shell:Creating package descriptor '/home/simteamq/Desktop/SEAL/localization2/install/localization2/share/localization2/package.dsv'
[5.768s] INFO:colcon.colcon_core.shell:Creating package script '/home/simteamq/Desktop/SEAL/localization2/install/localization2/share/localization2/package.sh'
[5.769s] INFO:colcon.colcon_core.shell:Creating package script '/home/simteamq/Desktop/SEAL/localization2/install/localization2/share/localization2/package.bash'
[5.770s] INFO:colcon.colcon_core.shell:Creating package script '/home/simteamq/Desktop/SEAL/localization2/install/localization2/share/localization2/package.zsh'
[5.771s] Level 1:colcon.colcon_core.environment:create_file_with_runtime_dependencies(/home/simteamq/Desktop/SEAL/localization2/install/localization2/share/colcon-core/packages/localization2)
[5.781s] DEBUG:colcon.colcon_parallel_executor.executor.parallel:closing loop
[5.781s] DEBUG:colcon.colcon_parallel_executor.executor.parallel:loop closed
[5.782s] DEBUG:colcon.colcon_parallel_executor.executor.parallel:run_until_complete finished with '2'
[5.782s] DEBUG:colcon.colcon_core.event_reactor:joining thread
[5.880s] INFO:colcon.colcon_core.plugin_system:Skipping extension 'colcon_notification.desktop_notification.terminal_notifier': Not used on non-Darwin systems
[5.881s] INFO:colcon.colcon_core.plugin_system:Skipping extension 'colcon_notification.desktop_notification.win32': Not used on non-Windows systems
[5.881s] INFO:colcon.colcon_notification.desktop_notification:Sending desktop notification using 'notify2'
[5.908s] DEBUG:colcon.colcon_core.event_reactor:joined thread
[5.998s] INFO:colcon.colcon_core.shell:Creating prefix script '/home/simteamq/Desktop/SEAL/localization2/install/local_setup.ps1'
[5.999s] INFO:colcon.colcon_core.shell:Creating prefix util module '/home/simteamq/Desktop/SEAL/localization2/install/_local_setup_util_ps1.py'
[6.001s] INFO:colcon.colcon_core.shell:Creating prefix chain script '/home/simteamq/Desktop/SEAL/localization2/install/setup.ps1'
[6.088s] INFO:colcon.colcon_core.shell:Creating prefix script '/home/simteamq/Desktop/SEAL/localization2/install/local_setup.sh'
[6.088s] INFO:colcon.colcon_core.shell:Creating prefix util module '/home/simteamq/Desktop/SEAL/localization2/install/_local_setup_util_sh.py'
[6.089s] INFO:colcon.colcon_core.shell:Creating prefix chain script '/home/simteamq/Desktop/SEAL/localization2/install/setup.sh'
[6.170s] INFO:colcon.colcon_core.shell:Creating prefix script '/home/simteamq/Desktop/SEAL/localization2/install/local_setup.bash'
[6.170s] INFO:colcon.colcon_core.shell:Creating prefix chain script '/home/simteamq/Desktop/SEAL/localization2/install/setup.bash'
[6.241s] INFO:colcon.colcon_core.shell:Creating prefix script '/home/simteamq/Desktop/SEAL/localization2/install/local_setup.zsh'
[6.242s] INFO:colcon.colcon_core.shell:Creating prefix chain script '/home/simteamq/Desktop/SEAL/localization2/install/setup.zsh'
