[3.967s] DEBUG:colcon:Command line arguments: ['/usr/bin/colcon', 'build']
[3.967s] DEBUG:colcon:Parsed command line arguments: Namespace(allow_overriding=[], ament_cmake_args=None, base_paths=['.'], build_base='build', catkin_cmake_args=None, catkin_skip_building_tests=False, cmake_args=None, cmake_clean_cache=False, cmake_clean_first=False, cmake_force_configure=False, cmake_target=None, cmake_target_skip_unavailable=False, continue_on_error=False, event_handlers=None, executor='parallel', ignore_user_meta=False, install_base='install', log_base=None, log_level=None, main=<bound method BuildVerb.main of <colcon_core.verb.build.BuildVerb object at 0x7f76dbc2ab80>>, merge_install=False, metas=['./colcon.meta'], packages_above=None, packages_above_and_dependencies=None, packages_above_depth=None, packages_end=None, packages_ignore=None, packages_ignore_regex=None, packages_select=None, packages_select_build_failed=False, packages_select_by_dep=None, packages_select_regex=None, packages_select_test_failures=False, packages_skip=None, packages_skip_build_finished=False, packages_skip_by_dep=None, packages_skip_regex=None, packages_skip_test_passed=False, packages_skip_up_to=None, packages_start=None, packages_up_to=None, packages_up_to_regex=None, parallel_workers=12, paths=None, symlink_install=False, test_result_base=None, verb_extension=<colcon_core.verb.build.BuildVerb object at 0x7f76dbc2ab80>, verb_name='build', verb_parser=<colcon_defaults.argument_parser.defaults.DefaultArgumentsDecorator object at 0x7f76dbbdfa60>)
[4.129s] Level 1:colcon.colcon_core.package_discovery:discover_packages(colcon_meta) check parameters
[4.129s] Level 1:colcon.colcon_core.package_discovery:discover_packages(recursive) check parameters
[4.129s] Level 1:colcon.colcon_core.package_discovery:discover_packages(ignore) check parameters
[4.129s] Level 1:colcon.colcon_core.package_discovery:discover_packages(path) check parameters
[4.129s] Level 1:colcon.colcon_core.package_discovery:discover_packages(colcon_meta) discover
[4.129s] Level 1:colcon.colcon_core.package_discovery:discover_packages(recursive) discover
[4.129s] INFO:colcon.colcon_core.package_discovery:Crawling recursively for packages in '/home/simteamq/Desktop/SEAL'
[4.129s] Level 1:colcon.colcon_core.package_identification:_identify(.) by extensions ['ignore', 'ignore_ament_install']
[4.129s] Level 1:colcon.colcon_core.package_identification:_identify(.) by extension 'ignore'
[4.129s] Level 1:colcon.colcon_core.package_identification:_identify(.) by extension 'ignore_ament_install'
[4.129s] Level 1:colcon.colcon_core.package_identification:_identify(.) by extensions ['colcon_pkg']
[4.130s] Level 1:colcon.colcon_core.package_identification:_identify(.) by extension 'colcon_pkg'
[4.130s] Level 1:colcon.colcon_core.package_identification:_identify(.) by extensions ['colcon_meta']
[4.130s] Level 1:colcon.colcon_core.package_identification:_identify(.) by extension 'colcon_meta'
[4.130s] Level 1:colcon.colcon_core.package_identification:_identify(.) by extensions ['ros']
[4.130s] Level 1:colcon.colcon_core.package_identification:_identify(.) by extension 'ros'
[4.141s] Level 1:colcon.colcon_core.package_identification:_identify(.) by extensions ['cmake', 'python']
[4.141s] Level 1:colcon.colcon_core.package_identification:_identify(.) by extension 'cmake'
[4.141s] Level 1:colcon.colcon_core.package_identification:_identify(.) by extension 'python'
[4.142s] Level 1:colcon.colcon_core.package_identification:_identify(.) by extensions ['python_setup_py']
[4.142s] Level 1:colcon.colcon_core.package_identification:_identify(.) by extension 'python_setup_py'
[4.142s] Level 1:colcon.colcon_core.package_identification:_identify(build) by extensions ['ignore', 'ignore_ament_install']
[4.142s] Level 1:colcon.colcon_core.package_identification:_identify(build) by extension 'ignore'
[4.142s] Level 1:colcon.colcon_core.package_identification:_identify(build) ignored
[4.142s] Level 1:colcon.colcon_core.package_identification:_identify(bzik) by extensions ['ignore', 'ignore_ament_install']
[4.142s] Level 1:colcon.colcon_core.package_identification:_identify(bzik) by extension 'ignore'
[4.142s] Level 1:colcon.colcon_core.package_identification:_identify(bzik) by extension 'ignore_ament_install'
[4.142s] Level 1:colcon.colcon_core.package_identification:_identify(bzik) by extensions ['colcon_pkg']
[4.142s] Level 1:colcon.colcon_core.package_identification:_identify(bzik) by extension 'colcon_pkg'
[4.142s] Level 1:colcon.colcon_core.package_identification:_identify(bzik) by extensions ['colcon_meta']
[4.142s] Level 1:colcon.colcon_core.package_identification:_identify(bzik) by extension 'colcon_meta'
[4.143s] Level 1:colcon.colcon_core.package_identification:_identify(bzik) by extensions ['ros']
[4.143s] Level 1:colcon.colcon_core.package_identification:_identify(bzik) by extension 'ros'
[4.145s] DEBUG:colcon.colcon_core.package_identification:Package 'bzik' with type 'ros.ament_python' and name 'urdf_tutorial_r2d2'
[4.145s] Level 1:colcon.colcon_core.package_identification:_identify(install) by extensions ['ignore', 'ignore_ament_install']
[4.146s] Level 1:colcon.colcon_core.package_identification:_identify(install) by extension 'ignore'
[4.146s] Level 1:colcon.colcon_core.package_identification:_identify(install) ignored
[4.146s] Level 1:colcon.colcon_core.package_identification:_identify(localization) by extensions ['ignore', 'ignore_ament_install']
[4.146s] Level 1:colcon.colcon_core.package_identification:_identify(localization) by extension 'ignore'
[4.146s] Level 1:colcon.colcon_core.package_identification:_identify(localization) by extension 'ignore_ament_install'
[4.146s] Level 1:colcon.colcon_core.package_identification:_identify(localization) by extensions ['colcon_pkg']
[4.146s] Level 1:colcon.colcon_core.package_identification:_identify(localization) by extension 'colcon_pkg'
[4.146s] Level 1:colcon.colcon_core.package_identification:_identify(localization) by extensions ['colcon_meta']
[4.146s] Level 1:colcon.colcon_core.package_identification:_identify(localization) by extension 'colcon_meta'
[4.146s] Level 1:colcon.colcon_core.package_identification:_identify(localization) by extensions ['ros']
[4.146s] Level 1:colcon.colcon_core.package_identification:_identify(localization) by extension 'ros'
[4.147s] DEBUG:colcon.colcon_core.package_identification:Package 'localization' with type 'ros.ament_cmake' and name 'localization'
[4.147s] Level 1:colcon.colcon_core.package_identification:_identify(log) by extensions ['ignore', 'ignore_ament_install']
[4.147s] Level 1:colcon.colcon_core.package_identification:_identify(log) by extension 'ignore'
[4.147s] Level 1:colcon.colcon_core.package_identification:_identify(log) ignored
[4.147s] Level 1:colcon.colcon_core.package_identification:_identify(mapping) by extensions ['ignore', 'ignore_ament_install']
[4.147s] Level 1:colcon.colcon_core.package_identification:_identify(mapping) by extension 'ignore'
[4.147s] Level 1:colcon.colcon_core.package_identification:_identify(mapping) by extension 'ignore_ament_install'
[4.147s] Level 1:colcon.colcon_core.package_identification:_identify(mapping) by extensions ['colcon_pkg']
[4.147s] Level 1:colcon.colcon_core.package_identification:_identify(mapping) by extension 'colcon_pkg'
[4.147s] Level 1:colcon.colcon_core.package_identification:_identify(mapping) by extensions ['colcon_meta']
[4.148s] Level 1:colcon.colcon_core.package_identification:_identify(mapping) by extension 'colcon_meta'
[4.148s] Level 1:colcon.colcon_core.package_identification:_identify(mapping) by extensions ['ros']
[4.148s] Level 1:colcon.colcon_core.package_identification:_identify(mapping) by extension 'ros'
[4.149s] DEBUG:colcon.colcon_core.package_identification:Package 'mapping' with type 'ros.ament_cmake' and name 'mapping'
[4.149s] Level 1:colcon.colcon_core.package_discovery:discover_packages(recursive) using defaults
[4.149s] Level 1:colcon.colcon_core.package_discovery:discover_packages(ignore) discover
[4.149s] Level 1:colcon.colcon_core.package_discovery:discover_packages(ignore) using defaults
[4.149s] Level 1:colcon.colcon_core.package_discovery:discover_packages(path) discover
[4.149s] Level 1:colcon.colcon_core.package_discovery:discover_packages(path) using defaults
[4.498s] Level 1:colcon.colcon_core.package_discovery:discover_packages(prefix_path) check parameters
[4.498s] Level 1:colcon.colcon_core.package_discovery:discover_packages(prefix_path) discover
[4.568s] WARNING:colcon.colcon_ros.prefix_path.ament:The path '/home/simteamq/Desktop/SEAL/install/urdf_tutorial_r2d2' in the environment variable AMENT_PREFIX_PATH doesn't exist
[4.568s] WARNING:colcon.colcon_ros.prefix_path.ament:The path '/home/simteamq/Desktop/SEAL/install/mapping' in the environment variable AMENT_PREFIX_PATH doesn't exist
[4.569s] WARNING:colcon.colcon_ros.prefix_path.ament:The path '/home/simteamq/Desktop/SEAL/install/localization' in the environment variable AMENT_PREFIX_PATH doesn't exist
[4.569s] WARNING:colcon.colcon_ros.prefix_path.catkin:The path '/home/simteamq/Desktop/SEAL/install/mapping' in the environment variable CMAKE_PREFIX_PATH doesn't exist
[4.569s] WARNING:colcon.colcon_ros.prefix_path.catkin:The path '/home/simteamq/Desktop/SEAL/install/localization' in the environment variable CMAKE_PREFIX_PATH doesn't exist
[4.650s] DEBUG:colcon.colcon_installed_package_information.package_discovery:Found 0 installed packages in /home/simteamq/Desktop/SEAL/install
[4.723s] DEBUG:colcon.colcon_installed_package_information.package_discovery:Found 256 installed packages in /opt/ros/foxy
[4.724s] Level 1:colcon.colcon_core.package_discovery:discover_packages(prefix_path) using defaults
[4.938s] Level 5:colcon.colcon_core.verb:set package 'localization' build argument 'cmake_args' from command line to 'None'
[4.938s] Level 5:colcon.colcon_core.verb:set package 'localization' build argument 'cmake_target' from command line to 'None'
[4.938s] Level 5:colcon.colcon_core.verb:set package 'localization' build argument 'cmake_target_skip_unavailable' from command line to 'False'
[4.939s] Level 5:colcon.colcon_core.verb:set package 'localization' build argument 'cmake_clean_cache' from command line to 'False'
[4.939s] Level 5:colcon.colcon_core.verb:set package 'localization' build argument 'cmake_clean_first' from command line to 'False'
[4.939s] Level 5:colcon.colcon_core.verb:set package 'localization' build argument 'cmake_force_configure' from command line to 'False'
[4.939s] Level 5:colcon.colcon_core.verb:set package 'localization' build argument 'ament_cmake_args' from command line to 'None'
[4.939s] Level 5:colcon.colcon_core.verb:set package 'localization' build argument 'catkin_cmake_args' from command line to 'None'
[4.939s] Level 5:colcon.colcon_core.verb:set package 'localization' build argument 'catkin_skip_building_tests' from command line to 'False'
[4.939s] DEBUG:colcon.colcon_core.verb:Building package 'localization' with the following arguments: {'ament_cmake_args': None, 'build_base': '/home/simteamq/Desktop/SEAL/build/localization', 'catkin_cmake_args': None, 'catkin_skip_building_tests': False, 'cmake_args': None, 'cmake_clean_cache': False, 'cmake_clean_first': False, 'cmake_force_configure': False, 'cmake_target': None, 'cmake_target_skip_unavailable': False, 'install_base': '/home/simteamq/Desktop/SEAL/install/localization', 'merge_install': False, 'path': '/home/simteamq/Desktop/SEAL/localization', 'symlink_install': False, 'test_result_base': None}
[5.004s] Level 5:colcon.colcon_core.verb:set package 'mapping' build argument 'cmake_args' from command line to 'None'
[5.004s] Level 5:colcon.colcon_core.verb:set package 'mapping' build argument 'cmake_target' from command line to 'None'
[5.004s] Level 5:colcon.colcon_core.verb:set package 'mapping' build argument 'cmake_target_skip_unavailable' from command line to 'False'
[5.004s] Level 5:colcon.colcon_core.verb:set package 'mapping' build argument 'cmake_clean_cache' from command line to 'False'
[5.004s] Level 5:colcon.colcon_core.verb:set package 'mapping' build argument 'cmake_clean_first' from command line to 'False'
[5.004s] Level 5:colcon.colcon_core.verb:set package 'mapping' build argument 'cmake_force_configure' from command line to 'False'
[5.004s] Level 5:colcon.colcon_core.verb:set package 'mapping' build argument 'ament_cmake_args' from command line to 'None'
[5.004s] Level 5:colcon.colcon_core.verb:set package 'mapping' build argument 'catkin_cmake_args' from command line to 'None'
[5.004s] Level 5:colcon.colcon_core.verb:set package 'mapping' build argument 'catkin_skip_building_tests' from command line to 'False'
[5.004s] DEBUG:colcon.colcon_core.verb:Building package 'mapping' with the following arguments: {'ament_cmake_args': None, 'build_base': '/home/simteamq/Desktop/SEAL/build/mapping', 'catkin_cmake_args': None, 'catkin_skip_building_tests': False, 'cmake_args': None, 'cmake_clean_cache': False, 'cmake_clean_first': False, 'cmake_force_configure': False, 'cmake_target': None, 'cmake_target_skip_unavailable': False, 'install_base': '/home/simteamq/Desktop/SEAL/install/mapping', 'merge_install': False, 'path': '/home/simteamq/Desktop/SEAL/mapping', 'symlink_install': False, 'test_result_base': None}
[5.071s] Level 5:colcon.colcon_core.verb:set package 'urdf_tutorial_r2d2' build argument 'cmake_args' from command line to 'None'
[5.071s] Level 5:colcon.colcon_core.verb:set package 'urdf_tutorial_r2d2' build argument 'cmake_target' from command line to 'None'
[5.071s] Level 5:colcon.colcon_core.verb:set package 'urdf_tutorial_r2d2' build argument 'cmake_target_skip_unavailable' from command line to 'False'
[5.071s] Level 5:colcon.colcon_core.verb:set package 'urdf_tutorial_r2d2' build argument 'cmake_clean_cache' from command line to 'False'
[5.071s] Level 5:colcon.colcon_core.verb:set package 'urdf_tutorial_r2d2' build argument 'cmake_clean_first' from command line to 'False'
[5.071s] Level 5:colcon.colcon_core.verb:set package 'urdf_tutorial_r2d2' build argument 'cmake_force_configure' from command line to 'False'
[5.071s] Level 5:colcon.colcon_core.verb:set package 'urdf_tutorial_r2d2' build argument 'ament_cmake_args' from command line to 'None'
[5.071s] Level 5:colcon.colcon_core.verb:set package 'urdf_tutorial_r2d2' build argument 'catkin_cmake_args' from command line to 'None'
[5.071s] Level 5:colcon.colcon_core.verb:set package 'urdf_tutorial_r2d2' build argument 'catkin_skip_building_tests' from command line to 'False'
[5.071s] DEBUG:colcon.colcon_core.verb:Building package 'urdf_tutorial_r2d2' with the following arguments: {'ament_cmake_args': None, 'build_base': '/home/simteamq/Desktop/SEAL/build/urdf_tutorial_r2d2', 'catkin_cmake_args': None, 'catkin_skip_building_tests': False, 'cmake_args': None, 'cmake_clean_cache': False, 'cmake_clean_first': False, 'cmake_force_configure': False, 'cmake_target': None, 'cmake_target_skip_unavailable': False, 'install_base': '/home/simteamq/Desktop/SEAL/install/urdf_tutorial_r2d2', 'merge_install': False, 'path': '/home/simteamq/Desktop/SEAL/bzik', 'symlink_install': False, 'test_result_base': None}
[5.140s] INFO:colcon.colcon_core.executor:Executing jobs using 'parallel' executor
[5.217s] DEBUG:colcon.colcon_parallel_executor.executor.parallel:run_until_complete
[5.217s] INFO:colcon.colcon_ros.task.ament_cmake.build:Building ROS package in '/home/simteamq/Desktop/SEAL/localization' with build type 'ament_cmake'
[5.218s] INFO:colcon.colcon_cmake.task.cmake.build:Building CMake package in '/home/simteamq/Desktop/SEAL/localization'
[5.304s] INFO:colcon.colcon_core.plugin_system:Skipping extension 'colcon_core.shell.bat': Not used on non-Windows systems
[5.305s] INFO:colcon.colcon_core.shell:Skip shell extension 'powershell' for command environment: Not usable outside of PowerShell
[5.305s] DEBUG:colcon.colcon_core.shell:Skip shell extension 'dsv' for command environment
[5.518s] INFO:colcon.colcon_ros.task.ament_cmake.build:Building ROS package in '/home/simteamq/Desktop/SEAL/mapping' with build type 'ament_cmake'
[5.519s] INFO:colcon.colcon_cmake.task.cmake.build:Building CMake package in '/home/simteamq/Desktop/SEAL/mapping'
[5.590s] INFO:colcon.colcon_core.shell:Skip shell extension 'powershell' for command environment: Not usable outside of PowerShell
[5.590s] DEBUG:colcon.colcon_core.shell:Skip shell extension 'dsv' for command environment
[5.801s] INFO:colcon.colcon_ros.task.ament_python.build:Building ROS package in '/home/simteamq/Desktop/SEAL/bzik' with build type 'ament_python'
[5.801s] Level 1:colcon.colcon_core.shell:create_environment_hook('urdf_tutorial_r2d2', 'ament_prefix_path')
[5.873s] INFO:colcon.colcon_core.shell:Creating environment hook '/home/simteamq/Desktop/SEAL/install/urdf_tutorial_r2d2/share/urdf_tutorial_r2d2/hook/ament_prefix_path.ps1'
[5.874s] INFO:colcon.colcon_core.shell:Creating environment descriptor '/home/simteamq/Desktop/SEAL/install/urdf_tutorial_r2d2/share/urdf_tutorial_r2d2/hook/ament_prefix_path.dsv'
[5.875s] INFO:colcon.colcon_core.shell:Creating environment hook '/home/simteamq/Desktop/SEAL/install/urdf_tutorial_r2d2/share/urdf_tutorial_r2d2/hook/ament_prefix_path.sh'
[5.942s] INFO:colcon.colcon_core.shell:Skip shell extension 'powershell' for command environment: Not usable outside of PowerShell
[5.942s] DEBUG:colcon.colcon_core.shell:Skip shell extension 'dsv' for command environment
[6.166s] DEBUG:colcon.colcon_core.event_handler.log_command:Invoking command in '/home/simteamq/Desktop/SEAL/build/localization': CMAKE_PREFIX_PATH=${CMAKE_PREFIX_PATH}:/home/simteamq/Desktop/SEAL/install/urdf_tutorial_r2d2:/opt/ros/foxy CONDA_PROMPT_MODIFIER=(base) /usr/bin/cmake /home/simteamq/Desktop/SEAL/localization -DCMAKE_INSTALL_PREFIX=/home/simteamq/Desktop/SEAL/install/localization
[6.172s] DEBUG:colcon.colcon_core.event_handler.log_command:Invoking command in '/home/simteamq/Desktop/SEAL/build/mapping': CMAKE_PREFIX_PATH=${CMAKE_PREFIX_PATH}:/home/simteamq/Desktop/SEAL/install/urdf_tutorial_r2d2:/opt/ros/foxy CONDA_PROMPT_MODIFIER=(base) /usr/bin/cmake /home/simteamq/Desktop/SEAL/mapping -DCMAKE_INSTALL_PREFIX=/home/simteamq/Desktop/SEAL/install/mapping
[6.592s] INFO:colcon.colcon_core.task.python.build:Building Python package in '/home/simteamq/Desktop/SEAL/bzik'
[6.685s] INFO:colcon.colcon_core.shell:Skip shell extension 'powershell' for command environment: Not usable outside of PowerShell
[6.685s] DEBUG:colcon.colcon_core.shell:Skip shell extension 'dsv' for command environment
[7.653s] DEBUG:colcon.colcon_core.event_handler.log_command:Invoking command in '/home/simteamq/Desktop/SEAL/bzik': CONDA_PROMPT_MODIFIER=(base) PYTHONPATH=/home/simteamq/Desktop/SEAL/build/urdf_tutorial_r2d2/prefix_override:/home/simteamq/Desktop/SEAL/install/urdf_tutorial_r2d2/lib/python3.8/site-packages:${PYTHONPATH} /usr/bin/python3 setup.py egg_info --egg-base ../build/urdf_tutorial_r2d2 build --build-base /home/simteamq/Desktop/SEAL/build/urdf_tutorial_r2d2/build install --record /home/simteamq/Desktop/SEAL/build/urdf_tutorial_r2d2/install.log --install-scripts $base/lib/urdf_tutorial_r2d2 --single-version-externally-managed
[8.150s] DEBUG:colcon.colcon_core.event_handler.log_command:Invoked command in '/home/simteamq/Desktop/SEAL/bzik' returned '0': CONDA_PROMPT_MODIFIER=(base) PYTHONPATH=/home/simteamq/Desktop/SEAL/build/urdf_tutorial_r2d2/prefix_override:/home/simteamq/Desktop/SEAL/install/urdf_tutorial_r2d2/lib/python3.8/site-packages:${PYTHONPATH} /usr/bin/python3 setup.py egg_info --egg-base ../build/urdf_tutorial_r2d2 build --build-base /home/simteamq/Desktop/SEAL/build/urdf_tutorial_r2d2/build install --record /home/simteamq/Desktop/SEAL/build/urdf_tutorial_r2d2/install.log --install-scripts $base/lib/urdf_tutorial_r2d2 --single-version-externally-managed
[8.244s] Level 1:colcon.colcon_core.environment:checking '/home/simteamq/Desktop/SEAL/install/urdf_tutorial_r2d2' for CMake module files
[8.245s] Level 1:colcon.colcon_core.environment:checking '/home/simteamq/Desktop/SEAL/install/urdf_tutorial_r2d2' for CMake config files
[8.246s] Level 1:colcon.colcon_core.environment:checking '/home/simteamq/Desktop/SEAL/install/urdf_tutorial_r2d2/lib'
[8.246s] Level 1:colcon.colcon_core.environment:checking '/home/simteamq/Desktop/SEAL/install/urdf_tutorial_r2d2/bin'
[8.246s] Level 1:colcon.colcon_core.environment:checking '/home/simteamq/Desktop/SEAL/install/urdf_tutorial_r2d2/lib/pkgconfig/urdf_tutorial_r2d2.pc'
[8.246s] Level 1:colcon.colcon_core.environment:checking '/home/simteamq/Desktop/SEAL/install/urdf_tutorial_r2d2/lib/python3.8/site-packages'
[8.246s] Level 1:colcon.colcon_core.shell:create_environment_hook('urdf_tutorial_r2d2', 'pythonpath')
[8.352s] INFO:colcon.colcon_core.shell:Creating environment hook '/home/simteamq/Desktop/SEAL/install/urdf_tutorial_r2d2/share/urdf_tutorial_r2d2/hook/pythonpath.ps1'
[8.353s] INFO:colcon.colcon_core.shell:Creating environment descriptor '/home/simteamq/Desktop/SEAL/install/urdf_tutorial_r2d2/share/urdf_tutorial_r2d2/hook/pythonpath.dsv'
[8.354s] INFO:colcon.colcon_core.shell:Creating environment hook '/home/simteamq/Desktop/SEAL/install/urdf_tutorial_r2d2/share/urdf_tutorial_r2d2/hook/pythonpath.sh'
[8.355s] Level 1:colcon.colcon_core.environment:checking '/home/simteamq/Desktop/SEAL/install/urdf_tutorial_r2d2/bin'
[8.355s] Level 1:colcon.colcon_core.environment:create_environment_scripts_only(urdf_tutorial_r2d2)
[8.445s] INFO:colcon.colcon_core.shell:Creating package script '/home/simteamq/Desktop/SEAL/install/urdf_tutorial_r2d2/share/urdf_tutorial_r2d2/package.ps1'
[8.446s] INFO:colcon.colcon_core.shell:Creating package descriptor '/home/simteamq/Desktop/SEAL/install/urdf_tutorial_r2d2/share/urdf_tutorial_r2d2/package.dsv'
[8.447s] INFO:colcon.colcon_core.shell:Creating package script '/home/simteamq/Desktop/SEAL/install/urdf_tutorial_r2d2/share/urdf_tutorial_r2d2/package.sh'
[8.448s] INFO:colcon.colcon_core.shell:Creating package script '/home/simteamq/Desktop/SEAL/install/urdf_tutorial_r2d2/share/urdf_tutorial_r2d2/package.bash'
[8.449s] INFO:colcon.colcon_core.shell:Creating package script '/home/simteamq/Desktop/SEAL/install/urdf_tutorial_r2d2/share/urdf_tutorial_r2d2/package.zsh'
[8.449s] Level 1:colcon.colcon_core.environment:create_file_with_runtime_dependencies(/home/simteamq/Desktop/SEAL/install/urdf_tutorial_r2d2/share/colcon-core/packages/urdf_tutorial_r2d2)
[9.748s] DEBUG:colcon.colcon_core.event_handler.log_command:Invoked command in '/home/simteamq/Desktop/SEAL/build/localization' returned '0': CMAKE_PREFIX_PATH=${CMAKE_PREFIX_PATH}:/home/simteamq/Desktop/SEAL/install/urdf_tutorial_r2d2:/opt/ros/foxy CONDA_PROMPT_MODIFIER=(base) /usr/bin/cmake /home/simteamq/Desktop/SEAL/localization -DCMAKE_INSTALL_PREFIX=/home/simteamq/Desktop/SEAL/install/localization
[9.753s] DEBUG:colcon.colcon_core.event_handler.log_command:Invoking command in '/home/simteamq/Desktop/SEAL/build/localization': CMAKE_PREFIX_PATH=${CMAKE_PREFIX_PATH}:/home/simteamq/Desktop/SEAL/install/urdf_tutorial_r2d2:/opt/ros/foxy CONDA_PROMPT_MODIFIER=(base) /usr/bin/cmake --build /home/simteamq/Desktop/SEAL/build/localization -- -j12 -l12
[10.314s] DEBUG:colcon.colcon_core.event_handler.log_command:Invoked command in '/home/simteamq/Desktop/SEAL/build/mapping' returned '0': CMAKE_PREFIX_PATH=${CMAKE_PREFIX_PATH}:/home/simteamq/Desktop/SEAL/install/urdf_tutorial_r2d2:/opt/ros/foxy CONDA_PROMPT_MODIFIER=(base) /usr/bin/cmake /home/simteamq/Desktop/SEAL/mapping -DCMAKE_INSTALL_PREFIX=/home/simteamq/Desktop/SEAL/install/mapping
[10.320s] DEBUG:colcon.colcon_core.event_handler.log_command:Invoking command in '/home/simteamq/Desktop/SEAL/build/mapping': CMAKE_PREFIX_PATH=${CMAKE_PREFIX_PATH}:/home/simteamq/Desktop/SEAL/install/urdf_tutorial_r2d2:/opt/ros/foxy CONDA_PROMPT_MODIFIER=(base) /usr/bin/cmake --build /home/simteamq/Desktop/SEAL/build/mapping -- -j12 -l12
[16.109s] DEBUG:colcon.colcon_core.event_handler.log_command:Invoked command in '/home/simteamq/Desktop/SEAL/build/localization' returned '0': CMAKE_PREFIX_PATH=${CMAKE_PREFIX_PATH}:/home/simteamq/Desktop/SEAL/install/urdf_tutorial_r2d2:/opt/ros/foxy CONDA_PROMPT_MODIFIER=(base) /usr/bin/cmake --build /home/simteamq/Desktop/SEAL/build/localization -- -j12 -l12
[16.172s] DEBUG:colcon.colcon_core.event_handler.log_command:Invoking command in '/home/simteamq/Desktop/SEAL/build/localization': CMAKE_PREFIX_PATH=${CMAKE_PREFIX_PATH}:/home/simteamq/Desktop/SEAL/install/urdf_tutorial_r2d2:/opt/ros/foxy CONDA_PROMPT_MODIFIER=(base) /usr/bin/cmake --install /home/simteamq/Desktop/SEAL/build/localization
[16.192s] Level 1:colcon.colcon_core.environment:create_environment_scripts_only(localization)
[16.193s] DEBUG:colcon.colcon_core.event_handler.log_command:Invoked command in '/home/simteamq/Desktop/SEAL/build/localization' returned '0': CMAKE_PREFIX_PATH=${CMAKE_PREFIX_PATH}:/home/simteamq/Desktop/SEAL/install/urdf_tutorial_r2d2:/opt/ros/foxy CONDA_PROMPT_MODIFIER=(base) /usr/bin/cmake --install /home/simteamq/Desktop/SEAL/build/localization
[16.286s] Level 1:colcon.colcon_core.environment:checking '/home/simteamq/Desktop/SEAL/install/localization' for CMake module files
[16.287s] Level 1:colcon.colcon_core.environment:checking '/home/simteamq/Desktop/SEAL/install/localization' for CMake config files
[16.287s] Level 1:colcon.colcon_core.shell:create_environment_hook('localization', 'cmake_prefix_path')
[16.376s] INFO:colcon.colcon_core.shell:Creating environment hook '/home/simteamq/Desktop/SEAL/install/localization/share/localization/hook/cmake_prefix_path.ps1'
[16.377s] INFO:colcon.colcon_core.shell:Creating environment descriptor '/home/simteamq/Desktop/SEAL/install/localization/share/localization/hook/cmake_prefix_path.dsv'
[16.377s] INFO:colcon.colcon_core.shell:Creating environment hook '/home/simteamq/Desktop/SEAL/install/localization/share/localization/hook/cmake_prefix_path.sh'
[16.378s] Level 1:colcon.colcon_core.environment:checking '/home/simteamq/Desktop/SEAL/install/localization/lib'
[16.378s] Level 1:colcon.colcon_core.environment:checking '/home/simteamq/Desktop/SEAL/install/localization/bin'
[16.378s] Level 1:colcon.colcon_core.environment:checking '/home/simteamq/Desktop/SEAL/install/localization/lib/pkgconfig/localization.pc'
[16.378s] Level 1:colcon.colcon_core.environment:checking '/home/simteamq/Desktop/SEAL/install/localization/lib/python3.8/site-packages'
[16.379s] Level 1:colcon.colcon_core.environment:checking '/home/simteamq/Desktop/SEAL/install/localization/bin'
[16.466s] INFO:colcon.colcon_core.shell:Creating package script '/home/simteamq/Desktop/SEAL/install/localization/share/localization/package.ps1'
[16.467s] INFO:colcon.colcon_core.shell:Creating package descriptor '/home/simteamq/Desktop/SEAL/install/localization/share/localization/package.dsv'
[16.467s] INFO:colcon.colcon_core.shell:Creating package script '/home/simteamq/Desktop/SEAL/install/localization/share/localization/package.sh'
[16.468s] INFO:colcon.colcon_core.shell:Creating package script '/home/simteamq/Desktop/SEAL/install/localization/share/localization/package.bash'
[16.469s] INFO:colcon.colcon_core.shell:Creating package script '/home/simteamq/Desktop/SEAL/install/localization/share/localization/package.zsh'
[16.469s] Level 1:colcon.colcon_core.environment:create_file_with_runtime_dependencies(/home/simteamq/Desktop/SEAL/install/localization/share/colcon-core/packages/localization)
[16.603s] Level 1:colcon.colcon_core.environment:create_environment_scripts_only(localization)
[16.689s] Level 1:colcon.colcon_core.environment:checking '/home/simteamq/Desktop/SEAL/install/localization' for CMake module files
[16.690s] Level 1:colcon.colcon_core.environment:checking '/home/simteamq/Desktop/SEAL/install/localization' for CMake config files
[16.690s] Level 1:colcon.colcon_core.shell:create_environment_hook('localization', 'cmake_prefix_path')
[16.780s] INFO:colcon.colcon_core.shell:Creating environment hook '/home/simteamq/Desktop/SEAL/install/localization/share/localization/hook/cmake_prefix_path.ps1'
[16.782s] INFO:colcon.colcon_core.shell:Creating environment descriptor '/home/simteamq/Desktop/SEAL/install/localization/share/localization/hook/cmake_prefix_path.dsv'
[16.782s] INFO:colcon.colcon_core.shell:Creating environment hook '/home/simteamq/Desktop/SEAL/install/localization/share/localization/hook/cmake_prefix_path.sh'
[16.783s] Level 1:colcon.colcon_core.environment:checking '/home/simteamq/Desktop/SEAL/install/localization/lib'
[16.783s] Level 1:colcon.colcon_core.environment:checking '/home/simteamq/Desktop/SEAL/install/localization/bin'
[16.783s] Level 1:colcon.colcon_core.environment:checking '/home/simteamq/Desktop/SEAL/install/localization/lib/pkgconfig/localization.pc'
[16.784s] Level 1:colcon.colcon_core.environment:checking '/home/simteamq/Desktop/SEAL/install/localization/lib/python3.8/site-packages'
[16.784s] Level 1:colcon.colcon_core.environment:checking '/home/simteamq/Desktop/SEAL/install/localization/bin'
[16.866s] INFO:colcon.colcon_core.shell:Creating package script '/home/simteamq/Desktop/SEAL/install/localization/share/localization/package.ps1'
[16.867s] INFO:colcon.colcon_core.shell:Creating package descriptor '/home/simteamq/Desktop/SEAL/install/localization/share/localization/package.dsv'
[16.867s] INFO:colcon.colcon_core.shell:Creating package script '/home/simteamq/Desktop/SEAL/install/localization/share/localization/package.sh'
[16.868s] INFO:colcon.colcon_core.shell:Creating package script '/home/simteamq/Desktop/SEAL/install/localization/share/localization/package.bash'
[16.868s] INFO:colcon.colcon_core.shell:Creating package script '/home/simteamq/Desktop/SEAL/install/localization/share/localization/package.zsh'
[16.869s] Level 1:colcon.colcon_core.environment:create_file_with_runtime_dependencies(/home/simteamq/Desktop/SEAL/install/localization/share/colcon-core/packages/localization)
[36.113s] DEBUG:colcon.colcon_core.event_handler.log_command:Invoked command in '/home/simteamq/Desktop/SEAL/build/mapping' returned '0': CMAKE_PREFIX_PATH=${CMAKE_PREFIX_PATH}:/home/simteamq/Desktop/SEAL/install/urdf_tutorial_r2d2:/opt/ros/foxy CONDA_PROMPT_MODIFIER=(base) /usr/bin/cmake --build /home/simteamq/Desktop/SEAL/build/mapping -- -j12 -l12
[36.161s] DEBUG:colcon.colcon_core.event_handler.log_command:Invoking command in '/home/simteamq/Desktop/SEAL/build/mapping': CMAKE_PREFIX_PATH=${CMAKE_PREFIX_PATH}:/home/simteamq/Desktop/SEAL/install/urdf_tutorial_r2d2:/opt/ros/foxy CONDA_PROMPT_MODIFIER=(base) /usr/bin/cmake --install /home/simteamq/Desktop/SEAL/build/mapping
[36.187s] Level 1:colcon.colcon_core.environment:create_environment_scripts_only(mapping)
[36.188s] DEBUG:colcon.colcon_core.event_handler.log_command:Invoked command in '/home/simteamq/Desktop/SEAL/build/mapping' returned '0': CMAKE_PREFIX_PATH=${CMAKE_PREFIX_PATH}:/home/simteamq/Desktop/SEAL/install/urdf_tutorial_r2d2:/opt/ros/foxy CONDA_PROMPT_MODIFIER=(base) /usr/bin/cmake --install /home/simteamq/Desktop/SEAL/build/mapping
[36.266s] Level 1:colcon.colcon_core.environment:checking '/home/simteamq/Desktop/SEAL/install/mapping' for CMake module files
[36.266s] Level 1:colcon.colcon_core.environment:checking '/home/simteamq/Desktop/SEAL/install/mapping' for CMake config files
[36.267s] Level 1:colcon.colcon_core.shell:create_environment_hook('mapping', 'cmake_prefix_path')
[36.337s] INFO:colcon.colcon_core.shell:Creating environment hook '/home/simteamq/Desktop/SEAL/install/mapping/share/mapping/hook/cmake_prefix_path.ps1'
[36.337s] INFO:colcon.colcon_core.shell:Creating environment descriptor '/home/simteamq/Desktop/SEAL/install/mapping/share/mapping/hook/cmake_prefix_path.dsv'
[36.338s] INFO:colcon.colcon_core.shell:Creating environment hook '/home/simteamq/Desktop/SEAL/install/mapping/share/mapping/hook/cmake_prefix_path.sh'
[36.338s] Level 1:colcon.colcon_core.environment:checking '/home/simteamq/Desktop/SEAL/install/mapping/lib'
[36.339s] Level 1:colcon.colcon_core.environment:checking '/home/simteamq/Desktop/SEAL/install/mapping/bin'
[36.339s] Level 1:colcon.colcon_core.environment:checking '/home/simteamq/Desktop/SEAL/install/mapping/lib/pkgconfig/mapping.pc'
[36.339s] Level 1:colcon.colcon_core.environment:checking '/home/simteamq/Desktop/SEAL/install/mapping/lib/python3.8/site-packages'
[36.339s] Level 1:colcon.colcon_core.environment:checking '/home/simteamq/Desktop/SEAL/install/mapping/bin'
[36.411s] INFO:colcon.colcon_core.shell:Creating package script '/home/simteamq/Desktop/SEAL/install/mapping/share/mapping/package.ps1'
[36.412s] INFO:colcon.colcon_core.shell:Creating package descriptor '/home/simteamq/Desktop/SEAL/install/mapping/share/mapping/package.dsv'
[36.412s] INFO:colcon.colcon_core.shell:Creating package script '/home/simteamq/Desktop/SEAL/install/mapping/share/mapping/package.sh'
[36.413s] INFO:colcon.colcon_core.shell:Creating package script '/home/simteamq/Desktop/SEAL/install/mapping/share/mapping/package.bash'
[36.413s] INFO:colcon.colcon_core.shell:Creating package script '/home/simteamq/Desktop/SEAL/install/mapping/share/mapping/package.zsh'
[36.413s] Level 1:colcon.colcon_core.environment:create_file_with_runtime_dependencies(/home/simteamq/Desktop/SEAL/install/mapping/share/colcon-core/packages/mapping)
[36.550s] Level 1:colcon.colcon_core.environment:create_environment_scripts_only(mapping)
[36.639s] Level 1:colcon.colcon_core.environment:checking '/home/simteamq/Desktop/SEAL/install/mapping' for CMake module files
[36.640s] Level 1:colcon.colcon_core.environment:checking '/home/simteamq/Desktop/SEAL/install/mapping' for CMake config files
[36.640s] Level 1:colcon.colcon_core.shell:create_environment_hook('mapping', 'cmake_prefix_path')
[36.728s] INFO:colcon.colcon_core.shell:Creating environment hook '/home/simteamq/Desktop/SEAL/install/mapping/share/mapping/hook/cmake_prefix_path.ps1'
[36.729s] INFO:colcon.colcon_core.shell:Creating environment descriptor '/home/simteamq/Desktop/SEAL/install/mapping/share/mapping/hook/cmake_prefix_path.dsv'
[36.729s] INFO:colcon.colcon_core.shell:Creating environment hook '/home/simteamq/Desktop/SEAL/install/mapping/share/mapping/hook/cmake_prefix_path.sh'
[36.730s] Level 1:colcon.colcon_core.environment:checking '/home/simteamq/Desktop/SEAL/install/mapping/lib'
[36.730s] Level 1:colcon.colcon_core.environment:checking '/home/simteamq/Desktop/SEAL/install/mapping/bin'
[36.730s] Level 1:colcon.colcon_core.environment:checking '/home/simteamq/Desktop/SEAL/install/mapping/lib/pkgconfig/mapping.pc'
[36.731s] Level 1:colcon.colcon_core.environment:checking '/home/simteamq/Desktop/SEAL/install/mapping/lib/python3.8/site-packages'
[36.731s] Level 1:colcon.colcon_core.environment:checking '/home/simteamq/Desktop/SEAL/install/mapping/bin'
[36.819s] INFO:colcon.colcon_core.shell:Creating package script '/home/simteamq/Desktop/SEAL/install/mapping/share/mapping/package.ps1'
[36.820s] INFO:colcon.colcon_core.shell:Creating package descriptor '/home/simteamq/Desktop/SEAL/install/mapping/share/mapping/package.dsv'
[36.821s] INFO:colcon.colcon_core.shell:Creating package script '/home/simteamq/Desktop/SEAL/install/mapping/share/mapping/package.sh'
[36.821s] INFO:colcon.colcon_core.shell:Creating package script '/home/simteamq/Desktop/SEAL/install/mapping/share/mapping/package.bash'
[36.822s] INFO:colcon.colcon_core.shell:Creating package script '/home/simteamq/Desktop/SEAL/install/mapping/share/mapping/package.zsh'
[36.822s] Level 1:colcon.colcon_core.environment:create_file_with_runtime_dependencies(/home/simteamq/Desktop/SEAL/install/mapping/share/colcon-core/packages/mapping)
[36.823s] DEBUG:colcon.colcon_parallel_executor.executor.parallel:closing loop
[36.823s] DEBUG:colcon.colcon_parallel_executor.executor.parallel:loop closed
[36.823s] DEBUG:colcon.colcon_parallel_executor.executor.parallel:run_until_complete finished with '0'
[36.823s] DEBUG:colcon.colcon_core.event_reactor:joining thread
[36.908s] INFO:colcon.colcon_core.plugin_system:Skipping extension 'colcon_notification.desktop_notification.terminal_notifier': Not used on non-Darwin systems
[36.908s] INFO:colcon.colcon_core.plugin_system:Skipping extension 'colcon_notification.desktop_notification.win32': Not used on non-Windows systems
[36.908s] INFO:colcon.colcon_notification.desktop_notification:Sending desktop notification using 'notify2'
[36.933s] DEBUG:colcon.colcon_core.event_reactor:joined thread
[37.022s] INFO:colcon.colcon_core.shell:Creating prefix script '/home/simteamq/Desktop/SEAL/install/local_setup.ps1'
[37.023s] INFO:colcon.colcon_core.shell:Creating prefix util module '/home/simteamq/Desktop/SEAL/install/_local_setup_util_ps1.py'
[37.025s] INFO:colcon.colcon_core.shell:Creating prefix chain script '/home/simteamq/Desktop/SEAL/install/setup.ps1'
[37.115s] INFO:colcon.colcon_core.shell:Creating prefix script '/home/simteamq/Desktop/SEAL/install/local_setup.sh'
[37.116s] INFO:colcon.colcon_core.shell:Creating prefix util module '/home/simteamq/Desktop/SEAL/install/_local_setup_util_sh.py'
[37.116s] INFO:colcon.colcon_core.shell:Creating prefix chain script '/home/simteamq/Desktop/SEAL/install/setup.sh'
[37.218s] INFO:colcon.colcon_core.shell:Creating prefix script '/home/simteamq/Desktop/SEAL/install/local_setup.bash'
[37.219s] INFO:colcon.colcon_core.shell:Creating prefix chain script '/home/simteamq/Desktop/SEAL/install/setup.bash'
[37.314s] INFO:colcon.colcon_core.shell:Creating prefix script '/home/simteamq/Desktop/SEAL/install/local_setup.zsh'
[37.315s] INFO:colcon.colcon_core.shell:Creating prefix chain script '/home/simteamq/Desktop/SEAL/install/setup.zsh'
