[1.025s] Invoking command in '/home/simteamq/Desktop/SEAL/build/localization': CMAKE_PREFIX_PATH=${CMAKE_PREFIX_PATH}:/home/simteamq/Desktop/SEAL/install/urdf_tutorial_r2d2:/opt/ros/foxy CONDA_PROMPT_MODIFIER=(base) /usr/bin/cmake --build /home/simteamq/Desktop/SEAL/build/localization -- -j12 -l12
[1.128s] [100%] Built target odom_subscriber
[1.768s] Invoked command in '/home/simteamq/Desktop/SEAL/build/localization' returned '0': CMAKE_PREFIX_PATH=${CMAKE_PREFIX_PATH}:/home/simteamq/Desktop/SEAL/install/urdf_tutorial_r2d2:/opt/ros/foxy CONDA_PROMPT_MODIFIER=(base) /usr/bin/cmake --build /home/simteamq/Desktop/SEAL/build/localization -- -j12 -l12
[1.827s] Invoking command in '/home/simteamq/Desktop/SEAL/build/localization': CMAKE_PREFIX_PATH=${CMAKE_PREFIX_PATH}:/home/simteamq/Desktop/SEAL/install/urdf_tutorial_r2d2:/opt/ros/foxy CONDA_PROMPT_MODIFIER=(base) /usr/bin/cmake --install /home/simteamq/Desktop/SEAL/build/localization
[1.841s] -- Install configuration: ""
[1.842s] -- Up-to-date: /home/simteamq/Desktop/SEAL/install/localization/lib/localization/odom_subscriber
[1.842s] -- Up-to-date: /home/simteamq/Desktop/SEAL/install/localization/share/ament_index/resource_index/package_run_dependencies/localization
[1.842s] -- Up-to-date: /home/simteamq/Desktop/SEAL/install/localization/share/ament_index/resource_index/parent_prefix_path/localization
[1.842s] -- Up-to-date: /home/simteamq/Desktop/SEAL/install/localization/share/localization/environment/ament_prefix_path.sh
[1.843s] -- Up-to-date: /home/simteamq/Desktop/SEAL/install/localization/share/localization/environment/ament_prefix_path.dsv
[1.843s] -- Up-to-date: /home/simteamq/Desktop/SEAL/install/localization/share/localization/environment/path.sh
[1.843s] -- Up-to-date: /home/simteamq/Desktop/SEAL/install/localization/share/localization/environment/path.dsv
[1.843s] -- Up-to-date: /home/simteamq/Desktop/SEAL/install/localization/share/localization/local_setup.bash
[1.843s] -- Up-to-date: /home/simteamq/Desktop/SEAL/install/localization/share/localization/local_setup.sh
[1.843s] -- Up-to-date: /home/simteamq/Desktop/SEAL/install/localization/share/localization/local_setup.zsh
[1.844s] -- Up-to-date: /home/simteamq/Desktop/SEAL/install/localization/share/localization/local_setup.dsv
[1.844s] -- Installing: /home/simteamq/Desktop/SEAL/install/localization/share/localization/package.dsv
[1.844s] -- Up-to-date: /home/simteamq/Desktop/SEAL/install/localization/share/ament_index/resource_index/packages/localization
[1.844s] -- Up-to-date: /home/simteamq/Desktop/SEAL/install/localization/share/localization/cmake/localizationConfig.cmake
[1.844s] -- Up-to-date: /home/simteamq/Desktop/SEAL/install/localization/share/localization/cmake/localizationConfig-version.cmake
[1.844s] -- Up-to-date: /home/simteamq/Desktop/SEAL/install/localization/share/localization/package.xml
[2.120s] Invoked command in '/home/simteamq/Desktop/SEAL/build/localization' returned '0': CMAKE_PREFIX_PATH=${CMAKE_PREFIX_PATH}:/home/simteamq/Desktop/SEAL/install/urdf_tutorial_r2d2:/opt/ros/foxy CONDA_PROMPT_MODIFIER=(base) /usr/bin/cmake --install /home/simteamq/Desktop/SEAL/build/localization
