[3.822s] DEBUG:colcon:Command line arguments: ['/usr/bin/colcon', 'build']
[3.822s] DEBUG:colcon:Parsed command line arguments: Namespace(allow_overriding=[], ament_cmake_args=None, base_paths=['.'], build_base='build', catkin_cmake_args=None, catkin_skip_building_tests=False, cmake_args=None, cmake_clean_cache=False, cmake_clean_first=False, cmake_force_configure=False, cmake_target=None, cmake_target_skip_unavailable=False, continue_on_error=False, event_handlers=None, executor='parallel', ignore_user_meta=False, install_base='install', log_base=None, log_level=None, main=<bound method BuildVerb.main of <colcon_core.verb.build.BuildVerb object at 0x7f9c58eee070>>, merge_install=False, metas=['./colcon.meta'], packages_above=None, packages_above_and_dependencies=None, packages_above_depth=None, packages_end=None, packages_ignore=None, packages_ignore_regex=None, packages_select=None, packages_select_build_failed=False, packages_select_by_dep=None, packages_select_regex=None, packages_select_test_failures=False, packages_skip=None, packages_skip_build_finished=False, packages_skip_by_dep=None, packages_skip_regex=None, packages_skip_test_passed=False, packages_skip_up_to=None, packages_start=None, packages_up_to=None, packages_up_to_regex=None, parallel_workers=12, paths=None, symlink_install=False, test_result_base=None, verb_extension=<colcon_core.verb.build.BuildVerb object at 0x7f9c58eee070>, verb_name='build', verb_parser=<colcon_defaults.argument_parser.defaults.DefaultArgumentsDecorator object at 0x7f9c58f10490>)
[3.981s] Level 1:colcon.colcon_core.package_discovery:discover_packages(colcon_meta) check parameters
[3.981s] Level 1:colcon.colcon_core.package_discovery:discover_packages(recursive) check parameters
[3.981s] Level 1:colcon.colcon_core.package_discovery:discover_packages(ignore) check parameters
[3.981s] Level 1:colcon.colcon_core.package_discovery:discover_packages(path) check parameters
[3.981s] Level 1:colcon.colcon_core.package_discovery:discover_packages(colcon_meta) discover
[3.981s] Level 1:colcon.colcon_core.package_discovery:discover_packages(recursive) discover
[3.981s] INFO:colcon.colcon_core.package_discovery:Crawling recursively for packages in '/home/simteamq/Desktop/SEAL/localization2'
[3.981s] Level 1:colcon.colcon_core.package_identification:_identify(.) by extensions ['ignore', 'ignore_ament_install']
[3.981s] Level 1:colcon.colcon_core.package_identification:_identify(.) by extension 'ignore'
[3.982s] Level 1:colcon.colcon_core.package_identification:_identify(.) by extension 'ignore_ament_install'
[3.982s] Level 1:colcon.colcon_core.package_identification:_identify(.) by extensions ['colcon_pkg']
[3.982s] Level 1:colcon.colcon_core.package_identification:_identify(.) by extension 'colcon_pkg'
[3.982s] Level 1:colcon.colcon_core.package_identification:_identify(.) by extensions ['colcon_meta']
[3.982s] Level 1:colcon.colcon_core.package_identification:_identify(.) by extension 'colcon_meta'
[3.982s] Level 1:colcon.colcon_core.package_identification:_identify(.) by extensions ['ros']
[3.982s] Level 1:colcon.colcon_core.package_identification:_identify(.) by extension 'ros'
[3.996s] DEBUG:colcon.colcon_core.package_identification:Package '.' with type 'ros.ament_cmake' and name 'localization2'
[3.996s] Level 1:colcon.colcon_core.package_discovery:discover_packages(recursive) using defaults
[3.996s] Level 1:colcon.colcon_core.package_discovery:discover_packages(ignore) discover
[3.996s] Level 1:colcon.colcon_core.package_discovery:discover_packages(ignore) using defaults
[3.996s] Level 1:colcon.colcon_core.package_discovery:discover_packages(path) discover
[3.996s] Level 1:colcon.colcon_core.package_discovery:discover_packages(path) using defaults
[4.349s] Level 1:colcon.colcon_core.package_discovery:discover_packages(prefix_path) check parameters
[4.349s] Level 1:colcon.colcon_core.package_discovery:discover_packages(prefix_path) discover
[4.418s] WARNING:colcon.colcon_core.prefix_path.colcon:The path '/home/simteamq/Desktop/SEAL/install' in the environment variable COLCON_PREFIX_PATH doesn't exist
[4.418s] WARNING:colcon.colcon_ros.prefix_path.ament:The path '/home/simteamq/Desktop/SEAL/install/mapping' in the environment variable AMENT_PREFIX_PATH doesn't exist
[4.418s] WARNING:colcon.colcon_ros.prefix_path.catkin:The path '/home/simteamq/Desktop/SEAL/install/mapping' in the environment variable CMAKE_PREFIX_PATH doesn't exist
[4.498s] DEBUG:colcon.colcon_installed_package_information.package_discovery:Found 1 installed packages in /home/simteamq/Desktop/SEAL/localization/install
[4.568s] DEBUG:colcon.colcon_installed_package_information.package_discovery:Found 256 installed packages in /opt/ros/foxy
[4.569s] Level 1:colcon.colcon_core.package_discovery:discover_packages(prefix_path) using defaults
[4.788s] Level 5:colcon.colcon_core.verb:set package 'localization2' build argument 'cmake_args' from command line to 'None'
[4.788s] Level 5:colcon.colcon_core.verb:set package 'localization2' build argument 'cmake_target' from command line to 'None'
[4.788s] Level 5:colcon.colcon_core.verb:set package 'localization2' build argument 'cmake_target_skip_unavailable' from command line to 'False'
[4.788s] Level 5:colcon.colcon_core.verb:set package 'localization2' build argument 'cmake_clean_cache' from command line to 'False'
[4.788s] Level 5:colcon.colcon_core.verb:set package 'localization2' build argument 'cmake_clean_first' from command line to 'False'
[4.788s] Level 5:colcon.colcon_core.verb:set package 'localization2' build argument 'cmake_force_configure' from command line to 'False'
[4.788s] Level 5:colcon.colcon_core.verb:set package 'localization2' build argument 'ament_cmake_args' from command line to 'None'
[4.788s] Level 5:colcon.colcon_core.verb:set package 'localization2' build argument 'catkin_cmake_args' from command line to 'None'
[4.788s] Level 5:colcon.colcon_core.verb:set package 'localization2' build argument 'catkin_skip_building_tests' from command line to 'False'
[4.788s] DEBUG:colcon.colcon_core.verb:Building package 'localization2' with the following arguments: {'ament_cmake_args': None, 'build_base': '/home/simteamq/Desktop/SEAL/localization2/build/localization2', 'catkin_cmake_args': None, 'catkin_skip_building_tests': False, 'cmake_args': None, 'cmake_clean_cache': False, 'cmake_clean_first': False, 'cmake_force_configure': False, 'cmake_target': None, 'cmake_target_skip_unavailable': False, 'install_base': '/home/simteamq/Desktop/SEAL/localization2/install/localization2', 'merge_install': False, 'path': '/home/simteamq/Desktop/SEAL/localization2', 'symlink_install': False, 'test_result_base': None}
[4.853s] INFO:colcon.colcon_core.executor:Executing jobs using 'parallel' executor
[4.919s] DEBUG:colcon.colcon_parallel_executor.executor.parallel:run_until_complete
[4.919s] INFO:colcon.colcon_ros.task.ament_cmake.build:Building ROS package in '/home/simteamq/Desktop/SEAL/localization2' with build type 'ament_cmake'
[4.920s] INFO:colcon.colcon_cmake.task.cmake.build:Building CMake package in '/home/simteamq/Desktop/SEAL/localization2'
[4.992s] INFO:colcon.colcon_core.plugin_system:Skipping extension 'colcon_core.shell.bat': Not used on non-Windows systems
[4.993s] INFO:colcon.colcon_core.shell:Skip shell extension 'powershell' for command environment: Not usable outside of PowerShell
[4.995s] DEBUG:colcon.colcon_core.shell:Skip shell extension 'dsv' for command environment
[5.222s] DEBUG:colcon.colcon_core.event_handler.log_command:Invoking command in '/home/simteamq/Desktop/SEAL/localization2/build/localization2': CMAKE_PREFIX_PATH=${CMAKE_PREFIX_PATH}:/opt/ros/foxy CONDA_PROMPT_MODIFIER=(base) /usr/bin/cmake --build /home/simteamq/Desktop/SEAL/localization2/build/localization2 -- -j12 -l12
[12.750s] DEBUG:colcon.colcon_core.event_handler.log_command:Invoked command in '/home/simteamq/Desktop/SEAL/localization2/build/localization2' returned '0': CMAKE_PREFIX_PATH=${CMAKE_PREFIX_PATH}:/opt/ros/foxy CONDA_PROMPT_MODIFIER=(base) /usr/bin/cmake --build /home/simteamq/Desktop/SEAL/localization2/build/localization2 -- -j12 -l12
[12.811s] DEBUG:colcon.colcon_core.event_handler.log_command:Invoking command in '/home/simteamq/Desktop/SEAL/localization2/build/localization2': CMAKE_PREFIX_PATH=${CMAKE_PREFIX_PATH}:/opt/ros/foxy CONDA_PROMPT_MODIFIER=(base) /usr/bin/cmake --install /home/simteamq/Desktop/SEAL/localization2/build/localization2
[12.832s] Level 1:colcon.colcon_core.environment:create_environment_scripts_only(localization2)
[12.833s] DEBUG:colcon.colcon_core.event_handler.log_command:Invoked command in '/home/simteamq/Desktop/SEAL/localization2/build/localization2' returned '0': CMAKE_PREFIX_PATH=${CMAKE_PREFIX_PATH}:/opt/ros/foxy CONDA_PROMPT_MODIFIER=(base) /usr/bin/cmake --install /home/simteamq/Desktop/SEAL/localization2/build/localization2
[12.935s] Level 1:colcon.colcon_core.environment:checking '/home/simteamq/Desktop/SEAL/localization2/install/localization2' for CMake module files
[12.936s] Level 1:colcon.colcon_core.environment:checking '/home/simteamq/Desktop/SEAL/localization2/install/localization2' for CMake config files
[12.936s] Level 1:colcon.colcon_core.shell:create_environment_hook('localization2', 'cmake_prefix_path')
[13.007s] INFO:colcon.colcon_core.shell:Creating environment hook '/home/simteamq/Desktop/SEAL/localization2/install/localization2/share/localization2/hook/cmake_prefix_path.ps1'
[13.008s] INFO:colcon.colcon_core.shell:Creating environment descriptor '/home/simteamq/Desktop/SEAL/localization2/install/localization2/share/localization2/hook/cmake_prefix_path.dsv'
[13.009s] INFO:colcon.colcon_core.shell:Creating environment hook '/home/simteamq/Desktop/SEAL/localization2/install/localization2/share/localization2/hook/cmake_prefix_path.sh'
[13.010s] Level 1:colcon.colcon_core.environment:checking '/home/simteamq/Desktop/SEAL/localization2/install/localization2/lib'
[13.010s] Level 1:colcon.colcon_core.environment:checking '/home/simteamq/Desktop/SEAL/localization2/install/localization2/bin'
[13.010s] Level 1:colcon.colcon_core.environment:checking '/home/simteamq/Desktop/SEAL/localization2/install/localization2/lib/pkgconfig/localization2.pc'
[13.010s] Level 1:colcon.colcon_core.environment:checking '/home/simteamq/Desktop/SEAL/localization2/install/localization2/lib/python3.8/site-packages'
[13.011s] Level 1:colcon.colcon_core.environment:checking '/home/simteamq/Desktop/SEAL/localization2/install/localization2/bin'
[13.083s] INFO:colcon.colcon_core.shell:Creating package script '/home/simteamq/Desktop/SEAL/localization2/install/localization2/share/localization2/package.ps1'
[13.084s] INFO:colcon.colcon_core.shell:Creating package descriptor '/home/simteamq/Desktop/SEAL/localization2/install/localization2/share/localization2/package.dsv'
[13.085s] INFO:colcon.colcon_core.shell:Creating package script '/home/simteamq/Desktop/SEAL/localization2/install/localization2/share/localization2/package.sh'
[13.086s] INFO:colcon.colcon_core.shell:Creating package script '/home/simteamq/Desktop/SEAL/localization2/install/localization2/share/localization2/package.bash'
[13.086s] INFO:colcon.colcon_core.shell:Creating package script '/home/simteamq/Desktop/SEAL/localization2/install/localization2/share/localization2/package.zsh'
[13.087s] Level 1:colcon.colcon_core.environment:create_file_with_runtime_dependencies(/home/simteamq/Desktop/SEAL/localization2/install/localization2/share/colcon-core/packages/localization2)
[13.221s] Level 1:colcon.colcon_core.environment:create_environment_scripts_only(localization2)
[13.307s] Level 1:colcon.colcon_core.environment:checking '/home/simteamq/Desktop/SEAL/localization2/install/localization2' for CMake module files
[13.307s] Level 1:colcon.colcon_core.environment:checking '/home/simteamq/Desktop/SEAL/localization2/install/localization2' for CMake config files
[13.308s] Level 1:colcon.colcon_core.shell:create_environment_hook('localization2', 'cmake_prefix_path')
[13.393s] INFO:colcon.colcon_core.shell:Creating environment hook '/home/simteamq/Desktop/SEAL/localization2/install/localization2/share/localization2/hook/cmake_prefix_path.ps1'
[13.394s] INFO:colcon.colcon_core.shell:Creating environment descriptor '/home/simteamq/Desktop/SEAL/localization2/install/localization2/share/localization2/hook/cmake_prefix_path.dsv'
[13.394s] INFO:colcon.colcon_core.shell:Creating environment hook '/home/simteamq/Desktop/SEAL/localization2/install/localization2/share/localization2/hook/cmake_prefix_path.sh'
[13.395s] Level 1:colcon.colcon_core.environment:checking '/home/simteamq/Desktop/SEAL/localization2/install/localization2/lib'
[13.395s] Level 1:colcon.colcon_core.environment:checking '/home/simteamq/Desktop/SEAL/localization2/install/localization2/bin'
[13.395s] Level 1:colcon.colcon_core.environment:checking '/home/simteamq/Desktop/SEAL/localization2/install/localization2/lib/pkgconfig/localization2.pc'
[13.395s] Level 1:colcon.colcon_core.environment:checking '/home/simteamq/Desktop/SEAL/localization2/install/localization2/lib/python3.8/site-packages'
[13.396s] Level 1:colcon.colcon_core.environment:checking '/home/simteamq/Desktop/SEAL/localization2/install/localization2/bin'
[13.480s] INFO:colcon.colcon_core.shell:Creating package script '/home/simteamq/Desktop/SEAL/localization2/install/localization2/share/localization2/package.ps1'
[13.481s] INFO:colcon.colcon_core.shell:Creating package descriptor '/home/simteamq/Desktop/SEAL/localization2/install/localization2/share/localization2/package.dsv'
[13.481s] INFO:colcon.colcon_core.shell:Creating package script '/home/simteamq/Desktop/SEAL/localization2/install/localization2/share/localization2/package.sh'
[13.482s] INFO:colcon.colcon_core.shell:Creating package script '/home/simteamq/Desktop/SEAL/localization2/install/localization2/share/localization2/package.bash'
[13.482s] INFO:colcon.colcon_core.shell:Creating package script '/home/simteamq/Desktop/SEAL/localization2/install/localization2/share/localization2/package.zsh'
[13.483s] Level 1:colcon.colcon_core.environment:create_file_with_runtime_dependencies(/home/simteamq/Desktop/SEAL/localization2/install/localization2/share/colcon-core/packages/localization2)
[13.483s] DEBUG:colcon.colcon_parallel_executor.executor.parallel:closing loop
[13.484s] DEBUG:colcon.colcon_parallel_executor.executor.parallel:loop closed
[13.484s] DEBUG:colcon.colcon_parallel_executor.executor.parallel:run_until_complete finished with '0'
[13.484s] DEBUG:colcon.colcon_core.event_reactor:joining thread
[13.584s] INFO:colcon.colcon_core.plugin_system:Skipping extension 'colcon_notification.desktop_notification.terminal_notifier': Not used on non-Darwin systems
[13.585s] INFO:colcon.colcon_core.plugin_system:Skipping extension 'colcon_notification.desktop_notification.win32': Not used on non-Windows systems
[13.585s] INFO:colcon.colcon_notification.desktop_notification:Sending desktop notification using 'notify2'
[13.609s] DEBUG:colcon.colcon_core.event_reactor:joined thread
[13.685s] INFO:colcon.colcon_core.shell:Creating prefix script '/home/simteamq/Desktop/SEAL/localization2/install/local_setup.ps1'
[13.686s] INFO:colcon.colcon_core.shell:Creating prefix util module '/home/simteamq/Desktop/SEAL/localization2/install/_local_setup_util_ps1.py'
[13.688s] INFO:colcon.colcon_core.shell:Creating prefix chain script '/home/simteamq/Desktop/SEAL/localization2/install/setup.ps1'
[13.759s] INFO:colcon.colcon_core.shell:Creating prefix script '/home/simteamq/Desktop/SEAL/localization2/install/local_setup.sh'
[13.760s] INFO:colcon.colcon_core.shell:Creating prefix util module '/home/simteamq/Desktop/SEAL/localization2/install/_local_setup_util_sh.py'
[13.760s] INFO:colcon.colcon_core.shell:Creating prefix chain script '/home/simteamq/Desktop/SEAL/localization2/install/setup.sh'
[13.829s] INFO:colcon.colcon_core.shell:Creating prefix script '/home/simteamq/Desktop/SEAL/localization2/install/local_setup.bash'
[13.830s] INFO:colcon.colcon_core.shell:Creating prefix chain script '/home/simteamq/Desktop/SEAL/localization2/install/setup.bash'
[13.900s] INFO:colcon.colcon_core.shell:Creating prefix script '/home/simteamq/Desktop/SEAL/localization2/install/local_setup.zsh'
[13.901s] INFO:colcon.colcon_core.shell:Creating prefix chain script '/home/simteamq/Desktop/SEAL/localization2/install/setup.zsh'
