[1.851s] Invoking command in '/home/simteamq/Desktop/SEAL/bzik': CONDA_PROMPT_MODIFIER=(base) PYTHONPATH=/home/simteamq/Desktop/SEAL/build/urdf_tutorial_r2d2/prefix_override:/home/simteamq/Desktop/SEAL/install/urdf_tutorial_r2d2/lib/python3.8/site-packages:${PYTHONPATH} /usr/bin/python3 setup.py egg_info --egg-base ../build/urdf_tutorial_r2d2 build --build-base /home/simteamq/Desktop/SEAL/build/urdf_tutorial_r2d2/build install --record /home/simteamq/Desktop/SEAL/build/urdf_tutorial_r2d2/install.log --install-scripts $base/lib/urdf_tutorial_r2d2 --single-version-externally-managed
[2.223s] running egg_info
[2.224s] creating ../build/urdf_tutorial_r2d2/urdf_tutorial_r2d2.egg-info
[2.224s] writing ../build/urdf_tutorial_r2d2/urdf_tutorial_r2d2.egg-info/PKG-INFO
[2.224s] writing dependency_links to ../build/urdf_tutorial_r2d2/urdf_tutorial_r2d2.egg-info/dependency_links.txt
[2.225s] writing entry points to ../build/urdf_tutorial_r2d2/urdf_tutorial_r2d2.egg-info/entry_points.txt
[2.225s] writing requirements to ../build/urdf_tutorial_r2d2/urdf_tutorial_r2d2.egg-info/requires.txt
[2.225s] writing top-level names to ../build/urdf_tutorial_r2d2/urdf_tutorial_r2d2.egg-info/top_level.txt
[2.226s] writing manifest file '../build/urdf_tutorial_r2d2/urdf_tutorial_r2d2.egg-info/SOURCES.txt'
[2.273s] reading manifest file '../build/urdf_tutorial_r2d2/urdf_tutorial_r2d2.egg-info/SOURCES.txt'
[2.274s] writing manifest file '../build/urdf_tutorial_r2d2/urdf_tutorial_r2d2.egg-info/SOURCES.txt'
[2.274s] running build
[2.275s] running build_py
[2.275s] creating /home/simteamq/Desktop/SEAL/build/urdf_tutorial_r2d2/build
[2.275s] creating /home/simteamq/Desktop/SEAL/build/urdf_tutorial_r2d2/build/lib
[2.275s] creating /home/simteamq/Desktop/SEAL/build/urdf_tutorial_r2d2/build/lib/urdf_tutorial_r2d2
[2.275s] copying urdf_tutorial_r2d2/state_publisher.py -> /home/simteamq/Desktop/SEAL/build/urdf_tutorial_r2d2/build/lib/urdf_tutorial_r2d2
[2.275s] copying urdf_tutorial_r2d2/__init__.py -> /home/simteamq/Desktop/SEAL/build/urdf_tutorial_r2d2/build/lib/urdf_tutorial_r2d2
[2.276s] running install
[2.276s] running install_lib
[2.277s] creating /home/simteamq/Desktop/SEAL/install/urdf_tutorial_r2d2/lib/python3.8/site-packages/urdf_tutorial_r2d2
[2.277s] copying /home/simteamq/Desktop/SEAL/build/urdf_tutorial_r2d2/build/lib/urdf_tutorial_r2d2/state_publisher.py -> /home/simteamq/Desktop/SEAL/install/urdf_tutorial_r2d2/lib/python3.8/site-packages/urdf_tutorial_r2d2
[2.278s] copying /home/simteamq/Desktop/SEAL/build/urdf_tutorial_r2d2/build/lib/urdf_tutorial_r2d2/__init__.py -> /home/simteamq/Desktop/SEAL/install/urdf_tutorial_r2d2/lib/python3.8/site-packages/urdf_tutorial_r2d2
[2.278s] byte-compiling /home/simteamq/Desktop/SEAL/install/urdf_tutorial_r2d2/lib/python3.8/site-packages/urdf_tutorial_r2d2/state_publisher.py to state_publisher.cpython-38.pyc
[2.281s] byte-compiling /home/simteamq/Desktop/SEAL/install/urdf_tutorial_r2d2/lib/python3.8/site-packages/urdf_tutorial_r2d2/__init__.py to __init__.cpython-38.pyc
[2.281s] running install_data
[2.281s] creating /home/simteamq/Desktop/SEAL/install/urdf_tutorial_r2d2/share/ament_index
[2.282s] creating /home/simteamq/Desktop/SEAL/install/urdf_tutorial_r2d2/share/ament_index/resource_index
[2.282s] creating /home/simteamq/Desktop/SEAL/install/urdf_tutorial_r2d2/share/ament_index/resource_index/packages
[2.282s] copying resource/urdf_tutorial_r2d2 -> /home/simteamq/Desktop/SEAL/install/urdf_tutorial_r2d2/share/ament_index/resource_index/packages
[2.283s] copying package.xml -> /home/simteamq/Desktop/SEAL/install/urdf_tutorial_r2d2/share/urdf_tutorial_r2d2
[2.283s] creating /home/simteamq/Desktop/SEAL/install/urdf_tutorial_r2d2/share/urdf_tutorial_r2d2/launch
[2.283s] copying launch/demo.launch.py -> /home/simteamq/Desktop/SEAL/install/urdf_tutorial_r2d2/share/urdf_tutorial_r2d2/launch
[2.283s] copying urdf/r2d2.rviz -> /home/simteamq/Desktop/SEAL/install/urdf_tutorial_r2d2/share/urdf_tutorial_r2d2
[2.283s] copying urdf/r2d2.urdf.xml -> /home/simteamq/Desktop/SEAL/install/urdf_tutorial_r2d2/share/urdf_tutorial_r2d2
[2.284s] copying meshes/Bzik.stl -> /home/simteamq/Desktop/SEAL/install/urdf_tutorial_r2d2/share/urdf_tutorial_r2d2
[2.292s] running install_egg_info
[2.295s] Copying ../build/urdf_tutorial_r2d2/urdf_tutorial_r2d2.egg-info to /home/simteamq/Desktop/SEAL/install/urdf_tutorial_r2d2/lib/python3.8/site-packages/urdf_tutorial_r2d2-0.0.0-py3.8.egg-info
[2.296s] running install_scripts
[2.320s] Installing state_publisher script to /home/simteamq/Desktop/SEAL/install/urdf_tutorial_r2d2/lib/urdf_tutorial_r2d2
[2.320s] writing list of installed files to '/home/simteamq/Desktop/SEAL/build/urdf_tutorial_r2d2/install.log'
[2.348s] Invoked command in '/home/simteamq/Desktop/SEAL/bzik' returned '0': CONDA_PROMPT_MODIFIER=(base) PYTHONPATH=/home/simteamq/Desktop/SEAL/build/urdf_tutorial_r2d2/prefix_override:/home/simteamq/Desktop/SEAL/install/urdf_tutorial_r2d2/lib/python3.8/site-packages:${PYTHONPATH} /usr/bin/python3 setup.py egg_info --egg-base ../build/urdf_tutorial_r2d2 build --build-base /home/simteamq/Desktop/SEAL/build/urdf_tutorial_r2d2/build install --record /home/simteamq/Desktop/SEAL/build/urdf_tutorial_r2d2/install.log --install-scripts $base/lib/urdf_tutorial_r2d2 --single-version-externally-managed
