[4.078s] DEBUG:colcon:Command line arguments: ['/usr/bin/colcon', 'build']
[4.079s] DEBUG:colcon:Parsed command line arguments: Namespace(allow_overriding=[], ament_cmake_args=None, base_paths=['.'], build_base='build', catkin_cmake_args=None, catkin_skip_building_tests=False, cmake_args=None, cmake_clean_cache=False, cmake_clean_first=False, cmake_force_configure=False, cmake_target=None, cmake_target_skip_unavailable=False, continue_on_error=False, event_handlers=None, executor='parallel', ignore_user_meta=False, install_base='install', log_base=None, log_level=None, main=<bound method BuildVerb.main of <colcon_core.verb.build.BuildVerb object at 0x7f694fd9dfd0>>, merge_install=False, metas=['./colcon.meta'], packages_above=None, packages_above_and_dependencies=None, packages_above_depth=None, packages_end=None, packages_ignore=None, packages_ignore_regex=None, packages_select=None, packages_select_build_failed=False, packages_select_by_dep=None, packages_select_regex=None, packages_select_test_failures=False, packages_skip=None, packages_skip_build_finished=False, packages_skip_by_dep=None, packages_skip_regex=None, packages_skip_test_passed=False, packages_skip_up_to=None, packages_start=None, packages_up_to=None, packages_up_to_regex=None, parallel_workers=12, paths=None, symlink_install=False, test_result_base=None, verb_extension=<colcon_core.verb.build.BuildVerb object at 0x7f694fd9dfd0>, verb_name='build', verb_parser=<colcon_defaults.argument_parser.defaults.DefaultArgumentsDecorator object at 0x7f694fd9ddf0>)
[4.257s] Level 1:colcon.colcon_core.package_discovery:discover_packages(colcon_meta) check parameters
[4.258s] Level 1:colcon.colcon_core.package_discovery:discover_packages(recursive) check parameters
[4.258s] Level 1:colcon.colcon_core.package_discovery:discover_packages(ignore) check parameters
[4.258s] Level 1:colcon.colcon_core.package_discovery:discover_packages(path) check parameters
[4.258s] Level 1:colcon.colcon_core.package_discovery:discover_packages(colcon_meta) discover
[4.258s] Level 1:colcon.colcon_core.package_discovery:discover_packages(recursive) discover
[4.258s] INFO:colcon.colcon_core.package_discovery:Crawling recursively for packages in '/home/simteamq/Desktop/SEAL'
[4.258s] Level 1:colcon.colcon_core.package_identification:_identify(.) by extensions ['ignore', 'ignore_ament_install']
[4.258s] Level 1:colcon.colcon_core.package_identification:_identify(.) by extension 'ignore'
[4.258s] Level 1:colcon.colcon_core.package_identification:_identify(.) by extension 'ignore_ament_install'
[4.258s] Level 1:colcon.colcon_core.package_identification:_identify(.) by extensions ['colcon_pkg']
[4.258s] Level 1:colcon.colcon_core.package_identification:_identify(.) by extension 'colcon_pkg'
[4.258s] Level 1:colcon.colcon_core.package_identification:_identify(.) by extensions ['colcon_meta']
[4.258s] Level 1:colcon.colcon_core.package_identification:_identify(.) by extension 'colcon_meta'
[4.259s] Level 1:colcon.colcon_core.package_identification:_identify(.) by extensions ['ros']
[4.259s] Level 1:colcon.colcon_core.package_identification:_identify(.) by extension 'ros'
[4.276s] DEBUG:colcon.colcon_core.package_identification:Package '.' with type 'ros.ament_cmake' and name 'main'
[4.276s] Level 1:colcon.colcon_core.package_discovery:discover_packages(recursive) using defaults
[4.276s] Level 1:colcon.colcon_core.package_discovery:discover_packages(ignore) discover
[4.276s] Level 1:colcon.colcon_core.package_discovery:discover_packages(ignore) using defaults
[4.276s] Level 1:colcon.colcon_core.package_discovery:discover_packages(path) discover
[4.276s] Level 1:colcon.colcon_core.package_discovery:discover_packages(path) using defaults
[4.645s] Level 1:colcon.colcon_core.package_discovery:discover_packages(prefix_path) check parameters
[4.645s] Level 1:colcon.colcon_core.package_discovery:discover_packages(prefix_path) discover
[4.811s] DEBUG:colcon.colcon_installed_package_information.package_discovery:Found 256 installed packages in /opt/ros/foxy
[4.813s] Level 1:colcon.colcon_core.package_discovery:discover_packages(prefix_path) using defaults
[5.049s] Level 5:colcon.colcon_core.verb:set package 'main' build argument 'cmake_args' from command line to 'None'
[5.049s] Level 5:colcon.colcon_core.verb:set package 'main' build argument 'cmake_target' from command line to 'None'
[5.049s] Level 5:colcon.colcon_core.verb:set package 'main' build argument 'cmake_target_skip_unavailable' from command line to 'False'
[5.049s] Level 5:colcon.colcon_core.verb:set package 'main' build argument 'cmake_clean_cache' from command line to 'False'
[5.049s] Level 5:colcon.colcon_core.verb:set package 'main' build argument 'cmake_clean_first' from command line to 'False'
[5.050s] Level 5:colcon.colcon_core.verb:set package 'main' build argument 'cmake_force_configure' from command line to 'False'
[5.050s] Level 5:colcon.colcon_core.verb:set package 'main' build argument 'ament_cmake_args' from command line to 'None'
[5.050s] Level 5:colcon.colcon_core.verb:set package 'main' build argument 'catkin_cmake_args' from command line to 'None'
[5.050s] Level 5:colcon.colcon_core.verb:set package 'main' build argument 'catkin_skip_building_tests' from command line to 'False'
[5.050s] DEBUG:colcon.colcon_core.verb:Building package 'main' with the following arguments: {'ament_cmake_args': None, 'build_base': '/home/simteamq/Desktop/SEAL/build/main', 'catkin_cmake_args': None, 'catkin_skip_building_tests': False, 'cmake_args': None, 'cmake_clean_cache': False, 'cmake_clean_first': False, 'cmake_force_configure': False, 'cmake_target': None, 'cmake_target_skip_unavailable': False, 'install_base': '/home/simteamq/Desktop/SEAL/install/main', 'merge_install': False, 'path': '/home/simteamq/Desktop/SEAL', 'symlink_install': False, 'test_result_base': None}
[5.116s] INFO:colcon.colcon_core.executor:Executing jobs using 'parallel' executor
[5.183s] DEBUG:colcon.colcon_parallel_executor.executor.parallel:run_until_complete
[5.184s] INFO:colcon.colcon_ros.task.ament_cmake.build:Building ROS package in '/home/simteamq/Desktop/SEAL' with build type 'ament_cmake'
[5.184s] INFO:colcon.colcon_cmake.task.cmake.build:Building CMake package in '/home/simteamq/Desktop/SEAL'
[5.259s] INFO:colcon.colcon_core.plugin_system:Skipping extension 'colcon_core.shell.bat': Not used on non-Windows systems
[5.259s] INFO:colcon.colcon_core.shell:Skip shell extension 'powershell' for command environment: Not usable outside of PowerShell
[5.259s] DEBUG:colcon.colcon_core.shell:Skip shell extension 'dsv' for command environment
[5.421s] DEBUG:colcon.colcon_core.event_handler.log_command:Invoking command in '/home/simteamq/Desktop/SEAL/build/main': CMAKE_PREFIX_PATH=/opt/ros/foxy CONDA_PROMPT_MODIFIER=(base) /usr/bin/cmake --build /home/simteamq/Desktop/SEAL/build/main -- -j12 -l12
[5.564s] DEBUG:colcon.colcon_core.event_handler.log_command:Invoked command in '/home/simteamq/Desktop/SEAL/build/main' returned '0': CMAKE_PREFIX_PATH=/opt/ros/foxy CONDA_PROMPT_MODIFIER=(base) /usr/bin/cmake --build /home/simteamq/Desktop/SEAL/build/main -- -j12 -l12
[5.645s] DEBUG:colcon.colcon_core.event_handler.log_command:Invoking command in '/home/simteamq/Desktop/SEAL/build/main': CMAKE_PREFIX_PATH=/opt/ros/foxy CONDA_PROMPT_MODIFIER=(base) /usr/bin/cmake --install /home/simteamq/Desktop/SEAL/build/main
[5.686s] Level 1:colcon.colcon_core.environment:create_environment_scripts_only(main)
[5.687s] DEBUG:colcon.colcon_core.event_handler.log_command:Invoked command in '/home/simteamq/Desktop/SEAL/build/main' returned '0': CMAKE_PREFIX_PATH=/opt/ros/foxy CONDA_PROMPT_MODIFIER=(base) /usr/bin/cmake --install /home/simteamq/Desktop/SEAL/build/main
[5.781s] Level 1:colcon.colcon_core.environment:checking '/home/simteamq/Desktop/SEAL/install/main' for CMake module files
[5.782s] Level 1:colcon.colcon_core.environment:checking '/home/simteamq/Desktop/SEAL/install/main' for CMake config files
[5.782s] Level 1:colcon.colcon_core.shell:create_environment_hook('main', 'cmake_prefix_path')
[5.899s] INFO:colcon.colcon_core.shell:Creating environment hook '/home/simteamq/Desktop/SEAL/install/main/share/main/hook/cmake_prefix_path.ps1'
[5.899s] INFO:colcon.colcon_core.shell:Creating environment descriptor '/home/simteamq/Desktop/SEAL/install/main/share/main/hook/cmake_prefix_path.dsv'
[5.900s] INFO:colcon.colcon_core.shell:Creating environment hook '/home/simteamq/Desktop/SEAL/install/main/share/main/hook/cmake_prefix_path.sh'
[5.901s] Level 1:colcon.colcon_core.environment:checking '/home/simteamq/Desktop/SEAL/install/main/lib'
[5.901s] Level 1:colcon.colcon_core.environment:checking '/home/simteamq/Desktop/SEAL/install/main/bin'
[5.901s] Level 1:colcon.colcon_core.environment:checking '/home/simteamq/Desktop/SEAL/install/main/lib/pkgconfig/main.pc'
[5.902s] Level 1:colcon.colcon_core.environment:checking '/home/simteamq/Desktop/SEAL/install/main/lib/python3.8/site-packages'
[5.902s] Level 1:colcon.colcon_core.environment:checking '/home/simteamq/Desktop/SEAL/install/main/bin'
[5.984s] INFO:colcon.colcon_core.shell:Creating package script '/home/simteamq/Desktop/SEAL/install/main/share/main/package.ps1'
[5.985s] INFO:colcon.colcon_core.shell:Creating package descriptor '/home/simteamq/Desktop/SEAL/install/main/share/main/package.dsv'
[5.986s] INFO:colcon.colcon_core.shell:Creating package script '/home/simteamq/Desktop/SEAL/install/main/share/main/package.sh'
[5.986s] INFO:colcon.colcon_core.shell:Creating package script '/home/simteamq/Desktop/SEAL/install/main/share/main/package.bash'
[5.987s] INFO:colcon.colcon_core.shell:Creating package script '/home/simteamq/Desktop/SEAL/install/main/share/main/package.zsh'
[5.988s] Level 1:colcon.colcon_core.environment:create_file_with_runtime_dependencies(/home/simteamq/Desktop/SEAL/install/main/share/colcon-core/packages/main)
[6.135s] Level 1:colcon.colcon_core.environment:create_environment_scripts_only(main)
[6.254s] Level 1:colcon.colcon_core.environment:checking '/home/simteamq/Desktop/SEAL/install/main' for CMake module files
[6.255s] Level 1:colcon.colcon_core.environment:checking '/home/simteamq/Desktop/SEAL/install/main' for CMake config files
[6.255s] Level 1:colcon.colcon_core.shell:create_environment_hook('main', 'cmake_prefix_path')
[6.344s] INFO:colcon.colcon_core.shell:Creating environment hook '/home/simteamq/Desktop/SEAL/install/main/share/main/hook/cmake_prefix_path.ps1'
[6.344s] INFO:colcon.colcon_core.shell:Creating environment descriptor '/home/simteamq/Desktop/SEAL/install/main/share/main/hook/cmake_prefix_path.dsv'
[6.345s] INFO:colcon.colcon_core.shell:Creating environment hook '/home/simteamq/Desktop/SEAL/install/main/share/main/hook/cmake_prefix_path.sh'
[6.346s] Level 1:colcon.colcon_core.environment:checking '/home/simteamq/Desktop/SEAL/install/main/lib'
[6.346s] Level 1:colcon.colcon_core.environment:checking '/home/simteamq/Desktop/SEAL/install/main/bin'
[6.346s] Level 1:colcon.colcon_core.environment:checking '/home/simteamq/Desktop/SEAL/install/main/lib/pkgconfig/main.pc'
[6.346s] Level 1:colcon.colcon_core.environment:checking '/home/simteamq/Desktop/SEAL/install/main/lib/python3.8/site-packages'
[6.347s] Level 1:colcon.colcon_core.environment:checking '/home/simteamq/Desktop/SEAL/install/main/bin'
[6.438s] INFO:colcon.colcon_core.shell:Creating package script '/home/simteamq/Desktop/SEAL/install/main/share/main/package.ps1'
[6.439s] INFO:colcon.colcon_core.shell:Creating package descriptor '/home/simteamq/Desktop/SEAL/install/main/share/main/package.dsv'
[6.440s] INFO:colcon.colcon_core.shell:Creating package script '/home/simteamq/Desktop/SEAL/install/main/share/main/package.sh'
[6.440s] INFO:colcon.colcon_core.shell:Creating package script '/home/simteamq/Desktop/SEAL/install/main/share/main/package.bash'
[6.441s] INFO:colcon.colcon_core.shell:Creating package script '/home/simteamq/Desktop/SEAL/install/main/share/main/package.zsh'
[6.441s] Level 1:colcon.colcon_core.environment:create_file_with_runtime_dependencies(/home/simteamq/Desktop/SEAL/install/main/share/colcon-core/packages/main)
[6.442s] DEBUG:colcon.colcon_parallel_executor.executor.parallel:closing loop
[6.442s] DEBUG:colcon.colcon_parallel_executor.executor.parallel:loop closed
[6.443s] DEBUG:colcon.colcon_parallel_executor.executor.parallel:run_until_complete finished with '0'
[6.443s] DEBUG:colcon.colcon_core.event_reactor:joining thread
[6.546s] INFO:colcon.colcon_core.plugin_system:Skipping extension 'colcon_notification.desktop_notification.terminal_notifier': Not used on non-Darwin systems
[6.546s] INFO:colcon.colcon_core.plugin_system:Skipping extension 'colcon_notification.desktop_notification.win32': Not used on non-Windows systems
[6.546s] INFO:colcon.colcon_notification.desktop_notification:Sending desktop notification using 'notify2'
[6.569s] DEBUG:colcon.colcon_core.event_reactor:joined thread
[6.655s] INFO:colcon.colcon_core.shell:Creating prefix script '/home/simteamq/Desktop/SEAL/install/local_setup.ps1'
[6.657s] INFO:colcon.colcon_core.shell:Creating prefix util module '/home/simteamq/Desktop/SEAL/install/_local_setup_util_ps1.py'
[6.658s] INFO:colcon.colcon_core.shell:Creating prefix chain script '/home/simteamq/Desktop/SEAL/install/setup.ps1'
[6.762s] INFO:colcon.colcon_core.shell:Creating prefix script '/home/simteamq/Desktop/SEAL/install/local_setup.sh'
[6.762s] INFO:colcon.colcon_core.shell:Creating prefix util module '/home/simteamq/Desktop/SEAL/install/_local_setup_util_sh.py'
[6.763s] INFO:colcon.colcon_core.shell:Creating prefix chain script '/home/simteamq/Desktop/SEAL/install/setup.sh'
[6.852s] INFO:colcon.colcon_core.shell:Creating prefix script '/home/simteamq/Desktop/SEAL/install/local_setup.bash'
[6.853s] INFO:colcon.colcon_core.shell:Creating prefix chain script '/home/simteamq/Desktop/SEAL/install/setup.bash'
[6.941s] INFO:colcon.colcon_core.shell:Creating prefix script '/home/simteamq/Desktop/SEAL/install/local_setup.zsh'
[6.942s] INFO:colcon.colcon_core.shell:Creating prefix chain script '/home/simteamq/Desktop/SEAL/install/setup.zsh'
