[3.794s] DEBUG:colcon:Command line arguments: ['/usr/bin/colcon', 'build']
[3.795s] DEBUG:colcon:Parsed command line arguments: Namespace(allow_overriding=[], ament_cmake_args=None, base_paths=['.'], build_base='build', catkin_cmake_args=None, catkin_skip_building_tests=False, cmake_args=None, cmake_clean_cache=False, cmake_clean_first=False, cmake_force_configure=False, cmake_target=None, cmake_target_skip_unavailable=False, continue_on_error=False, event_handlers=None, executor='parallel', ignore_user_meta=False, install_base='install', log_base=None, log_level=None, main=<bound method BuildVerb.main of <colcon_core.verb.build.BuildVerb object at 0x7f3c427e31c0>>, merge_install=False, metas=['./colcon.meta'], packages_above=None, packages_above_and_dependencies=None, packages_above_depth=None, packages_end=None, packages_ignore=None, packages_ignore_regex=None, packages_select=None, packages_select_build_failed=False, packages_select_by_dep=None, packages_select_regex=None, packages_select_test_failures=False, packages_skip=None, packages_skip_build_finished=False, packages_skip_by_dep=None, packages_skip_regex=None, packages_skip_test_passed=False, packages_skip_up_to=None, packages_start=None, packages_up_to=None, packages_up_to_regex=None, parallel_workers=12, paths=None, symlink_install=False, test_result_base=None, verb_extension=<colcon_core.verb.build.BuildVerb object at 0x7f3c427e31c0>, verb_name='build', verb_parser=<colcon_defaults.argument_parser.defaults.DefaultArgumentsDecorator object at 0x7f3c427dfe80>)
[3.953s] Level 1:colcon.colcon_core.package_discovery:discover_packages(colcon_meta) check parameters
[3.953s] Level 1:colcon.colcon_core.package_discovery:discover_packages(recursive) check parameters
[3.953s] Level 1:colcon.colcon_core.package_discovery:discover_packages(ignore) check parameters
[3.953s] Level 1:colcon.colcon_core.package_discovery:discover_packages(path) check parameters
[3.953s] Level 1:colcon.colcon_core.package_discovery:discover_packages(colcon_meta) discover
[3.953s] Level 1:colcon.colcon_core.package_discovery:discover_packages(recursive) discover
[3.953s] INFO:colcon.colcon_core.package_discovery:Crawling recursively for packages in '/home/simteamq/Desktop/SEAL/localization'
[3.953s] Level 1:colcon.colcon_core.package_identification:_identify(.) by extensions ['ignore', 'ignore_ament_install']
[3.954s] Level 1:colcon.colcon_core.package_identification:_identify(.) by extension 'ignore'
[3.954s] Level 1:colcon.colcon_core.package_identification:_identify(.) by extension 'ignore_ament_install'
[3.954s] Level 1:colcon.colcon_core.package_identification:_identify(.) by extensions ['colcon_pkg']
[3.954s] Level 1:colcon.colcon_core.package_identification:_identify(.) by extension 'colcon_pkg'
[3.954s] Level 1:colcon.colcon_core.package_identification:_identify(.) by extensions ['colcon_meta']
[3.954s] Level 1:colcon.colcon_core.package_identification:_identify(.) by extension 'colcon_meta'
[3.954s] Level 1:colcon.colcon_core.package_identification:_identify(.) by extensions ['ros']
[3.954s] Level 1:colcon.colcon_core.package_identification:_identify(.) by extension 'ros'
[3.969s] DEBUG:colcon.colcon_core.package_identification:Package '.' with type 'ros.ament_cmake' and name 'localization'
[3.969s] Level 1:colcon.colcon_core.package_discovery:discover_packages(recursive) using defaults
[3.969s] Level 1:colcon.colcon_core.package_discovery:discover_packages(ignore) discover
[3.969s] Level 1:colcon.colcon_core.package_discovery:discover_packages(ignore) using defaults
[3.969s] Level 1:colcon.colcon_core.package_discovery:discover_packages(path) discover
[3.969s] Level 1:colcon.colcon_core.package_discovery:discover_packages(path) using defaults
[4.322s] Level 1:colcon.colcon_core.package_discovery:discover_packages(prefix_path) check parameters
[4.322s] Level 1:colcon.colcon_core.package_discovery:discover_packages(prefix_path) discover
[4.465s] DEBUG:colcon.colcon_installed_package_information.package_discovery:Found 1 installed packages in /home/simteamq/Desktop/SEAL/localization/install
[4.533s] DEBUG:colcon.colcon_installed_package_information.package_discovery:Found 256 installed packages in /opt/ros/foxy
[4.534s] Level 1:colcon.colcon_core.package_discovery:discover_packages(prefix_path) using defaults
[4.752s] Level 5:colcon.colcon_core.verb:set package 'localization' build argument 'cmake_args' from command line to 'None'
[4.752s] Level 5:colcon.colcon_core.verb:set package 'localization' build argument 'cmake_target' from command line to 'None'
[4.752s] Level 5:colcon.colcon_core.verb:set package 'localization' build argument 'cmake_target_skip_unavailable' from command line to 'False'
[4.752s] Level 5:colcon.colcon_core.verb:set package 'localization' build argument 'cmake_clean_cache' from command line to 'False'
[4.752s] Level 5:colcon.colcon_core.verb:set package 'localization' build argument 'cmake_clean_first' from command line to 'False'
[4.752s] Level 5:colcon.colcon_core.verb:set package 'localization' build argument 'cmake_force_configure' from command line to 'False'
[4.752s] Level 5:colcon.colcon_core.verb:set package 'localization' build argument 'ament_cmake_args' from command line to 'None'
[4.752s] Level 5:colcon.colcon_core.verb:set package 'localization' build argument 'catkin_cmake_args' from command line to 'None'
[4.752s] Level 5:colcon.colcon_core.verb:set package 'localization' build argument 'catkin_skip_building_tests' from command line to 'False'
[4.752s] DEBUG:colcon.colcon_core.verb:Building package 'localization' with the following arguments: {'ament_cmake_args': None, 'build_base': '/home/simteamq/Desktop/SEAL/localization/build/localization', 'catkin_cmake_args': None, 'catkin_skip_building_tests': False, 'cmake_args': None, 'cmake_clean_cache': False, 'cmake_clean_first': False, 'cmake_force_configure': False, 'cmake_target': None, 'cmake_target_skip_unavailable': False, 'install_base': '/home/simteamq/Desktop/SEAL/localization/install/localization', 'merge_install': False, 'path': '/home/simteamq/Desktop/SEAL/localization', 'symlink_install': False, 'test_result_base': None}
[4.818s] INFO:colcon.colcon_core.executor:Executing jobs using 'parallel' executor
[4.885s] DEBUG:colcon.colcon_parallel_executor.executor.parallel:run_until_complete
[4.885s] INFO:colcon.colcon_ros.task.ament_cmake.build:Building ROS package in '/home/simteamq/Desktop/SEAL/localization' with build type 'ament_cmake'
[4.886s] INFO:colcon.colcon_cmake.task.cmake.build:Building CMake package in '/home/simteamq/Desktop/SEAL/localization'
[4.956s] INFO:colcon.colcon_core.plugin_system:Skipping extension 'colcon_core.shell.bat': Not used on non-Windows systems
[4.956s] INFO:colcon.colcon_core.shell:Skip shell extension 'powershell' for command environment: Not usable outside of PowerShell
[4.956s] DEBUG:colcon.colcon_core.shell:Skip shell extension 'dsv' for command environment
[5.181s] DEBUG:colcon.colcon_core.event_handler.log_command:Invoking command in '/home/simteamq/Desktop/SEAL/localization/build/localization': CMAKE_PREFIX_PATH=/opt/ros/foxy CONDA_PROMPT_MODIFIER=(base) /usr/bin/cmake /home/simteamq/Desktop/SEAL/localization -DCMAKE_INSTALL_PREFIX=/home/simteamq/Desktop/SEAL/localization/install/localization
[5.847s] DEBUG:colcon.colcon_core.event_handler.log_command:Invoked command in '/home/simteamq/Desktop/SEAL/localization/build/localization' returned '1': CMAKE_PREFIX_PATH=/opt/ros/foxy CONDA_PROMPT_MODIFIER=(base) /usr/bin/cmake /home/simteamq/Desktop/SEAL/localization -DCMAKE_INSTALL_PREFIX=/home/simteamq/Desktop/SEAL/localization/install/localization
[5.872s] Level 1:colcon.colcon_core.environment:create_environment_scripts_only(localization)
[5.967s] Level 1:colcon.colcon_core.environment:checking '/home/simteamq/Desktop/SEAL/localization/install/localization' for CMake module files
[5.967s] Level 1:colcon.colcon_core.environment:checking '/home/simteamq/Desktop/SEAL/localization/install/localization' for CMake config files
[5.968s] Level 1:colcon.colcon_core.environment:checking '/home/simteamq/Desktop/SEAL/localization/install/localization/bin'
[5.968s] Level 1:colcon.colcon_core.environment:checking '/home/simteamq/Desktop/SEAL/localization/install/localization/lib/pkgconfig/localization.pc'
[5.968s] Level 1:colcon.colcon_core.environment:checking '/home/simteamq/Desktop/SEAL/localization/install/localization/lib/python3.8/site-packages'
[5.968s] Level 1:colcon.colcon_core.environment:checking '/home/simteamq/Desktop/SEAL/localization/install/localization/bin'
[6.037s] INFO:colcon.colcon_core.shell:Creating package script '/home/simteamq/Desktop/SEAL/localization/install/localization/share/localization/package.ps1'
[6.038s] INFO:colcon.colcon_core.shell:Creating package descriptor '/home/simteamq/Desktop/SEAL/localization/install/localization/share/localization/package.dsv'
[6.038s] INFO:colcon.colcon_core.shell:Creating package script '/home/simteamq/Desktop/SEAL/localization/install/localization/share/localization/package.sh'
[6.039s] INFO:colcon.colcon_core.shell:Creating package script '/home/simteamq/Desktop/SEAL/localization/install/localization/share/localization/package.bash'
[6.040s] INFO:colcon.colcon_core.shell:Creating package script '/home/simteamq/Desktop/SEAL/localization/install/localization/share/localization/package.zsh'
[6.040s] Level 1:colcon.colcon_core.environment:create_file_with_runtime_dependencies(/home/simteamq/Desktop/SEAL/localization/install/localization/share/colcon-core/packages/localization)
[6.051s] DEBUG:colcon.colcon_parallel_executor.executor.parallel:closing loop
[6.051s] DEBUG:colcon.colcon_parallel_executor.executor.parallel:loop closed
[6.051s] DEBUG:colcon.colcon_parallel_executor.executor.parallel:run_until_complete finished with '1'
[6.051s] DEBUG:colcon.colcon_core.event_reactor:joining thread
[6.146s] INFO:colcon.colcon_core.plugin_system:Skipping extension 'colcon_notification.desktop_notification.terminal_notifier': Not used on non-Darwin systems
[6.146s] INFO:colcon.colcon_core.plugin_system:Skipping extension 'colcon_notification.desktop_notification.win32': Not used on non-Windows systems
[6.146s] INFO:colcon.colcon_notification.desktop_notification:Sending desktop notification using 'notify2'
[6.174s] DEBUG:colcon.colcon_core.event_reactor:joined thread
[6.265s] INFO:colcon.colcon_core.shell:Creating prefix script '/home/simteamq/Desktop/SEAL/localization/install/local_setup.ps1'
[6.266s] INFO:colcon.colcon_core.shell:Creating prefix util module '/home/simteamq/Desktop/SEAL/localization/install/_local_setup_util_ps1.py'
[6.268s] INFO:colcon.colcon_core.shell:Creating prefix chain script '/home/simteamq/Desktop/SEAL/localization/install/setup.ps1'
[6.358s] INFO:colcon.colcon_core.shell:Creating prefix script '/home/simteamq/Desktop/SEAL/localization/install/local_setup.sh'
[6.359s] INFO:colcon.colcon_core.shell:Creating prefix util module '/home/simteamq/Desktop/SEAL/localization/install/_local_setup_util_sh.py'
[6.360s] INFO:colcon.colcon_core.shell:Creating prefix chain script '/home/simteamq/Desktop/SEAL/localization/install/setup.sh'
[6.445s] INFO:colcon.colcon_core.shell:Creating prefix script '/home/simteamq/Desktop/SEAL/localization/install/local_setup.bash'
[6.446s] INFO:colcon.colcon_core.shell:Creating prefix chain script '/home/simteamq/Desktop/SEAL/localization/install/setup.bash'
[6.532s] INFO:colcon.colcon_core.shell:Creating prefix script '/home/simteamq/Desktop/SEAL/localization/install/local_setup.zsh'
[6.532s] INFO:colcon.colcon_core.shell:Creating prefix chain script '/home/simteamq/Desktop/SEAL/localization/install/setup.zsh'
