[ 71%] Built target main
[100%] Built target ROS_comms
-- Install configuration: ""
-- Installing: /home/simteamq/Desktop/SEAL/install/main/lib/main/main
-- Set runtime path of "/home/simteamq/Desktop/SEAL/install/main/lib/main/main" to ""
-- Installing: /home/simteamq/Desktop/SEAL/install/main/lib/main/ROS_comms
-- Set runtime path of "/home/simteamq/Desktop/SEAL/install/main/lib/main/ROS_comms" to ""
-- Installing: /home/simteamq/Desktop/SEAL/install/main/share/ament_index/resource_index/package_run_dependencies/main
-- Installing: /home/simteamq/Desktop/SEAL/install/main/share/ament_index/resource_index/parent_prefix_path/main
-- Installing: /home/simteamq/Desktop/SEAL/install/main/share/main/environment/ament_prefix_path.sh
-- Installing: /home/simteamq/Desktop/SEAL/install/main/share/main/environment/ament_prefix_path.dsv
-- Installing: /home/simteamq/Desktop/SEAL/install/main/share/main/environment/path.sh
-- Installing: /home/simteamq/Desktop/SEAL/install/main/share/main/environment/path.dsv
-- Installing: /home/simteamq/Desktop/SEAL/install/main/share/main/local_setup.bash
-- Installing: /home/simteamq/Desktop/SEAL/install/main/share/main/local_setup.sh
-- Installing: /home/simteamq/Desktop/SEAL/install/main/share/main/local_setup.zsh
-- Installing: /home/simteamq/Desktop/SEAL/install/main/share/main/local_setup.dsv
-- Installing: /home/simteamq/Desktop/SEAL/install/main/share/main/package.dsv
-- Installing: /home/simteamq/Desktop/SEAL/install/main/share/ament_index/resource_index/packages/main
-- Installing: /home/simteamq/Desktop/SEAL/install/main/share/main/cmake/mainConfig.cmake
-- Installing: /home/simteamq/Desktop/SEAL/install/main/share/main/cmake/mainConfig-version.cmake
-- Installing: /home/simteamq/Desktop/SEAL/install/main/share/main/package.xml
