[0.236s] Invoking command in '/home/simteamq/Desktop/SEAL/build/main': CMAKE_PREFIX_PATH=/opt/ros/foxy CONDA_PROMPT_MODIFIER=(base) /usr/bin/cmake --build /home/simteamq/Desktop/SEAL/build/main -- -j12 -l12
[0.353s] [ 71%] Built target main
[0.361s] [100%] Built target ROS_comms
[0.380s] Invoked command in '/home/simteamq/Desktop/SEAL/build/main' returned '0': CMAKE_PREFIX_PATH=/opt/ros/foxy CONDA_PROMPT_MODIFIER=(base) /usr/bin/cmake --build /home/simteamq/Desktop/SEAL/build/main -- -j12 -l12
[0.460s] Invoking command in '/home/simteamq/Desktop/SEAL/build/main': CMAKE_PREFIX_PATH=/opt/ros/foxy CONDA_PROMPT_MODIFIER=(base) /usr/bin/cmake --install /home/simteamq/Desktop/SEAL/build/main
[0.475s] -- Install configuration: ""
[0.475s] -- Installing: /home/simteamq/Desktop/SEAL/install/main/lib/main/main
[0.488s] -- Set runtime path of "/home/simteamq/Desktop/SEAL/install/main/lib/main/main" to ""
[0.488s] -- Installing: /home/simteamq/Desktop/SEAL/install/main/lib/main/ROS_comms
[0.496s] -- Set runtime path of "/home/simteamq/Desktop/SEAL/install/main/lib/main/ROS_comms" to ""
[0.497s] -- Installing: /home/simteamq/Desktop/SEAL/install/main/share/ament_index/resource_index/package_run_dependencies/main
[0.497s] -- Installing: /home/simteamq/Desktop/SEAL/install/main/share/ament_index/resource_index/parent_prefix_path/main
[0.497s] -- Installing: /home/simteamq/Desktop/SEAL/install/main/share/main/environment/ament_prefix_path.sh
[0.498s] -- Installing: /home/simteamq/Desktop/SEAL/install/main/share/main/environment/ament_prefix_path.dsv
[0.498s] -- Installing: /home/simteamq/Desktop/SEAL/install/main/share/main/environment/path.sh
[0.498s] -- Installing: /home/simteamq/Desktop/SEAL/install/main/share/main/environment/path.dsv
[0.498s] -- Installing: /home/simteamq/Desktop/SEAL/install/main/share/main/local_setup.bash
[0.498s] -- Installing: /home/simteamq/Desktop/SEAL/install/main/share/main/local_setup.sh
[0.499s] -- Installing: /home/simteamq/Desktop/SEAL/install/main/share/main/local_setup.zsh
[0.499s] -- Installing: /home/simteamq/Desktop/SEAL/install/main/share/main/local_setup.dsv
[0.499s] -- Installing: /home/simteamq/Desktop/SEAL/install/main/share/main/package.dsv
[0.499s] -- Installing: /home/simteamq/Desktop/SEAL/install/main/share/ament_index/resource_index/packages/main
[0.499s] -- Installing: /home/simteamq/Desktop/SEAL/install/main/share/main/cmake/mainConfig.cmake
[0.500s] -- Installing: /home/simteamq/Desktop/SEAL/install/main/share/main/cmake/mainConfig-version.cmake
[0.500s] -- Installing: /home/simteamq/Desktop/SEAL/install/main/share/main/package.xml
[0.503s] Invoked command in '/home/simteamq/Desktop/SEAL/build/main' returned '0': CMAKE_PREFIX_PATH=/opt/ros/foxy CONDA_PROMPT_MODIFIER=(base) /usr/bin/cmake --install /home/simteamq/Desktop/SEAL/build/main
