[4.827s] DEBUG:colcon:Command line arguments: ['/usr/bin/colcon', 'build']
[4.827s] DEBUG:colcon:Parsed command line arguments: Namespace(allow_overriding=[], ament_cmake_args=None, base_paths=['.'], build_base='build', catkin_cmake_args=None, catkin_skip_building_tests=False, cmake_args=None, cmake_clean_cache=False, cmake_clean_first=False, cmake_force_configure=False, cmake_target=None, cmake_target_skip_unavailable=False, continue_on_error=False, event_handlers=None, executor='parallel', ignore_user_meta=False, install_base='install', log_base=None, log_level=None, main=<bound method BuildVerb.main of <colcon_core.verb.build.BuildVerb object at 0x7f09b8730d00>>, merge_install=False, metas=['./colcon.meta'], packages_above=None, packages_above_and_dependencies=None, packages_above_depth=None, packages_end=None, packages_ignore=None, packages_ignore_regex=None, packages_select=None, packages_select_build_failed=False, packages_select_by_dep=None, packages_select_regex=None, packages_select_test_failures=False, packages_skip=None, packages_skip_build_finished=False, packages_skip_by_dep=None, packages_skip_regex=None, packages_skip_test_passed=False, packages_skip_up_to=None, packages_start=None, packages_up_to=None, packages_up_to_regex=None, parallel_workers=12, paths=None, symlink_install=False, test_result_base=None, verb_extension=<colcon_core.verb.build.BuildVerb object at 0x7f09b8730d00>, verb_name='build', verb_parser=<colcon_defaults.argument_parser.defaults.DefaultArgumentsDecorator object at 0x7f09b87302b0>)
[5.012s] Level 1:colcon.colcon_core.package_discovery:discover_packages(colcon_meta) check parameters
[5.013s] Level 1:colcon.colcon_core.package_discovery:discover_packages(recursive) check parameters
[5.013s] Level 1:colcon.colcon_core.package_discovery:discover_packages(ignore) check parameters
[5.013s] Level 1:colcon.colcon_core.package_discovery:discover_packages(path) check parameters
[5.013s] Level 1:colcon.colcon_core.package_discovery:discover_packages(colcon_meta) discover
[5.013s] Level 1:colcon.colcon_core.package_discovery:discover_packages(recursive) discover
[5.013s] INFO:colcon.colcon_core.package_discovery:Crawling recursively for packages in '/home/simteamq/Desktop/SEAL/mapping'
[5.013s] Level 1:colcon.colcon_core.package_identification:_identify(.) by extensions ['ignore', 'ignore_ament_install']
[5.013s] Level 1:colcon.colcon_core.package_identification:_identify(.) by extension 'ignore'
[5.013s] Level 1:colcon.colcon_core.package_identification:_identify(.) by extension 'ignore_ament_install'
[5.013s] Level 1:colcon.colcon_core.package_identification:_identify(.) by extensions ['colcon_pkg']
[5.013s] Level 1:colcon.colcon_core.package_identification:_identify(.) by extension 'colcon_pkg'
[5.014s] Level 1:colcon.colcon_core.package_identification:_identify(.) by extensions ['colcon_meta']
[5.014s] Level 1:colcon.colcon_core.package_identification:_identify(.) by extension 'colcon_meta'
[5.014s] Level 1:colcon.colcon_core.package_identification:_identify(.) by extensions ['ros']
[5.014s] Level 1:colcon.colcon_core.package_identification:_identify(.) by extension 'ros'
[5.031s] DEBUG:colcon.colcon_core.package_identification:Package '.' with type 'ros.ament_cmake' and name 'mapping'
[5.032s] Level 1:colcon.colcon_core.package_discovery:discover_packages(recursive) using defaults
[5.032s] Level 1:colcon.colcon_core.package_discovery:discover_packages(ignore) discover
[5.032s] Level 1:colcon.colcon_core.package_discovery:discover_packages(ignore) using defaults
[5.032s] Level 1:colcon.colcon_core.package_discovery:discover_packages(path) discover
[5.032s] Level 1:colcon.colcon_core.package_discovery:discover_packages(path) using defaults
[5.432s] Level 1:colcon.colcon_core.package_discovery:discover_packages(prefix_path) check parameters
[5.432s] Level 1:colcon.colcon_core.package_discovery:discover_packages(prefix_path) discover
[5.619s] DEBUG:colcon.colcon_installed_package_information.package_discovery:Found 2 installed packages in /home/simteamq/Desktop/SEAL/mapping/install
[5.705s] DEBUG:colcon.colcon_installed_package_information.package_discovery:Found 256 installed packages in /opt/ros/foxy
[5.707s] Level 1:colcon.colcon_core.package_discovery:discover_packages(prefix_path) using defaults
[5.976s] Level 5:colcon.colcon_core.verb:set package 'mapping' build argument 'cmake_args' from command line to 'None'
[5.976s] Level 5:colcon.colcon_core.verb:set package 'mapping' build argument 'cmake_target' from command line to 'None'
[5.976s] Level 5:colcon.colcon_core.verb:set package 'mapping' build argument 'cmake_target_skip_unavailable' from command line to 'False'
[5.976s] Level 5:colcon.colcon_core.verb:set package 'mapping' build argument 'cmake_clean_cache' from command line to 'False'
[5.976s] Level 5:colcon.colcon_core.verb:set package 'mapping' build argument 'cmake_clean_first' from command line to 'False'
[5.976s] Level 5:colcon.colcon_core.verb:set package 'mapping' build argument 'cmake_force_configure' from command line to 'False'
[5.976s] Level 5:colcon.colcon_core.verb:set package 'mapping' build argument 'ament_cmake_args' from command line to 'None'
[5.977s] Level 5:colcon.colcon_core.verb:set package 'mapping' build argument 'catkin_cmake_args' from command line to 'None'
[5.977s] Level 5:colcon.colcon_core.verb:set package 'mapping' build argument 'catkin_skip_building_tests' from command line to 'False'
[5.977s] DEBUG:colcon.colcon_core.verb:Building package 'mapping' with the following arguments: {'ament_cmake_args': None, 'build_base': '/home/simteamq/Desktop/SEAL/mapping/build/mapping', 'catkin_cmake_args': None, 'catkin_skip_building_tests': False, 'cmake_args': None, 'cmake_clean_cache': False, 'cmake_clean_first': False, 'cmake_force_configure': False, 'cmake_target': None, 'cmake_target_skip_unavailable': False, 'install_base': '/home/simteamq/Desktop/SEAL/mapping/install/mapping', 'merge_install': False, 'path': '/home/simteamq/Desktop/SEAL/mapping', 'symlink_install': False, 'test_result_base': None}
[6.073s] INFO:colcon.colcon_core.executor:Executing jobs using 'parallel' executor
[6.161s] DEBUG:colcon.colcon_parallel_executor.executor.parallel:run_until_complete
[6.161s] INFO:colcon.colcon_ros.task.ament_cmake.build:Building ROS package in '/home/simteamq/Desktop/SEAL/mapping' with build type 'ament_cmake'
[6.162s] INFO:colcon.colcon_cmake.task.cmake.build:Building CMake package in '/home/simteamq/Desktop/SEAL/mapping'
[6.251s] INFO:colcon.colcon_core.plugin_system:Skipping extension 'colcon_core.shell.bat': Not used on non-Windows systems
[6.251s] INFO:colcon.colcon_core.shell:Skip shell extension 'powershell' for command environment: Not usable outside of PowerShell
[6.252s] DEBUG:colcon.colcon_core.shell:Skip shell extension 'dsv' for command environment
[6.542s] DEBUG:colcon.colcon_core.event_handler.log_command:Invoking command in '/home/simteamq/Desktop/SEAL/mapping/build/mapping': CMAKE_PREFIX_PATH=${CMAKE_PREFIX_PATH}:/opt/ros/foxy CONDA_PROMPT_MODIFIER=(base) /usr/bin/cmake --build /home/simteamq/Desktop/SEAL/mapping/build/mapping -- -j12 -l12
[6.687s] DEBUG:colcon.colcon_core.event_handler.log_command:Invoked command in '/home/simteamq/Desktop/SEAL/mapping/build/mapping' returned '0': CMAKE_PREFIX_PATH=${CMAKE_PREFIX_PATH}:/opt/ros/foxy CONDA_PROMPT_MODIFIER=(base) /usr/bin/cmake --build /home/simteamq/Desktop/SEAL/mapping/build/mapping -- -j12 -l12
[6.750s] DEBUG:colcon.colcon_core.event_handler.log_command:Invoking command in '/home/simteamq/Desktop/SEAL/mapping/build/mapping': CMAKE_PREFIX_PATH=${CMAKE_PREFIX_PATH}:/opt/ros/foxy CONDA_PROMPT_MODIFIER=(base) /usr/bin/cmake --install /home/simteamq/Desktop/SEAL/mapping/build/mapping
[6.765s] Level 1:colcon.colcon_core.environment:create_environment_scripts_only(mapping)
[6.766s] DEBUG:colcon.colcon_core.event_handler.log_command:Invoked command in '/home/simteamq/Desktop/SEAL/mapping/build/mapping' returned '0': CMAKE_PREFIX_PATH=${CMAKE_PREFIX_PATH}:/opt/ros/foxy CONDA_PROMPT_MODIFIER=(base) /usr/bin/cmake --install /home/simteamq/Desktop/SEAL/mapping/build/mapping
[6.860s] Level 1:colcon.colcon_core.environment:checking '/home/simteamq/Desktop/SEAL/mapping/install/mapping' for CMake module files
[6.861s] Level 1:colcon.colcon_core.environment:checking '/home/simteamq/Desktop/SEAL/mapping/install/mapping' for CMake config files
[6.861s] Level 1:colcon.colcon_core.shell:create_environment_hook('mapping', 'cmake_prefix_path')
[6.950s] INFO:colcon.colcon_core.shell:Creating environment hook '/home/simteamq/Desktop/SEAL/mapping/install/mapping/share/mapping/hook/cmake_prefix_path.ps1'
[6.951s] INFO:colcon.colcon_core.shell:Creating environment descriptor '/home/simteamq/Desktop/SEAL/mapping/install/mapping/share/mapping/hook/cmake_prefix_path.dsv'
[6.951s] INFO:colcon.colcon_core.shell:Creating environment hook '/home/simteamq/Desktop/SEAL/mapping/install/mapping/share/mapping/hook/cmake_prefix_path.sh'
[6.953s] Level 1:colcon.colcon_core.environment:checking '/home/simteamq/Desktop/SEAL/mapping/install/mapping/lib'
[6.953s] Level 1:colcon.colcon_core.environment:checking '/home/simteamq/Desktop/SEAL/mapping/install/mapping/bin'
[6.953s] Level 1:colcon.colcon_core.environment:checking '/home/simteamq/Desktop/SEAL/mapping/install/mapping/lib/pkgconfig/mapping.pc'
[6.953s] Level 1:colcon.colcon_core.environment:checking '/home/simteamq/Desktop/SEAL/mapping/install/mapping/lib/python3.8/site-packages'
[6.954s] Level 1:colcon.colcon_core.environment:checking '/home/simteamq/Desktop/SEAL/mapping/install/mapping/bin'
[7.042s] INFO:colcon.colcon_core.shell:Creating package script '/home/simteamq/Desktop/SEAL/mapping/install/mapping/share/mapping/package.ps1'
[7.043s] INFO:colcon.colcon_core.shell:Creating package descriptor '/home/simteamq/Desktop/SEAL/mapping/install/mapping/share/mapping/package.dsv'
[7.044s] INFO:colcon.colcon_core.shell:Creating package script '/home/simteamq/Desktop/SEAL/mapping/install/mapping/share/mapping/package.sh'
[7.045s] INFO:colcon.colcon_core.shell:Creating package script '/home/simteamq/Desktop/SEAL/mapping/install/mapping/share/mapping/package.bash'
[7.046s] INFO:colcon.colcon_core.shell:Creating package script '/home/simteamq/Desktop/SEAL/mapping/install/mapping/share/mapping/package.zsh'
[7.046s] Level 1:colcon.colcon_core.environment:create_file_with_runtime_dependencies(/home/simteamq/Desktop/SEAL/mapping/install/mapping/share/colcon-core/packages/mapping)
[7.199s] Level 1:colcon.colcon_core.environment:create_environment_scripts_only(mapping)
[7.309s] Level 1:colcon.colcon_core.environment:checking '/home/simteamq/Desktop/SEAL/mapping/install/mapping' for CMake module files
[7.309s] Level 1:colcon.colcon_core.environment:checking '/home/simteamq/Desktop/SEAL/mapping/install/mapping' for CMake config files
[7.310s] Level 1:colcon.colcon_core.shell:create_environment_hook('mapping', 'cmake_prefix_path')
[7.398s] INFO:colcon.colcon_core.shell:Creating environment hook '/home/simteamq/Desktop/SEAL/mapping/install/mapping/share/mapping/hook/cmake_prefix_path.ps1'
[7.399s] INFO:colcon.colcon_core.shell:Creating environment descriptor '/home/simteamq/Desktop/SEAL/mapping/install/mapping/share/mapping/hook/cmake_prefix_path.dsv'
[7.400s] INFO:colcon.colcon_core.shell:Creating environment hook '/home/simteamq/Desktop/SEAL/mapping/install/mapping/share/mapping/hook/cmake_prefix_path.sh'
[7.401s] Level 1:colcon.colcon_core.environment:checking '/home/simteamq/Desktop/SEAL/mapping/install/mapping/lib'
[7.401s] Level 1:colcon.colcon_core.environment:checking '/home/simteamq/Desktop/SEAL/mapping/install/mapping/bin'
[7.401s] Level 1:colcon.colcon_core.environment:checking '/home/simteamq/Desktop/SEAL/mapping/install/mapping/lib/pkgconfig/mapping.pc'
[7.401s] Level 1:colcon.colcon_core.environment:checking '/home/simteamq/Desktop/SEAL/mapping/install/mapping/lib/python3.8/site-packages'
[7.402s] Level 1:colcon.colcon_core.environment:checking '/home/simteamq/Desktop/SEAL/mapping/install/mapping/bin'
[7.492s] INFO:colcon.colcon_core.shell:Creating package script '/home/simteamq/Desktop/SEAL/mapping/install/mapping/share/mapping/package.ps1'
[7.493s] INFO:colcon.colcon_core.shell:Creating package descriptor '/home/simteamq/Desktop/SEAL/mapping/install/mapping/share/mapping/package.dsv'
[7.493s] INFO:colcon.colcon_core.shell:Creating package script '/home/simteamq/Desktop/SEAL/mapping/install/mapping/share/mapping/package.sh'
[7.494s] INFO:colcon.colcon_core.shell:Creating package script '/home/simteamq/Desktop/SEAL/mapping/install/mapping/share/mapping/package.bash'
[7.495s] INFO:colcon.colcon_core.shell:Creating package script '/home/simteamq/Desktop/SEAL/mapping/install/mapping/share/mapping/package.zsh'
[7.495s] Level 1:colcon.colcon_core.environment:create_file_with_runtime_dependencies(/home/simteamq/Desktop/SEAL/mapping/install/mapping/share/colcon-core/packages/mapping)
[7.495s] DEBUG:colcon.colcon_parallel_executor.executor.parallel:closing loop
[7.496s] DEBUG:colcon.colcon_parallel_executor.executor.parallel:loop closed
[7.496s] DEBUG:colcon.colcon_parallel_executor.executor.parallel:run_until_complete finished with '0'
[7.496s] DEBUG:colcon.colcon_core.event_reactor:joining thread
[7.600s] INFO:colcon.colcon_core.plugin_system:Skipping extension 'colcon_notification.desktop_notification.terminal_notifier': Not used on non-Darwin systems
[7.600s] INFO:colcon.colcon_core.plugin_system:Skipping extension 'colcon_notification.desktop_notification.win32': Not used on non-Windows systems
[7.601s] INFO:colcon.colcon_notification.desktop_notification:Sending desktop notification using 'notify2'
[7.627s] DEBUG:colcon.colcon_core.event_reactor:joined thread
[7.717s] INFO:colcon.colcon_core.shell:Creating prefix script '/home/simteamq/Desktop/SEAL/mapping/install/local_setup.ps1'
[7.718s] INFO:colcon.colcon_core.shell:Creating prefix util module '/home/simteamq/Desktop/SEAL/mapping/install/_local_setup_util_ps1.py'
[7.720s] INFO:colcon.colcon_core.shell:Creating prefix chain script '/home/simteamq/Desktop/SEAL/mapping/install/setup.ps1'
[7.807s] INFO:colcon.colcon_core.shell:Creating prefix script '/home/simteamq/Desktop/SEAL/mapping/install/local_setup.sh'
[7.807s] INFO:colcon.colcon_core.shell:Creating prefix util module '/home/simteamq/Desktop/SEAL/mapping/install/_local_setup_util_sh.py'
[7.808s] INFO:colcon.colcon_core.shell:Creating prefix chain script '/home/simteamq/Desktop/SEAL/mapping/install/setup.sh'
[7.895s] INFO:colcon.colcon_core.shell:Creating prefix script '/home/simteamq/Desktop/SEAL/mapping/install/local_setup.bash'
[7.896s] INFO:colcon.colcon_core.shell:Creating prefix chain script '/home/simteamq/Desktop/SEAL/mapping/install/setup.bash'
[7.981s] INFO:colcon.colcon_core.shell:Creating prefix script '/home/simteamq/Desktop/SEAL/mapping/install/local_setup.zsh'
[7.981s] INFO:colcon.colcon_core.shell:Creating prefix chain script '/home/simteamq/Desktop/SEAL/mapping/install/setup.zsh'
