[0.947s] Invoking command in '/home/simteamq/Desktop/SEAL/build/localization': CMAKE_PREFIX_PATH=${CMAKE_PREFIX_PATH}:/home/simteamq/Desktop/SEAL/install/urdf_tutorial_r2d2:/opt/ros/foxy CONDA_PROMPT_MODIFIER=(base) /usr/bin/cmake /home/simteamq/Desktop/SEAL/localization -DCMAKE_INSTALL_PREFIX=/home/simteamq/Desktop/SEAL/install/localization
[1.037s] -- The C compiler identification is GNU 9.4.0
[1.117s] -- The CXX compiler identification is GNU 9.4.0
[1.123s] -- Check for working C compiler: /usr/bin/cc
[1.233s] -- Check for working C compiler: /usr/bin/cc -- works
[1.235s] -- Detecting C compiler ABI info
[1.348s] -- Detecting C compiler ABI info - done
[1.365s] -- Detecting C compile features
[1.365s] -- Detecting C compile features - done
[1.370s] -- Check for working CXX compiler: /usr/bin/c++
[1.496s] -- Check for working CXX compiler: /usr/bin/c++ -- works
[1.499s] -- Detecting CXX compiler ABI info
[1.616s] -- Detecting CXX compiler ABI info - done
[1.636s] -- Detecting CXX compile features
[1.638s] -- Detecting CXX compile features - done
[1.638s] -- Found ament_cmake: 0.9.12 (/opt/ros/foxy/share/ament_cmake/cmake)
[1.672s] -- Found PythonInterp: /home/simteamq/anaconda3/bin/python3 (found suitable version "3.11.4", minimum required is "3") 
[1.672s] -- Using PYTHON_EXECUTABLE: /home/simteamq/anaconda3/bin/python3
[1.999s] -- Checking for module 'eigen3'
[2.021s] --   Found eigen3, version 3.3.7
[2.078s] -- Found Eigen: /usr/include/eigen3 (Required is at least version "3.1") 
[2.078s] -- Eigen found (include: /usr/include/eigen3, version: 3.3.7)
[2.171s] -- Found Boost: /usr/include (found suitable version "1.71.0", minimum required is "1.55.0") found components: system filesystem date_time iostreams regex 
[2.208s] -- Checking for module 'flann'
[2.234s] --   Found flann, version 1.9.1
[2.301s] -- Found FLANN: /usr/lib/x86_64-linux-gnu/libflann_cpp.so  
[2.388s] -- The imported target "vtkParseOGLExt" references the file
[2.388s]    "/usr/bin/vtkParseOGLExt-7.1"
[2.388s] but this file does not exist.  Possible reasons include:
[2.388s] * The file was deleted, renamed, or moved to another location.
[2.388s] * An install or uninstall procedure did not complete successfully.
[2.389s] * The installation package was faulty and contained
[2.389s]    "/usr/lib/cmake/vtk-7.1/VTKTargets.cmake"
[2.389s] but not all the files it references.
[2.389s] 
[2.390s] -- The imported target "vtkRenderingPythonTkWidgets" references the file
[2.390s]    "/usr/lib/x86_64-linux-gnu/libvtkRenderingPythonTkWidgets.so"
[2.390s] but this file does not exist.  Possible reasons include:
[2.390s] * The file was deleted, renamed, or moved to another location.
[2.390s] * An install or uninstall procedure did not complete successfully.
[2.391s] * The installation package was faulty and contained
[2.391s]    "/usr/lib/cmake/vtk-7.1/VTKTargets.cmake"
[2.391s] but not all the files it references.
[2.391s] 
[2.391s] -- The imported target "vtk" references the file
[2.392s]    "/usr/bin/vtk"
[2.392s] but this file does not exist.  Possible reasons include:
[2.392s] * The file was deleted, renamed, or moved to another location.
[2.392s] * An install or uninstall procedure did not complete successfully.
[2.393s] * The installation package was faulty and contained
[2.393s]    "/usr/lib/cmake/vtk-7.1/VTKTargets.cmake"
[2.393s] but not all the files it references.
[2.393s] 
[2.393s] -- The imported target "pvtk" references the file
[2.393s]    "/usr/bin/pvtk"
[2.394s] but this file does not exist.  Possible reasons include:
[2.394s] * The file was deleted, renamed, or moved to another location.
[2.394s] * An install or uninstall procedure did not complete successfully.
[2.394s] * The installation package was faulty and contained
[2.394s]    "/usr/lib/cmake/vtk-7.1/VTKTargets.cmake"
[2.395s] but not all the files it references.
[2.395s] 
[2.426s] -- Checking for module 'libusb-1.0'
[2.450s] --   Found libusb-1.0, version 1.0.23
[2.511s] -- Found USB_10: /usr/lib/x86_64-linux-gnu/libusb-1.0.so  
[2.600s] -- Found OpenNI: /usr/lib/libOpenNI.so  
[2.600s] -- OpenNI found (include: /usr/include/ni, lib: /usr/lib/libOpenNI.so)
[2.696s] -- Found OpenNI2: /usr/lib/libOpenNI2.so  
[2.696s] -- OpenNI2 found (include: /usr/include/openni2, lib: /usr/lib/libOpenNI2.so)
[2.696s] ** WARNING ** io features related to pcap will be disabled
[2.696s] ** WARNING ** io features related to png will be disabled
[2.717s] -- Found libusb-1.0: /usr/include  
[2.717s] ** WARNING ** io features related to libusb-1.0 will be disabled
[2.726s] -- OpenNI found (include: /usr/include/ni, lib: /usr/lib/libOpenNI.so)
[2.735s] -- OpenNI2 found (include: /usr/include/openni2, lib: /usr/lib/libOpenNI2.so)
[2.778s] -- Found Qhull: optimized;/usr/lib/x86_64-linux-gnu/libqhull.so;debug;/usr/lib/x86_64-linux-gnu/libqhull.so  
[2.778s] -- QHULL found (include: /usr/include, lib: optimized;/usr/lib/x86_64-linux-gnu/libqhull.so;debug;/usr/lib/x86_64-linux-gnu/libqhull.so)
[2.787s] -- OpenNI found (include: /usr/include/ni, lib: /usr/lib/libOpenNI.so)
[2.805s] -- looking for PCL_COMMON
[2.807s] -- Found PCL_COMMON: /usr/lib/x86_64-linux-gnu/libpcl_common.so  
[2.808s] -- looking for PCL_KDTREE
[2.809s] -- Found PCL_KDTREE: /usr/lib/x86_64-linux-gnu/libpcl_kdtree.so  
[2.809s] -- looking for PCL_OCTREE
[2.811s] -- Found PCL_OCTREE: /usr/lib/x86_64-linux-gnu/libpcl_octree.so  
[2.811s] -- looking for PCL_SEARCH
[2.813s] -- Found PCL_SEARCH: /usr/lib/x86_64-linux-gnu/libpcl_search.so  
[2.813s] -- looking for PCL_SAMPLE_CONSENSUS
[2.814s] -- Found PCL_SAMPLE_CONSENSUS: /usr/lib/x86_64-linux-gnu/libpcl_sample_consensus.so  
[2.815s] -- looking for PCL_FILTERS
[2.816s] -- Found PCL_FILTERS: /usr/lib/x86_64-linux-gnu/libpcl_filters.so  
[2.817s] -- looking for PCL_2D
[2.817s] -- Found PCL_2D: /usr/include/pcl-1.10  
[2.818s] -- looking for PCL_GEOMETRY
[2.818s] -- Found PCL_GEOMETRY: /usr/include/pcl-1.10  
[2.818s] -- looking for PCL_IO
[2.820s] -- Found PCL_IO: /usr/lib/x86_64-linux-gnu/libpcl_io.so  
[2.820s] -- looking for PCL_FEATURES
[2.822s] -- Found PCL_FEATURES: /usr/lib/x86_64-linux-gnu/libpcl_features.so  
[2.823s] -- looking for PCL_ML
[2.824s] -- Found PCL_ML: /usr/lib/x86_64-linux-gnu/libpcl_ml.so  
[2.824s] -- looking for PCL_SEGMENTATION
[2.826s] -- Found PCL_SEGMENTATION: /usr/lib/x86_64-linux-gnu/libpcl_segmentation.so  
[2.827s] -- looking for PCL_VISUALIZATION
[2.828s] -- Found PCL_VISUALIZATION: /usr/lib/x86_64-linux-gnu/libpcl_visualization.so  
[2.829s] -- looking for PCL_SURFACE
[2.830s] -- Found PCL_SURFACE: /usr/lib/x86_64-linux-gnu/libpcl_surface.so  
[2.831s] -- looking for PCL_REGISTRATION
[2.833s] -- Found PCL_REGISTRATION: /usr/lib/x86_64-linux-gnu/libpcl_registration.so  
[2.833s] -- looking for PCL_KEYPOINTS
[2.835s] -- Found PCL_KEYPOINTS: /usr/lib/x86_64-linux-gnu/libpcl_keypoints.so  
[2.836s] -- looking for PCL_TRACKING
[2.837s] -- Found PCL_TRACKING: /usr/lib/x86_64-linux-gnu/libpcl_tracking.so  
[2.838s] -- looking for PCL_RECOGNITION
[2.839s] -- Found PCL_RECOGNITION: /usr/lib/x86_64-linux-gnu/libpcl_recognition.so  
[2.840s] -- looking for PCL_STEREO
[2.841s] -- Found PCL_STEREO: /usr/lib/x86_64-linux-gnu/libpcl_stereo.so  
[2.842s] -- looking for PCL_APPS
[2.843s] -- Found PCL_APPS: /usr/lib/x86_64-linux-gnu/libpcl_apps.so  
[2.845s] -- looking for PCL_IN_HAND_SCANNER
[2.845s] -- Found PCL_IN_HAND_SCANNER: /usr/include/pcl-1.10  
[2.846s] -- looking for PCL_POINT_CLOUD_EDITOR
[2.846s] -- Found PCL_POINT_CLOUD_EDITOR: /usr/include/pcl-1.10  
[2.847s] -- looking for PCL_OUTOFCORE
[2.848s] -- Found PCL_OUTOFCORE: /usr/lib/x86_64-linux-gnu/libpcl_outofcore.so  
[2.849s] -- looking for PCL_PEOPLE
[2.850s] -- Found PCL_PEOPLE: /usr/lib/x86_64-linux-gnu/libpcl_people.so  
[2.852s] -- Found PCL: pcl_common;pcl_kdtree;pcl_octree;pcl_search;pcl_sample_consensus;pcl_filters;pcl_io;pcl_features;pcl_ml;pcl_segmentation;pcl_visualization;pcl_surface;pcl_registration;pcl_keypoints;pcl_tracking;pcl_recognition;pcl_stereo;pcl_apps;pcl_outofcore;pcl_people;/usr/lib/x86_64-linux-gnu/libboost_system.so;/usr/lib/x86_64-linux-gnu/libboost_filesystem.so;/usr/lib/x86_64-linux-gnu/libboost_date_time.so;/usr/lib/x86_64-linux-gnu/libboost_iostreams.so;/usr/lib/x86_64-linux-gnu/libboost_regex.so;optimized;/usr/lib/x86_64-linux-gnu/libqhull.so;debug;/usr/lib/x86_64-linux-gnu/libqhull.so;/usr/lib/libOpenNI.so;/usr/lib/libOpenNI2.so;vtkChartsCore;vtkCommonColor;vtkCommonCore;vtksys;vtkCommonDataModel;vtkCommonMath;vtkCommonMisc;vtkCommonSystem;vtkCommonTransforms;vtkCommonExecutionModel;vtkFiltersGeneral;vtkCommonComputationalGeometry;vtkFiltersCore;vtkInfovisCore;vtkFiltersExtraction;vtkFiltersStatistics;vtkImagingFourier;vtkImagingCore;vtkalglib;vtkRenderingContext2D;vtkRenderingCore;vtkFiltersGeometry;vtkFiltersSources;vtkRenderingFreeType;/usr/lib/x86_64-linux-gnu/libfreetype.so;/usr/lib/x86_64-linux-gnu/libz.so;vtkFiltersModeling;vtkImagingSources;vtkInteractionStyle;vtkInteractionWidgets;vtkFiltersHybrid;vtkImagingColor;vtkImagingGeneral;vtkImagingHybrid;vtkIOImage;vtkDICOMParser;vtkmetaio;/usr/lib/x86_64-linux-gnu/libjpeg.so;/usr/lib/x86_64-linux-gnu/libpng.so;/usr/lib/x86_64-linux-gnu/libtiff.so;vtkRenderingAnnotation;vtkRenderingVolume;vtkIOXML;vtkIOCore;vtkIOXMLParser;/usr/lib/x86_64-linux-gnu/libexpat.so;vtkIOGeometry;vtkIOLegacy;vtkIOPLY;vtkRenderingLOD;vtkViewsContext2D;vtkViewsCore;vtkRenderingContextOpenGL2;vtkRenderingOpenGL2;FLANN::FLANN (Required is at least version "1.10") 
[2.854s] -- Found nav_msgs: 2.0.5 (/opt/ros/foxy/share/nav_msgs/cmake)
[2.885s] -- Using all available rosidl_typesupport_c: rosidl_typesupport_fastrtps_c;rosidl_typesupport_introspection_c
[2.894s] -- Found rosidl_adapter: 1.3.1 (/opt/ros/foxy/share/rosidl_adapter/cmake)
[3.042s] -- Found OpenSSL: /usr/lib/x86_64-linux-gnu/libcrypto.so (found version "1.1.1f")  
[3.090s] -- Found FastRTPS: /opt/ros/foxy/include  
[3.216s] -- Using all available rosidl_typesupport_cpp: rosidl_typesupport_fastrtps_cpp;rosidl_typesupport_introspection_cpp
[3.461s] -- Found sensor_msgs: 2.0.5 (/opt/ros/foxy/share/sensor_msgs/cmake)
[3.550s] -- Found rclcpp: 2.4.3 (/opt/ros/foxy/share/rclcpp/cmake)
[3.602s] -- Found rmw_implementation_cmake: 1.0.4 (/opt/ros/foxy/share/rmw_implementation_cmake/cmake)
[3.604s] -- Using RMW implementation 'rmw_fastrtps_cpp' as default
[3.605s] -- Looking for pthread.h
[3.727s] -- Looking for pthread.h - found
[3.727s] -- Performing Test CMAKE_HAVE_LIBC_PTHREAD
[3.851s] -- Performing Test CMAKE_HAVE_LIBC_PTHREAD - Failed
[3.851s] -- Looking for pthread_create in pthreads
[3.951s] -- Looking for pthread_create in pthreads - not found
[3.951s] -- Looking for pthread_create in pthread
[4.068s] -- Looking for pthread_create in pthread - found
[4.071s] -- Found Threads: TRUE  
[4.292s] -- Found ament_lint_auto: 0.9.8 (/opt/ros/foxy/share/ament_lint_auto/cmake)
[4.432s] -- Added test 'copyright' to check source files copyright and LICENSE
[4.444s] -- Added test 'cppcheck' to perform static code analysis on C / C++ code
[4.445s] -- Configured cppcheck include dirs: /home/simteamq/Desktop/SEAL/localization/include;/home/simteamq/Desktop/SEAL/localization/include/localization
[4.445s] -- Configured cppcheck exclude dirs and/or files: 
[4.456s] -- Added test 'cpplint' to check C / C++ code against the Google style
[4.456s] -- Configured cpplint exclude dirs and/or files: 
[4.458s] -- Added test 'flake8' to check Python code syntax and style conventions
[4.462s] -- Added test 'lint_cmake' to check CMake code style
[4.466s] -- Added test 'pep257' to check Python code against some of the style conventions in PEP 257
[4.484s] -- Added test 'uncrustify' to check C / C++ code style
[4.484s] -- Configured uncrustify additional arguments: 
[4.487s] -- Added test 'xmllint' to check XML markup files
[4.495s] -- Configuring done
[4.510s] -- Generating done
[4.513s] -- Build files have been written to: /home/simteamq/Desktop/SEAL/build/localization
[4.529s] Invoked command in '/home/simteamq/Desktop/SEAL/build/localization' returned '0': CMAKE_PREFIX_PATH=${CMAKE_PREFIX_PATH}:/home/simteamq/Desktop/SEAL/install/urdf_tutorial_r2d2:/opt/ros/foxy CONDA_PROMPT_MODIFIER=(base) /usr/bin/cmake /home/simteamq/Desktop/SEAL/localization -DCMAKE_INSTALL_PREFIX=/home/simteamq/Desktop/SEAL/install/localization
[4.534s] Invoking command in '/home/simteamq/Desktop/SEAL/build/localization': CMAKE_PREFIX_PATH=${CMAKE_PREFIX_PATH}:/home/simteamq/Desktop/SEAL/install/urdf_tutorial_r2d2:/opt/ros/foxy CONDA_PROMPT_MODIFIER=(base) /usr/bin/cmake --build /home/simteamq/Desktop/SEAL/build/localization -- -j12 -l12
[4.605s] [35m[1mScanning dependencies of target odom_subscriber[0m
[4.672s] [ 50%] [32mBuilding CXX object CMakeFiles/odom_subscriber.dir/src/odom_subscriber.cpp.o[0m
[10.541s] [100%] [32m[1mLinking CXX executable odom_subscriber[0m
[10.871s] [100%] Built target odom_subscriber
[10.891s] Invoked command in '/home/simteamq/Desktop/SEAL/build/localization' returned '0': CMAKE_PREFIX_PATH=${CMAKE_PREFIX_PATH}:/home/simteamq/Desktop/SEAL/install/urdf_tutorial_r2d2:/opt/ros/foxy CONDA_PROMPT_MODIFIER=(base) /usr/bin/cmake --build /home/simteamq/Desktop/SEAL/build/localization -- -j12 -l12
[10.953s] Invoking command in '/home/simteamq/Desktop/SEAL/build/localization': CMAKE_PREFIX_PATH=${CMAKE_PREFIX_PATH}:/home/simteamq/Desktop/SEAL/install/urdf_tutorial_r2d2:/opt/ros/foxy CONDA_PROMPT_MODIFIER=(base) /usr/bin/cmake --install /home/simteamq/Desktop/SEAL/build/localization
[10.967s] -- Install configuration: ""
[10.967s] -- Installing: /home/simteamq/Desktop/SEAL/install/localization/lib/localization/odom_subscriber
[10.969s] -- Set runtime path of "/home/simteamq/Desktop/SEAL/install/localization/lib/localization/odom_subscriber" to ""
[10.969s] -- Installing: /home/simteamq/Desktop/SEAL/install/localization/share/ament_index/resource_index/package_run_dependencies/localization
[10.970s] -- Installing: /home/simteamq/Desktop/SEAL/install/localization/share/ament_index/resource_index/parent_prefix_path/localization
[10.970s] -- Installing: /home/simteamq/Desktop/SEAL/install/localization/share/localization/environment/ament_prefix_path.sh
[10.970s] -- Installing: /home/simteamq/Desktop/SEAL/install/localization/share/localization/environment/ament_prefix_path.dsv
[10.970s] -- Installing: /home/simteamq/Desktop/SEAL/install/localization/share/localization/environment/path.sh
[10.971s] -- Installing: /home/simteamq/Desktop/SEAL/install/localization/share/localization/environment/path.dsv
[10.971s] -- Installing: /home/simteamq/Desktop/SEAL/install/localization/share/localization/local_setup.bash
[10.971s] -- Installing: /home/simteamq/Desktop/SEAL/install/localization/share/localization/local_setup.sh
[10.971s] -- Installing: /home/simteamq/Desktop/SEAL/install/localization/share/localization/local_setup.zsh
[10.971s] -- Installing: /home/simteamq/Desktop/SEAL/install/localization/share/localization/local_setup.dsv
[10.971s] -- Installing: /home/simteamq/Desktop/SEAL/install/localization/share/localization/package.dsv
[10.972s] -- Installing: /home/simteamq/Desktop/SEAL/install/localization/share/ament_index/resource_index/packages/localization
[10.972s] -- Installing: /home/simteamq/Desktop/SEAL/install/localization/share/localization/cmake/localizationConfig.cmake
[10.972s] -- Installing: /home/simteamq/Desktop/SEAL/install/localization/share/localization/cmake/localizationConfig-version.cmake
[10.972s] -- Installing: /home/simteamq/Desktop/SEAL/install/localization/share/localization/package.xml
[10.975s] Invoked command in '/home/simteamq/Desktop/SEAL/build/localization' returned '0': CMAKE_PREFIX_PATH=${CMAKE_PREFIX_PATH}:/home/simteamq/Desktop/SEAL/install/urdf_tutorial_r2d2:/opt/ros/foxy CONDA_PROMPT_MODIFIER=(base) /usr/bin/cmake --install /home/simteamq/Desktop/SEAL/build/localization
