[1.626s] Invoking command in '/home/simteamq/Desktop/SEAL/bzik': CONDA_PROMPT_MODIFIER=(base) PYTHONPATH=/home/simteamq/Desktop/SEAL/bzik/build/urdf_tutorial_r2d2/prefix_override:/home/simteamq/Desktop/SEAL/bzik/install/urdf_tutorial_r2d2/lib/python3.8/site-packages:${PYTHONPATH} /usr/bin/python3 setup.py egg_info --egg-base build/urdf_tutorial_r2d2 build --build-base /home/simteamq/Desktop/SEAL/bzik/build/urdf_tutorial_r2d2/build install --record /home/simteamq/Desktop/SEAL/bzik/build/urdf_tutorial_r2d2/install.log --install-scripts $base/lib/urdf_tutorial_r2d2 --single-version-externally-managed
[1.912s] running egg_info
[1.913s] writing build/urdf_tutorial_r2d2/urdf_tutorial_r2d2.egg-info/PKG-INFO
[1.913s] writing dependency_links to build/urdf_tutorial_r2d2/urdf_tutorial_r2d2.egg-info/dependency_links.txt
[1.914s] writing entry points to build/urdf_tutorial_r2d2/urdf_tutorial_r2d2.egg-info/entry_points.txt
[1.914s] writing requirements to build/urdf_tutorial_r2d2/urdf_tutorial_r2d2.egg-info/requires.txt
[1.914s] writing top-level names to build/urdf_tutorial_r2d2/urdf_tutorial_r2d2.egg-info/top_level.txt
[1.952s] reading manifest file 'build/urdf_tutorial_r2d2/urdf_tutorial_r2d2.egg-info/SOURCES.txt'
[1.953s] writing manifest file 'build/urdf_tutorial_r2d2/urdf_tutorial_r2d2.egg-info/SOURCES.txt'
[1.953s] running build
[1.953s] running build_py
[1.953s] copying urdf_tutorial_r2d2/state_publisher.py -> /home/simteamq/Desktop/SEAL/bzik/build/urdf_tutorial_r2d2/build/lib/urdf_tutorial_r2d2
[1.954s] running install
[1.954s] running install_lib
[1.955s] copying /home/simteamq/Desktop/SEAL/bzik/build/urdf_tutorial_r2d2/build/lib/urdf_tutorial_r2d2/state_publisher.py -> /home/simteamq/Desktop/SEAL/bzik/install/urdf_tutorial_r2d2/lib/python3.8/site-packages/urdf_tutorial_r2d2
[1.956s] byte-compiling /home/simteamq/Desktop/SEAL/bzik/install/urdf_tutorial_r2d2/lib/python3.8/site-packages/urdf_tutorial_r2d2/state_publisher.py to state_publisher.cpython-38.pyc
[1.958s] running install_data
[1.959s] running install_egg_info
[1.961s] removing '/home/simteamq/Desktop/SEAL/bzik/install/urdf_tutorial_r2d2/lib/python3.8/site-packages/urdf_tutorial_r2d2-0.0.0-py3.8.egg-info' (and everything under it)
[1.961s] Copying build/urdf_tutorial_r2d2/urdf_tutorial_r2d2.egg-info to /home/simteamq/Desktop/SEAL/bzik/install/urdf_tutorial_r2d2/lib/python3.8/site-packages/urdf_tutorial_r2d2-0.0.0-py3.8.egg-info
[1.962s] running install_scripts
[1.980s] Installing state_publisher script to /home/simteamq/Desktop/SEAL/bzik/install/urdf_tutorial_r2d2/lib/urdf_tutorial_r2d2
[1.980s] writing list of installed files to '/home/simteamq/Desktop/SEAL/bzik/build/urdf_tutorial_r2d2/install.log'
[2.000s] Invoked command in '/home/simteamq/Desktop/SEAL/bzik' returned '0': CONDA_PROMPT_MODIFIER=(base) PYTHONPATH=/home/simteamq/Desktop/SEAL/bzik/build/urdf_tutorial_r2d2/prefix_override:/home/simteamq/Desktop/SEAL/bzik/install/urdf_tutorial_r2d2/lib/python3.8/site-packages:${PYTHONPATH} /usr/bin/python3 setup.py egg_info --egg-base build/urdf_tutorial_r2d2 build --build-base /home/simteamq/Desktop/SEAL/bzik/build/urdf_tutorial_r2d2/build install --record /home/simteamq/Desktop/SEAL/bzik/build/urdf_tutorial_r2d2/install.log --install-scripts $base/lib/urdf_tutorial_r2d2 --single-version-externally-managed
