[35m[1mScanning dependencies of target ROS_comms[0m
[ 71%] Built target main
[ 85%] [32mBuilding CXX object CMakeFiles/ROS_comms.dir/src/ROS_comms.cpp.o[0m
[100%] [32m[1mLinking CXX executable ROS_comms[0m
[100%] Built target ROS_comms
-- Install configuration: ""
-- Up-to-date: /home/simteamq/Desktop/SEAL/install/main/lib/main/main
-- Installing: /home/simteamq/Desktop/SEAL/install/main/lib/main/ROS_comms
-- Set runtime path of "/home/simteamq/Desktop/SEAL/install/main/lib/main/ROS_comms" to ""
-- Up-to-date: /home/simteamq/Desktop/SEAL/install/main/share/ament_index/resource_index/package_run_dependencies/main
-- Up-to-date: /home/simteamq/Desktop/SEAL/install/main/share/ament_index/resource_index/parent_prefix_path/main
-- Up-to-date: /home/simteamq/Desktop/SEAL/install/main/share/main/environment/ament_prefix_path.sh
-- Up-to-date: /home/simteamq/Desktop/SEAL/install/main/share/main/environment/ament_prefix_path.dsv
-- Up-to-date: /home/simteamq/Desktop/SEAL/install/main/share/main/environment/path.sh
-- Up-to-date: /home/simteamq/Desktop/SEAL/install/main/share/main/environment/path.dsv
-- Up-to-date: /home/simteamq/Desktop/SEAL/install/main/share/main/local_setup.bash
-- Up-to-date: /home/simteamq/Desktop/SEAL/install/main/share/main/local_setup.sh
-- Up-to-date: /home/simteamq/Desktop/SEAL/install/main/share/main/local_setup.zsh
-- Up-to-date: /home/simteamq/Desktop/SEAL/install/main/share/main/local_setup.dsv
-- Installing: /home/simteamq/Desktop/SEAL/install/main/share/main/package.dsv
-- Up-to-date: /home/simteamq/Desktop/SEAL/install/main/share/ament_index/resource_index/packages/main
-- Up-to-date: /home/simteamq/Desktop/SEAL/install/main/share/main/cmake/mainConfig.cmake
-- Up-to-date: /home/simteamq/Desktop/SEAL/install/main/share/main/cmake/mainConfig-version.cmake
-- Up-to-date: /home/simteamq/Desktop/SEAL/install/main/share/main/package.xml
