[0.380s] Invoking command in '/home/simteamq/Desktop/SEAL/localization/build/localization': CMAKE_PREFIX_PATH=${CMAKE_PREFIX_PATH}:/opt/ros/foxy CONDA_PROMPT_MODIFIER=(base) /usr/bin/cmake /home/simteamq/Desktop/SEAL/localization -DCMAKE_INSTALL_PREFIX=/home/simteamq/Desktop/SEAL/localization/install/localization
[0.498s] -- The C compiler identification is GNU 9.4.0
[0.592s] -- The CXX compiler identification is GNU 9.4.0
[0.604s] -- Check for working C compiler: /usr/bin/cc
[0.725s] -- Check for working C compiler: /usr/bin/cc -- works
[0.728s] -- Detecting C compiler ABI info
[0.851s] -- Detecting C compiler ABI info - done
[0.876s] -- Detecting C compile features
[0.877s] -- Detecting C compile features - done
[0.883s] -- Check for working CXX compiler: /usr/bin/c++
[1.029s] -- Check for working CXX compiler: /usr/bin/c++ -- works
[1.033s] -- Detecting CXX compiler ABI info
[1.170s] -- Detecting CXX compiler ABI info - done
[1.197s] -- Detecting CXX compile features
[1.199s] -- Detecting CXX compile features - done
[1.202s] -- Found ament_cmake: 0.9.12 (/opt/ros/foxy/share/ament_cmake/cmake)
[1.242s] -- Found PythonInterp: /home/simteamq/anaconda3/bin/python3 (found suitable version "3.11.4", minimum required is "3") 
[1.242s] -- Using PYTHON_EXECUTABLE: /home/simteamq/anaconda3/bin/python3
[1.556s] -- Checking for module 'eigen3'
[1.575s] --   Found eigen3, version 3.3.7
[1.636s] -- Found Eigen: /usr/include/eigen3 (Required is at least version "3.1") 
[1.636s] -- Eigen found (include: /usr/include/eigen3, version: 3.3.7)
[1.721s] -- Found Boost: /usr/include (found suitable version "1.71.0", minimum required is "1.55.0") found components: system filesystem date_time iostreams regex 
[1.746s] -- Checking for module 'flann'
[1.768s] --   Found flann, version 1.9.1
[1.841s] -- Found FLANN: /usr/lib/x86_64-linux-gnu/libflann_cpp.so  
[1.930s] -- The imported target "vtkParseOGLExt" references the file
[1.930s]    "/usr/bin/vtkParseOGLExt-7.1"
[1.930s] but this file does not exist.  Possible reasons include:
[1.931s] * The file was deleted, renamed, or moved to another location.
[1.931s] * An install or uninstall procedure did not complete successfully.
[1.931s] * The installation package was faulty and contained
[1.931s]    "/usr/lib/cmake/vtk-7.1/VTKTargets.cmake"
[1.931s] but not all the files it references.
[1.932s] 
[1.932s] -- The imported target "vtkRenderingPythonTkWidgets" references the file
[1.932s]    "/usr/lib/x86_64-linux-gnu/libvtkRenderingPythonTkWidgets.so"
[1.932s] but this file does not exist.  Possible reasons include:
[1.932s] * The file was deleted, renamed, or moved to another location.
[1.933s] * An install or uninstall procedure did not complete successfully.
[1.933s] * The installation package was faulty and contained
[1.933s]    "/usr/lib/cmake/vtk-7.1/VTKTargets.cmake"
[1.933s] but not all the files it references.
[1.933s] 
[1.933s] -- The imported target "vtk" references the file
[1.934s]    "/usr/bin/vtk"
[1.934s] but this file does not exist.  Possible reasons include:
[1.934s] * The file was deleted, renamed, or moved to another location.
[1.934s] * An install or uninstall procedure did not complete successfully.
[1.934s] * The installation package was faulty and contained
[1.934s]    "/usr/lib/cmake/vtk-7.1/VTKTargets.cmake"
[1.935s] but not all the files it references.
[1.935s] 
[1.935s] -- The imported target "pvtk" references the file
[1.935s]    "/usr/bin/pvtk"
[1.935s] but this file does not exist.  Possible reasons include:
[1.935s] * The file was deleted, renamed, or moved to another location.
[1.936s] * An install or uninstall procedure did not complete successfully.
[1.936s] * The installation package was faulty and contained
[1.936s]    "/usr/lib/cmake/vtk-7.1/VTKTargets.cmake"
[1.936s] but not all the files it references.
[1.936s] 
[1.964s] -- Checking for module 'libusb-1.0'
[1.987s] --   Found libusb-1.0, version 1.0.23
[2.054s] -- Found USB_10: /usr/lib/x86_64-linux-gnu/libusb-1.0.so  
[2.146s] -- Found OpenNI: /usr/lib/libOpenNI.so  
[2.146s] -- OpenNI found (include: /usr/include/ni, lib: /usr/lib/libOpenNI.so)
[2.244s] -- Found OpenNI2: /usr/lib/libOpenNI2.so  
[2.244s] -- OpenNI2 found (include: /usr/include/openni2, lib: /usr/lib/libOpenNI2.so)
[2.245s] ** WARNING ** io features related to pcap will be disabled
[2.245s] ** WARNING ** io features related to png will be disabled
[2.266s] -- Found libusb-1.0: /usr/include  
[2.266s] ** WARNING ** io features related to libusb-1.0 will be disabled
[2.276s] -- OpenNI found (include: /usr/include/ni, lib: /usr/lib/libOpenNI.so)
[2.286s] -- OpenNI2 found (include: /usr/include/openni2, lib: /usr/lib/libOpenNI2.so)
[2.330s] -- Found Qhull: optimized;/usr/lib/x86_64-linux-gnu/libqhull.so;debug;/usr/lib/x86_64-linux-gnu/libqhull.so  
[2.330s] -- QHULL found (include: /usr/include, lib: optimized;/usr/lib/x86_64-linux-gnu/libqhull.so;debug;/usr/lib/x86_64-linux-gnu/libqhull.so)
[2.339s] -- OpenNI found (include: /usr/include/ni, lib: /usr/lib/libOpenNI.so)
[2.359s] -- looking for PCL_COMMON
[2.362s] -- Found PCL_COMMON: /usr/lib/x86_64-linux-gnu/libpcl_common.so  
[2.362s] -- looking for PCL_KDTREE
[2.363s] -- Found PCL_KDTREE: /usr/lib/x86_64-linux-gnu/libpcl_kdtree.so  
[2.364s] -- looking for PCL_OCTREE
[2.365s] -- Found PCL_OCTREE: /usr/lib/x86_64-linux-gnu/libpcl_octree.so  
[2.366s] -- looking for PCL_SEARCH
[2.367s] -- Found PCL_SEARCH: /usr/lib/x86_64-linux-gnu/libpcl_search.so  
[2.368s] -- looking for PCL_SAMPLE_CONSENSUS
[2.369s] -- Found PCL_SAMPLE_CONSENSUS: /usr/lib/x86_64-linux-gnu/libpcl_sample_consensus.so  
[2.369s] -- looking for PCL_FILTERS
[2.371s] -- Found PCL_FILTERS: /usr/lib/x86_64-linux-gnu/libpcl_filters.so  
[2.371s] -- looking for PCL_2D
[2.372s] -- Found PCL_2D: /usr/include/pcl-1.10  
[2.372s] -- looking for PCL_GEOMETRY
[2.373s] -- Found PCL_GEOMETRY: /usr/include/pcl-1.10  
[2.373s] -- looking for PCL_IO
[2.374s] -- Found PCL_IO: /usr/lib/x86_64-linux-gnu/libpcl_io.so  
[2.375s] -- looking for PCL_FEATURES
[2.377s] -- Found PCL_FEATURES: /usr/lib/x86_64-linux-gnu/libpcl_features.so  
[2.377s] -- looking for PCL_ML
[2.379s] -- Found PCL_ML: /usr/lib/x86_64-linux-gnu/libpcl_ml.so  
[2.379s] -- looking for PCL_SEGMENTATION
[2.380s] -- Found PCL_SEGMENTATION: /usr/lib/x86_64-linux-gnu/libpcl_segmentation.so  
[2.381s] -- looking for PCL_VISUALIZATION
[2.383s] -- Found PCL_VISUALIZATION: /usr/lib/x86_64-linux-gnu/libpcl_visualization.so  
[2.383s] -- looking for PCL_SURFACE
[2.385s] -- Found PCL_SURFACE: /usr/lib/x86_64-linux-gnu/libpcl_surface.so  
[2.385s] -- looking for PCL_REGISTRATION
[2.387s] -- Found PCL_REGISTRATION: /usr/lib/x86_64-linux-gnu/libpcl_registration.so  
[2.387s] -- looking for PCL_KEYPOINTS
[2.389s] -- Found PCL_KEYPOINTS: /usr/lib/x86_64-linux-gnu/libpcl_keypoints.so  
[2.390s] -- looking for PCL_TRACKING
[2.391s] -- Found PCL_TRACKING: /usr/lib/x86_64-linux-gnu/libpcl_tracking.so  
[2.392s] -- looking for PCL_RECOGNITION
[2.393s] -- Found PCL_RECOGNITION: /usr/lib/x86_64-linux-gnu/libpcl_recognition.so  
[2.394s] -- looking for PCL_STEREO
[2.395s] -- Found PCL_STEREO: /usr/lib/x86_64-linux-gnu/libpcl_stereo.so  
[2.396s] -- looking for PCL_APPS
[2.397s] -- Found PCL_APPS: /usr/lib/x86_64-linux-gnu/libpcl_apps.so  
[2.399s] -- looking for PCL_IN_HAND_SCANNER
[2.399s] -- Found PCL_IN_HAND_SCANNER: /usr/include/pcl-1.10  
[2.400s] -- looking for PCL_POINT_CLOUD_EDITOR
[2.400s] -- Found PCL_POINT_CLOUD_EDITOR: /usr/include/pcl-1.10  
[2.401s] -- looking for PCL_OUTOFCORE
[2.402s] -- Found PCL_OUTOFCORE: /usr/lib/x86_64-linux-gnu/libpcl_outofcore.so  
[2.403s] -- looking for PCL_PEOPLE
[2.404s] -- Found PCL_PEOPLE: /usr/lib/x86_64-linux-gnu/libpcl_people.so  
[2.406s] -- Found PCL: pcl_common;pcl_kdtree;pcl_octree;pcl_search;pcl_sample_consensus;pcl_filters;pcl_io;pcl_features;pcl_ml;pcl_segmentation;pcl_visualization;pcl_surface;pcl_registration;pcl_keypoints;pcl_tracking;pcl_recognition;pcl_stereo;pcl_apps;pcl_outofcore;pcl_people;/usr/lib/x86_64-linux-gnu/libboost_system.so;/usr/lib/x86_64-linux-gnu/libboost_filesystem.so;/usr/lib/x86_64-linux-gnu/libboost_date_time.so;/usr/lib/x86_64-linux-gnu/libboost_iostreams.so;/usr/lib/x86_64-linux-gnu/libboost_regex.so;optimized;/usr/lib/x86_64-linux-gnu/libqhull.so;debug;/usr/lib/x86_64-linux-gnu/libqhull.so;/usr/lib/libOpenNI.so;/usr/lib/libOpenNI2.so;vtkChartsCore;vtkCommonColor;vtkCommonCore;vtksys;vtkCommonDataModel;vtkCommonMath;vtkCommonMisc;vtkCommonSystem;vtkCommonTransforms;vtkCommonExecutionModel;vtkFiltersGeneral;vtkCommonComputationalGeometry;vtkFiltersCore;vtkInfovisCore;vtkFiltersExtraction;vtkFiltersStatistics;vtkImagingFourier;vtkImagingCore;vtkalglib;vtkRenderingContext2D;vtkRenderingCore;vtkFiltersGeometry;vtkFiltersSources;vtkRenderingFreeType;/usr/lib/x86_64-linux-gnu/libfreetype.so;/usr/lib/x86_64-linux-gnu/libz.so;vtkFiltersModeling;vtkImagingSources;vtkInteractionStyle;vtkInteractionWidgets;vtkFiltersHybrid;vtkImagingColor;vtkImagingGeneral;vtkImagingHybrid;vtkIOImage;vtkDICOMParser;vtkmetaio;/usr/lib/x86_64-linux-gnu/libjpeg.so;/usr/lib/x86_64-linux-gnu/libpng.so;/usr/lib/x86_64-linux-gnu/libtiff.so;vtkRenderingAnnotation;vtkRenderingVolume;vtkIOXML;vtkIOCore;vtkIOXMLParser;/usr/lib/x86_64-linux-gnu/libexpat.so;vtkIOGeometry;vtkIOLegacy;vtkIOPLY;vtkRenderingLOD;vtkViewsContext2D;vtkViewsCore;vtkRenderingContextOpenGL2;vtkRenderingOpenGL2;FLANN::FLANN (Required is at least version "1.10") 
[2.409s] -- Found nav_msgs: 2.0.5 (/opt/ros/foxy/share/nav_msgs/cmake)
[2.418s] CMake Warning (dev) at /opt/ros/foxy/share/ament_cmake_core/cmake/core/list_append_unique.cmake:30 (if):
[2.418s]   Policy CMP0057 is not set: Support new IN_LIST if() operator.  Run "cmake
[2.418s]   --help-policy CMP0057" for policy details.  Use the cmake_policy command to
[2.418s]   set the policy and suppress this warning.
[2.419s] 
[2.419s]   IN_LIST will be interpreted as an operator when the policy is set to NEW.
[2.419s]   Since the policy is not set the OLD behavior will be used.
[2.419s] Call Stack (most recent call first):
[2.419s]   /opt/ros/foxy/share/rcutils/cmake/ament_cmake_export_dependencies-extras.cmake:84 (list_append_unique)
[2.419s]   /opt/ros/foxy/share/rcutils/cmake/rcutilsConfig.cmake:41 (include)
[2.420s]   /opt/ros/foxy/share/rosidl_runtime_c/cmake/ament_cmake_export_dependencies-extras.cmake:21 (find_package)
[2.420s]   /opt/ros/foxy/share/rosidl_runtime_c/cmake/rosidl_runtime_cConfig.cmake:41 (include)
[2.420s]   /opt/ros/foxy/share/builtin_interfaces/cmake/ament_cmake_export_dependencies-extras.cmake:21 (find_package)
[2.420s]   /opt/ros/foxy/share/builtin_interfaces/cmake/builtin_interfacesConfig.cmake:41 (include)
[2.420s]   /opt/ros/foxy/share/nav_msgs/cmake/ament_cmake_export_dependencies-extras.cmake:21 (find_package)
[2.421s]   /opt/ros/foxy/share/nav_msgs/cmake/nav_msgsConfig.cmake:41 (include)
[2.421s]   CMakeLists.txt:8 (find_package)
[2.421s] This warning is for project developers.  Use -Wno-dev to suppress it.
[2.421s] 
[2.421s] CMake Error at /opt/ros/foxy/share/ament_cmake_core/cmake/core/list_append_unique.cmake:30 (if):
[2.421s]   if given arguments:
[2.422s] 
[2.422s]     "NOT" "element" "IN_LIST" "rcutils_RECURSIVE_DEPENDENCIES"
[2.422s] 
[2.422s]   Unknown arguments specified
[2.422s] Call Stack (most recent call first):
[2.422s]   /opt/ros/foxy/share/rcutils/cmake/ament_cmake_export_dependencies-extras.cmake:84 (list_append_unique)
[2.423s]   /opt/ros/foxy/share/rcutils/cmake/rcutilsConfig.cmake:41 (include)
[2.423s]   /opt/ros/foxy/share/rosidl_runtime_c/cmake/ament_cmake_export_dependencies-extras.cmake:21 (find_package)
[2.423s]   /opt/ros/foxy/share/rosidl_runtime_c/cmake/rosidl_runtime_cConfig.cmake:41 (include)
[2.423s]   /opt/ros/foxy/share/builtin_interfaces/cmake/ament_cmake_export_dependencies-extras.cmake:21 (find_package)
[2.423s]   /opt/ros/foxy/share/builtin_interfaces/cmake/builtin_interfacesConfig.cmake:41 (include)
[2.423s]   /opt/ros/foxy/share/nav_msgs/cmake/ament_cmake_export_dependencies-extras.cmake:21 (find_package)
[2.424s]   /opt/ros/foxy/share/nav_msgs/cmake/nav_msgsConfig.cmake:41 (include)
[2.424s]   CMakeLists.txt:8 (find_package)
[2.424s] 
[2.424s] 
[2.424s] -- Configuring incomplete, errors occurred!
[2.424s] See also "/home/simteamq/Desktop/SEAL/localization/build/localization/CMakeFiles/CMakeOutput.log".
[2.434s] Invoked command in '/home/simteamq/Desktop/SEAL/localization/build/localization' returned '1': CMAKE_PREFIX_PATH=${CMAKE_PREFIX_PATH}:/opt/ros/foxy CONDA_PROMPT_MODIFIER=(base) /usr/bin/cmake /home/simteamq/Desktop/SEAL/localization -DCMAKE_INSTALL_PREFIX=/home/simteamq/Desktop/SEAL/localization/install/localization
