[0.385s] Invoking command in '/home/simteamq/Desktop/SEAL/mapping/build/mapping': CMAKE_PREFIX_PATH=${CMAKE_PREFIX_PATH}:/opt/ros/foxy CONDA_PROMPT_MODIFIER=(base) /usr/bin/cmake --build /home/simteamq/Desktop/SEAL/mapping/build/mapping -- -j12 -l12
[0.512s] [100%] Built target ROS_comms
[0.527s] Invoked command in '/home/simteamq/Desktop/SEAL/mapping/build/mapping' returned '0': CMAKE_PREFIX_PATH=${CMAKE_PREFIX_PATH}:/opt/ros/foxy CONDA_PROMPT_MODIFIER=(base) /usr/bin/cmake --build /home/simteamq/Desktop/SEAL/mapping/build/mapping -- -j12 -l12
[0.589s] Invoking command in '/home/simteamq/Desktop/SEAL/mapping/build/mapping': CMAKE_PREFIX_PATH=${CMAKE_PREFIX_PATH}:/opt/ros/foxy CONDA_PROMPT_MODIFIER=(base) /usr/bin/cmake --install /home/simteamq/Desktop/SEAL/mapping/build/mapping
[0.605s] -- Install configuration: ""
[0.606s] -- Up-to-date: /home/simteamq/Desktop/SEAL/mapping/install/mapping/lib/mapping/ROS_comms
[0.606s] -- Up-to-date: /home/simteamq/Desktop/SEAL/mapping/install/mapping/share/ament_index/resource_index/package_run_dependencies/mapping
[0.606s] -- Up-to-date: /home/simteamq/Desktop/SEAL/mapping/install/mapping/share/ament_index/resource_index/parent_prefix_path/mapping
[0.607s] -- Up-to-date: /home/simteamq/Desktop/SEAL/mapping/install/mapping/share/mapping/environment/ament_prefix_path.sh
[0.607s] -- Up-to-date: /home/simteamq/Desktop/SEAL/mapping/install/mapping/share/mapping/environment/ament_prefix_path.dsv
[0.607s] -- Up-to-date: /home/simteamq/Desktop/SEAL/mapping/install/mapping/share/mapping/environment/path.sh
[0.607s] -- Up-to-date: /home/simteamq/Desktop/SEAL/mapping/install/mapping/share/mapping/environment/path.dsv
[0.607s] -- Up-to-date: /home/simteamq/Desktop/SEAL/mapping/install/mapping/share/mapping/local_setup.bash
[0.608s] -- Up-to-date: /home/simteamq/Desktop/SEAL/mapping/install/mapping/share/mapping/local_setup.sh
[0.608s] -- Up-to-date: /home/simteamq/Desktop/SEAL/mapping/install/mapping/share/mapping/local_setup.zsh
[0.608s] -- Up-to-date: /home/simteamq/Desktop/SEAL/mapping/install/mapping/share/mapping/local_setup.dsv
[0.608s] -- Installing: /home/simteamq/Desktop/SEAL/mapping/install/mapping/share/mapping/package.dsv
[0.609s] -- Up-to-date: /home/simteamq/Desktop/SEAL/mapping/install/mapping/share/ament_index/resource_index/packages/mapping
[0.610s] -- Up-to-date: /home/simteamq/Desktop/SEAL/mapping/install/mapping/share/mapping/cmake/mappingConfig.cmake
[0.610s] -- Up-to-date: /home/simteamq/Desktop/SEAL/mapping/install/mapping/share/mapping/cmake/mappingConfig-version.cmake
[0.610s] -- Up-to-date: /home/simteamq/Desktop/SEAL/mapping/install/mapping/share/mapping/package.xml
[0.611s] Invoked command in '/home/simteamq/Desktop/SEAL/mapping/build/mapping' returned '0': CMAKE_PREFIX_PATH=${CMAKE_PREFIX_PATH}:/opt/ros/foxy CONDA_PROMPT_MODIFIER=(base) /usr/bin/cmake --install /home/simteamq/Desktop/SEAL/mapping/build/mapping
