[1.958s] Invoking command in '/home/simteamq/Desktop/SEAL/bzik': CONDA_PROMPT_MODIFIER=(base) PYTHONPATH=/home/simteamq/Desktop/SEAL/build/urdf_tutorial_r2d2/prefix_override:/home/simteamq/Desktop/SEAL/install/urdf_tutorial_r2d2/lib/python3.8/site-packages:${PYTHONPATH} /usr/bin/python3 setup.py egg_info --egg-base ../build/urdf_tutorial_r2d2 build --build-base /home/simteamq/Desktop/SEAL/build/urdf_tutorial_r2d2/build install --record /home/simteamq/Desktop/SEAL/build/urdf_tutorial_r2d2/install.log --install-scripts $base/lib/urdf_tutorial_r2d2 --single-version-externally-managed
[2.325s] running egg_info
[2.326s] writing ../build/urdf_tutorial_r2d2/urdf_tutorial_r2d2.egg-info/PKG-INFO
[2.326s] writing dependency_links to ../build/urdf_tutorial_r2d2/urdf_tutorial_r2d2.egg-info/dependency_links.txt
[2.327s] writing entry points to ../build/urdf_tutorial_r2d2/urdf_tutorial_r2d2.egg-info/entry_points.txt
[2.327s] writing requirements to ../build/urdf_tutorial_r2d2/urdf_tutorial_r2d2.egg-info/requires.txt
[2.327s] writing top-level names to ../build/urdf_tutorial_r2d2/urdf_tutorial_r2d2.egg-info/top_level.txt
[2.375s] reading manifest file '../build/urdf_tutorial_r2d2/urdf_tutorial_r2d2.egg-info/SOURCES.txt'
[2.376s] writing manifest file '../build/urdf_tutorial_r2d2/urdf_tutorial_r2d2.egg-info/SOURCES.txt'
[2.376s] running build
[2.376s] running build_py
[2.376s] copying urdf_tutorial_r2d2/state_publisher.py -> /home/simteamq/Desktop/SEAL/build/urdf_tutorial_r2d2/build/lib/urdf_tutorial_r2d2
[2.376s] running install
[2.377s] running install_lib
[2.379s] copying /home/simteamq/Desktop/SEAL/build/urdf_tutorial_r2d2/build/lib/urdf_tutorial_r2d2/state_publisher.py -> /home/simteamq/Desktop/SEAL/install/urdf_tutorial_r2d2/lib/python3.8/site-packages/urdf_tutorial_r2d2
[2.379s] byte-compiling /home/simteamq/Desktop/SEAL/install/urdf_tutorial_r2d2/lib/python3.8/site-packages/urdf_tutorial_r2d2/state_publisher.py to state_publisher.cpython-38.pyc
[2.382s] running install_data
[2.383s] running install_egg_info
[2.385s] removing '/home/simteamq/Desktop/SEAL/install/urdf_tutorial_r2d2/lib/python3.8/site-packages/urdf_tutorial_r2d2-0.0.0-py3.8.egg-info' (and everything under it)
[2.386s] Copying ../build/urdf_tutorial_r2d2/urdf_tutorial_r2d2.egg-info to /home/simteamq/Desktop/SEAL/install/urdf_tutorial_r2d2/lib/python3.8/site-packages/urdf_tutorial_r2d2-0.0.0-py3.8.egg-info
[2.387s] running install_scripts
[2.409s] Installing state_publisher script to /home/simteamq/Desktop/SEAL/install/urdf_tutorial_r2d2/lib/urdf_tutorial_r2d2
[2.410s] writing list of installed files to '/home/simteamq/Desktop/SEAL/build/urdf_tutorial_r2d2/install.log'
[2.433s] Invoked command in '/home/simteamq/Desktop/SEAL/bzik' returned '0': CONDA_PROMPT_MODIFIER=(base) PYTHONPATH=/home/simteamq/Desktop/SEAL/build/urdf_tutorial_r2d2/prefix_override:/home/simteamq/Desktop/SEAL/install/urdf_tutorial_r2d2/lib/python3.8/site-packages:${PYTHONPATH} /usr/bin/python3 setup.py egg_info --egg-base ../build/urdf_tutorial_r2d2 build --build-base /home/simteamq/Desktop/SEAL/build/urdf_tutorial_r2d2/build install --record /home/simteamq/Desktop/SEAL/build/urdf_tutorial_r2d2/install.log --install-scripts $base/lib/urdf_tutorial_r2d2 --single-version-externally-managed
