[0.653s] Invoking command in '/home/simteamq/Desktop/SEAL/build/mapping': CMAKE_PREFIX_PATH=${CMAKE_PREFIX_PATH}:/home/simteamq/Desktop/SEAL/install/urdf_tutorial_r2d2:/opt/ros/foxy CONDA_PROMPT_MODIFIER=(base) /usr/bin/cmake /home/simteamq/Desktop/SEAL/mapping -DCMAKE_INSTALL_PREFIX=/home/simteamq/Desktop/SEAL/install/mapping
[0.758s] -- The C compiler identification is GNU 9.4.0
[0.857s] -- The CXX compiler identification is GNU 9.4.0
[0.867s] -- Check for working C compiler: /usr/bin/cc
[0.972s] -- Check for working C compiler: /usr/bin/cc -- works
[0.975s] -- Detecting C compiler ABI info
[1.075s] -- Detecting C compiler ABI info - done
[1.094s] -- Detecting C compile features
[1.095s] -- Detecting C compile features - done
[1.100s] -- Check for working CXX compiler: /usr/bin/c++
[1.219s] -- Check for working CXX compiler: /usr/bin/c++ -- works
[1.221s] -- Detecting CXX compiler ABI info
[1.348s] -- Detecting CXX compiler ABI info - done
[1.376s] -- Detecting CXX compile features
[1.376s] -- Detecting CXX compile features - done
[1.378s] -- Found ament_cmake: 0.9.12 (/opt/ros/foxy/share/ament_cmake/cmake)
[1.413s] -- Found PythonInterp: /home/simteamq/anaconda3/bin/python3 (found suitable version "3.11.4", minimum required is "3") 
[1.415s] -- Using PYTHON_EXECUTABLE: /home/simteamq/anaconda3/bin/python3
[1.728s] -- Checking for module 'eigen3'
[1.749s] --   Found eigen3, version 3.3.7
[1.802s] -- Found Eigen: /usr/include/eigen3 (Required is at least version "3.1") 
[1.803s] -- Eigen found (include: /usr/include/eigen3, version: 3.3.7)
[1.890s] -- Found Boost: /usr/include (found suitable version "1.71.0", minimum required is "1.55.0") found components: system filesystem date_time iostreams regex 
[1.915s] -- Checking for module 'flann'
[1.937s] --   Found flann, version 1.9.1
[2.006s] -- Found FLANN: /usr/lib/x86_64-linux-gnu/libflann_cpp.so  
[2.094s] -- The imported target "vtkParseOGLExt" references the file
[2.095s]    "/usr/bin/vtkParseOGLExt-7.1"
[2.095s] but this file does not exist.  Possible reasons include:
[2.095s] * The file was deleted, renamed, or moved to another location.
[2.095s] * An install or uninstall procedure did not complete successfully.
[2.095s] * The installation package was faulty and contained
[2.096s]    "/usr/lib/cmake/vtk-7.1/VTKTargets.cmake"
[2.096s] but not all the files it references.
[2.096s] 
[2.096s] -- The imported target "vtkRenderingPythonTkWidgets" references the file
[2.096s]    "/usr/lib/x86_64-linux-gnu/libvtkRenderingPythonTkWidgets.so"
[2.096s] but this file does not exist.  Possible reasons include:
[2.096s] * The file was deleted, renamed, or moved to another location.
[2.096s] * An install or uninstall procedure did not complete successfully.
[2.096s] * The installation package was faulty and contained
[2.097s]    "/usr/lib/cmake/vtk-7.1/VTKTargets.cmake"
[2.097s] but not all the files it references.
[2.097s] 
[2.097s] -- The imported target "vtk" references the file
[2.097s]    "/usr/bin/vtk"
[2.097s] but this file does not exist.  Possible reasons include:
[2.097s] * The file was deleted, renamed, or moved to another location.
[2.097s] * An install or uninstall procedure did not complete successfully.
[2.097s] * The installation package was faulty and contained
[2.098s]    "/usr/lib/cmake/vtk-7.1/VTKTargets.cmake"
[2.098s] but not all the files it references.
[2.098s] 
[2.098s] -- The imported target "pvtk" references the file
[2.098s]    "/usr/bin/pvtk"
[2.098s] but this file does not exist.  Possible reasons include:
[2.098s] * The file was deleted, renamed, or moved to another location.
[2.098s] * An install or uninstall procedure did not complete successfully.
[2.098s] * The installation package was faulty and contained
[2.098s]    "/usr/lib/cmake/vtk-7.1/VTKTargets.cmake"
[2.099s] but not all the files it references.
[2.099s] 
[2.127s] -- Checking for module 'libusb-1.0'
[2.148s] --   Found libusb-1.0, version 1.0.23
[2.210s] -- Found USB_10: /usr/lib/x86_64-linux-gnu/libusb-1.0.so  
[2.294s] -- Found OpenNI: /usr/lib/libOpenNI.so  
[2.295s] -- OpenNI found (include: /usr/include/ni, lib: /usr/lib/libOpenNI.so)
[2.385s] -- Found OpenNI2: /usr/lib/libOpenNI2.so  
[2.385s] -- OpenNI2 found (include: /usr/include/openni2, lib: /usr/lib/libOpenNI2.so)
[2.385s] ** WARNING ** io features related to pcap will be disabled
[2.386s] ** WARNING ** io features related to png will be disabled
[2.407s] -- Found libusb-1.0: /usr/include  
[2.407s] ** WARNING ** io features related to libusb-1.0 will be disabled
[2.417s] -- OpenNI found (include: /usr/include/ni, lib: /usr/lib/libOpenNI.so)
[2.426s] -- OpenNI2 found (include: /usr/include/openni2, lib: /usr/lib/libOpenNI2.so)
[2.467s] -- Found Qhull: optimized;/usr/lib/x86_64-linux-gnu/libqhull.so;debug;/usr/lib/x86_64-linux-gnu/libqhull.so  
[2.467s] -- QHULL found (include: /usr/include, lib: optimized;/usr/lib/x86_64-linux-gnu/libqhull.so;debug;/usr/lib/x86_64-linux-gnu/libqhull.so)
[2.476s] -- OpenNI found (include: /usr/include/ni, lib: /usr/lib/libOpenNI.so)
[2.494s] -- looking for PCL_COMMON
[2.496s] -- Found PCL_COMMON: /usr/lib/x86_64-linux-gnu/libpcl_common.so  
[2.496s] -- looking for PCL_KDTREE
[2.498s] -- Found PCL_KDTREE: /usr/lib/x86_64-linux-gnu/libpcl_kdtree.so  
[2.498s] -- looking for PCL_OCTREE
[2.500s] -- Found PCL_OCTREE: /usr/lib/x86_64-linux-gnu/libpcl_octree.so  
[2.500s] -- looking for PCL_SEARCH
[2.502s] -- Found PCL_SEARCH: /usr/lib/x86_64-linux-gnu/libpcl_search.so  
[2.502s] -- looking for PCL_SAMPLE_CONSENSUS
[2.503s] -- Found PCL_SAMPLE_CONSENSUS: /usr/lib/x86_64-linux-gnu/libpcl_sample_consensus.so  
[2.504s] -- looking for PCL_FILTERS
[2.505s] -- Found PCL_FILTERS: /usr/lib/x86_64-linux-gnu/libpcl_filters.so  
[2.506s] -- looking for PCL_2D
[2.506s] -- Found PCL_2D: /usr/include/pcl-1.10  
[2.507s] -- looking for PCL_GEOMETRY
[2.507s] -- Found PCL_GEOMETRY: /usr/include/pcl-1.10  
[2.508s] -- looking for PCL_IO
[2.509s] -- Found PCL_IO: /usr/lib/x86_64-linux-gnu/libpcl_io.so  
[2.509s] -- looking for PCL_FEATURES
[2.511s] -- Found PCL_FEATURES: /usr/lib/x86_64-linux-gnu/libpcl_features.so  
[2.511s] -- looking for PCL_ML
[2.513s] -- Found PCL_ML: /usr/lib/x86_64-linux-gnu/libpcl_ml.so  
[2.513s] -- looking for PCL_SEGMENTATION
[2.515s] -- Found PCL_SEGMENTATION: /usr/lib/x86_64-linux-gnu/libpcl_segmentation.so  
[2.515s] -- looking for PCL_VISUALIZATION
[2.517s] -- Found PCL_VISUALIZATION: /usr/lib/x86_64-linux-gnu/libpcl_visualization.so  
[2.518s] -- looking for PCL_SURFACE
[2.519s] -- Found PCL_SURFACE: /usr/lib/x86_64-linux-gnu/libpcl_surface.so  
[2.520s] -- looking for PCL_REGISTRATION
[2.521s] -- Found PCL_REGISTRATION: /usr/lib/x86_64-linux-gnu/libpcl_registration.so  
[2.522s] -- looking for PCL_KEYPOINTS
[2.524s] -- Found PCL_KEYPOINTS: /usr/lib/x86_64-linux-gnu/libpcl_keypoints.so  
[2.524s] -- looking for PCL_TRACKING
[2.525s] -- Found PCL_TRACKING: /usr/lib/x86_64-linux-gnu/libpcl_tracking.so  
[2.526s] -- looking for PCL_RECOGNITION
[2.527s] -- Found PCL_RECOGNITION: /usr/lib/x86_64-linux-gnu/libpcl_recognition.so  
[2.528s] -- looking for PCL_STEREO
[2.530s] -- Found PCL_STEREO: /usr/lib/x86_64-linux-gnu/libpcl_stereo.so  
[2.530s] -- looking for PCL_APPS
[2.531s] -- Found PCL_APPS: /usr/lib/x86_64-linux-gnu/libpcl_apps.so  
[2.533s] -- looking for PCL_IN_HAND_SCANNER
[2.533s] -- Found PCL_IN_HAND_SCANNER: /usr/include/pcl-1.10  
[2.534s] -- looking for PCL_POINT_CLOUD_EDITOR
[2.535s] -- Found PCL_POINT_CLOUD_EDITOR: /usr/include/pcl-1.10  
[2.535s] -- looking for PCL_OUTOFCORE
[2.537s] -- Found PCL_OUTOFCORE: /usr/lib/x86_64-linux-gnu/libpcl_outofcore.so  
[2.537s] -- looking for PCL_PEOPLE
[2.539s] -- Found PCL_PEOPLE: /usr/lib/x86_64-linux-gnu/libpcl_people.so  
[2.540s] -- Found PCL: pcl_common;pcl_kdtree;pcl_octree;pcl_search;pcl_sample_consensus;pcl_filters;pcl_io;pcl_features;pcl_ml;pcl_segmentation;pcl_visualization;pcl_surface;pcl_registration;pcl_keypoints;pcl_tracking;pcl_recognition;pcl_stereo;pcl_apps;pcl_outofcore;pcl_people;/usr/lib/x86_64-linux-gnu/libboost_system.so;/usr/lib/x86_64-linux-gnu/libboost_filesystem.so;/usr/lib/x86_64-linux-gnu/libboost_date_time.so;/usr/lib/x86_64-linux-gnu/libboost_iostreams.so;/usr/lib/x86_64-linux-gnu/libboost_regex.so;optimized;/usr/lib/x86_64-linux-gnu/libqhull.so;debug;/usr/lib/x86_64-linux-gnu/libqhull.so;/usr/lib/libOpenNI.so;/usr/lib/libOpenNI2.so;vtkChartsCore;vtkCommonColor;vtkCommonCore;vtksys;vtkCommonDataModel;vtkCommonMath;vtkCommonMisc;vtkCommonSystem;vtkCommonTransforms;vtkCommonExecutionModel;vtkFiltersGeneral;vtkCommonComputationalGeometry;vtkFiltersCore;vtkInfovisCore;vtkFiltersExtraction;vtkFiltersStatistics;vtkImagingFourier;vtkImagingCore;vtkalglib;vtkRenderingContext2D;vtkRenderingCore;vtkFiltersGeometry;vtkFiltersSources;vtkRenderingFreeType;/usr/lib/x86_64-linux-gnu/libfreetype.so;/usr/lib/x86_64-linux-gnu/libz.so;vtkFiltersModeling;vtkImagingSources;vtkInteractionStyle;vtkInteractionWidgets;vtkFiltersHybrid;vtkImagingColor;vtkImagingGeneral;vtkImagingHybrid;vtkIOImage;vtkDICOMParser;vtkmetaio;/usr/lib/x86_64-linux-gnu/libjpeg.so;/usr/lib/x86_64-linux-gnu/libpng.so;/usr/lib/x86_64-linux-gnu/libtiff.so;vtkRenderingAnnotation;vtkRenderingVolume;vtkIOXML;vtkIOCore;vtkIOXMLParser;/usr/lib/x86_64-linux-gnu/libexpat.so;vtkIOGeometry;vtkIOLegacy;vtkIOPLY;vtkRenderingLOD;vtkViewsContext2D;vtkViewsCore;vtkRenderingContextOpenGL2;vtkRenderingOpenGL2;FLANN::FLANN (Required is at least version "1.10") 
[2.543s] -- Found nav_msgs: 2.0.5 (/opt/ros/foxy/share/nav_msgs/cmake)
[2.581s] -- Using all available rosidl_typesupport_c: rosidl_typesupport_fastrtps_c;rosidl_typesupport_introspection_c
[2.594s] -- Found rosidl_adapter: 1.3.1 (/opt/ros/foxy/share/rosidl_adapter/cmake)
[2.732s] -- Found OpenSSL: /usr/lib/x86_64-linux-gnu/libcrypto.so (found version "1.1.1f")  
[2.786s] -- Found FastRTPS: /opt/ros/foxy/include  
[2.934s] -- Using all available rosidl_typesupport_cpp: rosidl_typesupport_fastrtps_cpp;rosidl_typesupport_introspection_cpp
[3.364s] -- Found sensor_msgs: 2.0.5 (/opt/ros/foxy/share/sensor_msgs/cmake)
[3.537s] -- Found rclcpp: 2.4.3 (/opt/ros/foxy/share/rclcpp/cmake)
[3.627s] -- Found rmw_implementation_cmake: 1.0.4 (/opt/ros/foxy/share/rmw_implementation_cmake/cmake)
[3.630s] -- Using RMW implementation 'rmw_fastrtps_cpp' as default
[3.631s] -- Looking for pthread.h
[3.744s] -- Looking for pthread.h - found
[3.744s] -- Performing Test CMAKE_HAVE_LIBC_PTHREAD
[3.863s] -- Performing Test CMAKE_HAVE_LIBC_PTHREAD - Failed
[3.864s] -- Looking for pthread_create in pthreads
[3.964s] -- Looking for pthread_create in pthreads - not found
[3.965s] -- Looking for pthread_create in pthread
[4.087s] -- Looking for pthread_create in pthread - found
[4.089s] -- Found Threads: TRUE  
[4.607s] -- Configuring done
[4.777s] -- Generating done
[4.780s] -- Build files have been written to: /home/simteamq/Desktop/SEAL/build/mapping
[4.795s] Invoked command in '/home/simteamq/Desktop/SEAL/build/mapping' returned '0': CMAKE_PREFIX_PATH=${CMAKE_PREFIX_PATH}:/home/simteamq/Desktop/SEAL/install/urdf_tutorial_r2d2:/opt/ros/foxy CONDA_PROMPT_MODIFIER=(base) /usr/bin/cmake /home/simteamq/Desktop/SEAL/mapping -DCMAKE_INSTALL_PREFIX=/home/simteamq/Desktop/SEAL/install/mapping
[4.801s] Invoking command in '/home/simteamq/Desktop/SEAL/build/mapping': CMAKE_PREFIX_PATH=${CMAKE_PREFIX_PATH}:/home/simteamq/Desktop/SEAL/install/urdf_tutorial_r2d2:/opt/ros/foxy CONDA_PROMPT_MODIFIER=(base) /usr/bin/cmake --build /home/simteamq/Desktop/SEAL/build/mapping -- -j12 -l12
[4.867s] [35m[1mScanning dependencies of target ROS_comms[0m
[5.009s] [ 50%] [32mBuilding CXX object CMakeFiles/ROS_comms.dir/src/ROS_comms.cpp.o[0m
[27.554s] [100%] [32m[1mLinking CXX executable ROS_comms[0m
[30.576s] [100%] Built target ROS_comms
[30.594s] Invoked command in '/home/simteamq/Desktop/SEAL/build/mapping' returned '0': CMAKE_PREFIX_PATH=${CMAKE_PREFIX_PATH}:/home/simteamq/Desktop/SEAL/install/urdf_tutorial_r2d2:/opt/ros/foxy CONDA_PROMPT_MODIFIER=(base) /usr/bin/cmake --build /home/simteamq/Desktop/SEAL/build/mapping -- -j12 -l12
[30.642s] Invoking command in '/home/simteamq/Desktop/SEAL/build/mapping': CMAKE_PREFIX_PATH=${CMAKE_PREFIX_PATH}:/home/simteamq/Desktop/SEAL/install/urdf_tutorial_r2d2:/opt/ros/foxy CONDA_PROMPT_MODIFIER=(base) /usr/bin/cmake --install /home/simteamq/Desktop/SEAL/build/mapping
[30.654s] -- Install configuration: ""
[30.655s] -- Installing: /home/simteamq/Desktop/SEAL/install/mapping/lib/mapping/ROS_comms
[30.663s] -- Set runtime path of "/home/simteamq/Desktop/SEAL/install/mapping/lib/mapping/ROS_comms" to ""
[30.663s] -- Installing: /home/simteamq/Desktop/SEAL/install/mapping/share/ament_index/resource_index/package_run_dependencies/mapping
[30.664s] -- Installing: /home/simteamq/Desktop/SEAL/install/mapping/share/ament_index/resource_index/parent_prefix_path/mapping
[30.664s] -- Installing: /home/simteamq/Desktop/SEAL/install/mapping/share/mapping/environment/ament_prefix_path.sh
[30.664s] -- Installing: /home/simteamq/Desktop/SEAL/install/mapping/share/mapping/environment/ament_prefix_path.dsv
[30.664s] -- Installing: /home/simteamq/Desktop/SEAL/install/mapping/share/mapping/environment/path.sh
[30.665s] -- Installing: /home/simteamq/Desktop/SEAL/install/mapping/share/mapping/environment/path.dsv
[30.665s] -- Installing: /home/simteamq/Desktop/SEAL/install/mapping/share/mapping/local_setup.bash
[30.665s] -- Installing: /home/simteamq/Desktop/SEAL/install/mapping/share/mapping/local_setup.sh
[30.665s] -- Installing: /home/simteamq/Desktop/SEAL/install/mapping/share/mapping/local_setup.zsh
[30.666s] -- Installing: /home/simteamq/Desktop/SEAL/install/mapping/share/mapping/local_setup.dsv
[30.666s] -- Installing: /home/simteamq/Desktop/SEAL/install/mapping/share/mapping/package.dsv
[30.666s] -- Installing: /home/simteamq/Desktop/SEAL/install/mapping/share/ament_index/resource_index/packages/mapping
[30.666s] -- Installing: /home/simteamq/Desktop/SEAL/install/mapping/share/mapping/cmake/mappingConfig.cmake
[30.666s] -- Installing: /home/simteamq/Desktop/SEAL/install/mapping/share/mapping/cmake/mappingConfig-version.cmake
[30.667s] -- Installing: /home/simteamq/Desktop/SEAL/install/mapping/share/mapping/package.xml
[30.669s] Invoked command in '/home/simteamq/Desktop/SEAL/build/mapping' returned '0': CMAKE_PREFIX_PATH=${CMAKE_PREFIX_PATH}:/home/simteamq/Desktop/SEAL/install/urdf_tutorial_r2d2:/opt/ros/foxy CONDA_PROMPT_MODIFIER=(base) /usr/bin/cmake --install /home/simteamq/Desktop/SEAL/build/mapping
