[5.152s] DEBUG:colcon:Command line arguments: ['/usr/bin/colcon', 'build']
[5.152s] DEBUG:colcon:Parsed command line arguments: Namespace(allow_overriding=[], ament_cmake_args=None, base_paths=['.'], build_base='build', catkin_cmake_args=None, catkin_skip_building_tests=False, cmake_args=None, cmake_clean_cache=False, cmake_clean_first=False, cmake_force_configure=False, cmake_target=None, cmake_target_skip_unavailable=False, continue_on_error=False, event_handlers=None, executor='parallel', ignore_user_meta=False, install_base='install', log_base=None, log_level=None, main=<bound method BuildVerb.main of <colcon_core.verb.build.BuildVerb object at 0x7f11ad756dc0>>, merge_install=False, metas=['./colcon.meta'], packages_above=None, packages_above_and_dependencies=None, packages_above_depth=None, packages_end=None, packages_ignore=None, packages_ignore_regex=None, packages_select=None, packages_select_build_failed=False, packages_select_by_dep=None, packages_select_regex=None, packages_select_test_failures=False, packages_skip=None, packages_skip_build_finished=False, packages_skip_by_dep=None, packages_skip_regex=None, packages_skip_test_passed=False, packages_skip_up_to=None, packages_start=None, packages_up_to=None, packages_up_to_regex=None, parallel_workers=12, paths=None, symlink_install=False, test_result_base=None, verb_extension=<colcon_core.verb.build.BuildVerb object at 0x7f11ad756dc0>, verb_name='build', verb_parser=<colcon_defaults.argument_parser.defaults.DefaultArgumentsDecorator object at 0x7f11ad756a00>)
[5.356s] Level 1:colcon.colcon_core.package_discovery:discover_packages(colcon_meta) check parameters
[5.356s] Level 1:colcon.colcon_core.package_discovery:discover_packages(recursive) check parameters
[5.356s] Level 1:colcon.colcon_core.package_discovery:discover_packages(ignore) check parameters
[5.356s] Level 1:colcon.colcon_core.package_discovery:discover_packages(path) check parameters
[5.356s] Level 1:colcon.colcon_core.package_discovery:discover_packages(colcon_meta) discover
[5.356s] Level 1:colcon.colcon_core.package_discovery:discover_packages(recursive) discover
[5.356s] INFO:colcon.colcon_core.package_discovery:Crawling recursively for packages in '/home/simteamq/Desktop/SEAL'
[5.356s] Level 1:colcon.colcon_core.package_identification:_identify(.) by extensions ['ignore', 'ignore_ament_install']
[5.356s] Level 1:colcon.colcon_core.package_identification:_identify(.) by extension 'ignore'
[5.356s] Level 1:colcon.colcon_core.package_identification:_identify(.) by extension 'ignore_ament_install'
[5.356s] Level 1:colcon.colcon_core.package_identification:_identify(.) by extensions ['colcon_pkg']
[5.357s] Level 1:colcon.colcon_core.package_identification:_identify(.) by extension 'colcon_pkg'
[5.357s] Level 1:colcon.colcon_core.package_identification:_identify(.) by extensions ['colcon_meta']
[5.357s] Level 1:colcon.colcon_core.package_identification:_identify(.) by extension 'colcon_meta'
[5.357s] Level 1:colcon.colcon_core.package_identification:_identify(.) by extensions ['ros']
[5.357s] Level 1:colcon.colcon_core.package_identification:_identify(.) by extension 'ros'
[5.374s] DEBUG:colcon.colcon_core.package_identification:Package '.' with type 'ros.ament_cmake' and name 'main'
[5.375s] Level 1:colcon.colcon_core.package_discovery:discover_packages(recursive) using defaults
[5.375s] Level 1:colcon.colcon_core.package_discovery:discover_packages(ignore) discover
[5.375s] Level 1:colcon.colcon_core.package_discovery:discover_packages(ignore) using defaults
[5.375s] Level 1:colcon.colcon_core.package_discovery:discover_packages(path) discover
[5.375s] Level 1:colcon.colcon_core.package_discovery:discover_packages(path) using defaults
[5.800s] Level 1:colcon.colcon_core.package_discovery:discover_packages(prefix_path) check parameters
[5.800s] Level 1:colcon.colcon_core.package_discovery:discover_packages(prefix_path) discover
[5.964s] DEBUG:colcon.colcon_installed_package_information.package_discovery:Found 256 installed packages in /opt/ros/foxy
[5.966s] Level 1:colcon.colcon_core.package_discovery:discover_packages(prefix_path) using defaults
[6.250s] Level 5:colcon.colcon_core.verb:set package 'main' build argument 'cmake_args' from command line to 'None'
[6.250s] Level 5:colcon.colcon_core.verb:set package 'main' build argument 'cmake_target' from command line to 'None'
[6.251s] Level 5:colcon.colcon_core.verb:set package 'main' build argument 'cmake_target_skip_unavailable' from command line to 'False'
[6.251s] Level 5:colcon.colcon_core.verb:set package 'main' build argument 'cmake_clean_cache' from command line to 'False'
[6.251s] Level 5:colcon.colcon_core.verb:set package 'main' build argument 'cmake_clean_first' from command line to 'False'
[6.251s] Level 5:colcon.colcon_core.verb:set package 'main' build argument 'cmake_force_configure' from command line to 'False'
[6.251s] Level 5:colcon.colcon_core.verb:set package 'main' build argument 'ament_cmake_args' from command line to 'None'
[6.251s] Level 5:colcon.colcon_core.verb:set package 'main' build argument 'catkin_cmake_args' from command line to 'None'
[6.251s] Level 5:colcon.colcon_core.verb:set package 'main' build argument 'catkin_skip_building_tests' from command line to 'False'
[6.251s] DEBUG:colcon.colcon_core.verb:Building package 'main' with the following arguments: {'ament_cmake_args': None, 'build_base': '/home/simteamq/Desktop/SEAL/build/main', 'catkin_cmake_args': None, 'catkin_skip_building_tests': False, 'cmake_args': None, 'cmake_clean_cache': False, 'cmake_clean_first': False, 'cmake_force_configure': False, 'cmake_target': None, 'cmake_target_skip_unavailable': False, 'install_base': '/home/simteamq/Desktop/SEAL/install/main', 'merge_install': False, 'path': '/home/simteamq/Desktop/SEAL', 'symlink_install': False, 'test_result_base': None}
[6.338s] INFO:colcon.colcon_core.executor:Executing jobs using 'parallel' executor
[6.419s] DEBUG:colcon.colcon_parallel_executor.executor.parallel:run_until_complete
[6.420s] INFO:colcon.colcon_ros.task.ament_cmake.build:Building ROS package in '/home/simteamq/Desktop/SEAL' with build type 'ament_cmake'
[6.420s] INFO:colcon.colcon_cmake.task.cmake.build:Building CMake package in '/home/simteamq/Desktop/SEAL'
[6.539s] INFO:colcon.colcon_core.plugin_system:Skipping extension 'colcon_core.shell.bat': Not used on non-Windows systems
[6.539s] INFO:colcon.colcon_core.shell:Skip shell extension 'powershell' for command environment: Not usable outside of PowerShell
[6.539s] DEBUG:colcon.colcon_core.shell:Skip shell extension 'dsv' for command environment
[6.752s] DEBUG:colcon.colcon_core.event_handler.log_command:Invoking command in '/home/simteamq/Desktop/SEAL/build/main': CMAKE_PREFIX_PATH=/opt/ros/foxy CONDA_PROMPT_MODIFIER=(base) /usr/bin/cmake --build /home/simteamq/Desktop/SEAL/build/main -- -j12 -l12
[37.304s] DEBUG:colcon.colcon_core.event_handler.log_command:Invoked command in '/home/simteamq/Desktop/SEAL/build/main' returned '0': CMAKE_PREFIX_PATH=/opt/ros/foxy CONDA_PROMPT_MODIFIER=(base) /usr/bin/cmake --build /home/simteamq/Desktop/SEAL/build/main -- -j12 -l12
[37.382s] DEBUG:colcon.colcon_core.event_handler.log_command:Invoking command in '/home/simteamq/Desktop/SEAL/build/main': CMAKE_PREFIX_PATH=/opt/ros/foxy CONDA_PROMPT_MODIFIER=(base) /usr/bin/cmake --install /home/simteamq/Desktop/SEAL/build/main
[37.410s] Level 1:colcon.colcon_core.environment:create_environment_scripts_only(main)
[37.412s] DEBUG:colcon.colcon_core.event_handler.log_command:Invoked command in '/home/simteamq/Desktop/SEAL/build/main' returned '0': CMAKE_PREFIX_PATH=/opt/ros/foxy CONDA_PROMPT_MODIFIER=(base) /usr/bin/cmake --install /home/simteamq/Desktop/SEAL/build/main
[37.513s] Level 1:colcon.colcon_core.environment:checking '/home/simteamq/Desktop/SEAL/install/main' for CMake module files
[37.514s] Level 1:colcon.colcon_core.environment:checking '/home/simteamq/Desktop/SEAL/install/main' for CMake config files
[37.514s] Level 1:colcon.colcon_core.shell:create_environment_hook('main', 'cmake_prefix_path')
[37.605s] INFO:colcon.colcon_core.shell:Creating environment hook '/home/simteamq/Desktop/SEAL/install/main/share/main/hook/cmake_prefix_path.ps1'
[37.606s] INFO:colcon.colcon_core.shell:Creating environment descriptor '/home/simteamq/Desktop/SEAL/install/main/share/main/hook/cmake_prefix_path.dsv'
[37.607s] INFO:colcon.colcon_core.shell:Creating environment hook '/home/simteamq/Desktop/SEAL/install/main/share/main/hook/cmake_prefix_path.sh'
[37.608s] Level 1:colcon.colcon_core.environment:checking '/home/simteamq/Desktop/SEAL/install/main/lib'
[37.608s] Level 1:colcon.colcon_core.environment:checking '/home/simteamq/Desktop/SEAL/install/main/bin'
[37.609s] Level 1:colcon.colcon_core.environment:checking '/home/simteamq/Desktop/SEAL/install/main/lib/pkgconfig/main.pc'
[37.609s] Level 1:colcon.colcon_core.environment:checking '/home/simteamq/Desktop/SEAL/install/main/lib/python3.8/site-packages'
[37.609s] Level 1:colcon.colcon_core.environment:checking '/home/simteamq/Desktop/SEAL/install/main/bin'
[37.701s] INFO:colcon.colcon_core.shell:Creating package script '/home/simteamq/Desktop/SEAL/install/main/share/main/package.ps1'
[37.702s] INFO:colcon.colcon_core.shell:Creating package descriptor '/home/simteamq/Desktop/SEAL/install/main/share/main/package.dsv'
[37.703s] INFO:colcon.colcon_core.shell:Creating package script '/home/simteamq/Desktop/SEAL/install/main/share/main/package.sh'
[37.704s] INFO:colcon.colcon_core.shell:Creating package script '/home/simteamq/Desktop/SEAL/install/main/share/main/package.bash'
[37.705s] INFO:colcon.colcon_core.shell:Creating package script '/home/simteamq/Desktop/SEAL/install/main/share/main/package.zsh'
[37.706s] Level 1:colcon.colcon_core.environment:create_file_with_runtime_dependencies(/home/simteamq/Desktop/SEAL/install/main/share/colcon-core/packages/main)
[37.859s] Level 1:colcon.colcon_core.environment:create_environment_scripts_only(main)
[37.947s] Level 1:colcon.colcon_core.environment:checking '/home/simteamq/Desktop/SEAL/install/main' for CMake module files
[37.948s] Level 1:colcon.colcon_core.environment:checking '/home/simteamq/Desktop/SEAL/install/main' for CMake config files
[37.948s] Level 1:colcon.colcon_core.shell:create_environment_hook('main', 'cmake_prefix_path')
[38.039s] INFO:colcon.colcon_core.shell:Creating environment hook '/home/simteamq/Desktop/SEAL/install/main/share/main/hook/cmake_prefix_path.ps1'
[38.040s] INFO:colcon.colcon_core.shell:Creating environment descriptor '/home/simteamq/Desktop/SEAL/install/main/share/main/hook/cmake_prefix_path.dsv'
[38.041s] INFO:colcon.colcon_core.shell:Creating environment hook '/home/simteamq/Desktop/SEAL/install/main/share/main/hook/cmake_prefix_path.sh'
[38.041s] Level 1:colcon.colcon_core.environment:checking '/home/simteamq/Desktop/SEAL/install/main/lib'
[38.042s] Level 1:colcon.colcon_core.environment:checking '/home/simteamq/Desktop/SEAL/install/main/bin'
[38.042s] Level 1:colcon.colcon_core.environment:checking '/home/simteamq/Desktop/SEAL/install/main/lib/pkgconfig/main.pc'
[38.042s] Level 1:colcon.colcon_core.environment:checking '/home/simteamq/Desktop/SEAL/install/main/lib/python3.8/site-packages'
[38.042s] Level 1:colcon.colcon_core.environment:checking '/home/simteamq/Desktop/SEAL/install/main/bin'
[38.134s] INFO:colcon.colcon_core.shell:Creating package script '/home/simteamq/Desktop/SEAL/install/main/share/main/package.ps1'
[38.134s] INFO:colcon.colcon_core.shell:Creating package descriptor '/home/simteamq/Desktop/SEAL/install/main/share/main/package.dsv'
[38.135s] INFO:colcon.colcon_core.shell:Creating package script '/home/simteamq/Desktop/SEAL/install/main/share/main/package.sh'
[38.136s] INFO:colcon.colcon_core.shell:Creating package script '/home/simteamq/Desktop/SEAL/install/main/share/main/package.bash'
[38.136s] INFO:colcon.colcon_core.shell:Creating package script '/home/simteamq/Desktop/SEAL/install/main/share/main/package.zsh'
[38.137s] Level 1:colcon.colcon_core.environment:create_file_with_runtime_dependencies(/home/simteamq/Desktop/SEAL/install/main/share/colcon-core/packages/main)
[38.137s] DEBUG:colcon.colcon_parallel_executor.executor.parallel:closing loop
[38.138s] DEBUG:colcon.colcon_parallel_executor.executor.parallel:loop closed
[38.138s] DEBUG:colcon.colcon_parallel_executor.executor.parallel:run_until_complete finished with '0'
[38.138s] DEBUG:colcon.colcon_core.event_reactor:joining thread
[38.245s] INFO:colcon.colcon_core.plugin_system:Skipping extension 'colcon_notification.desktop_notification.terminal_notifier': Not used on non-Darwin systems
[38.245s] INFO:colcon.colcon_core.plugin_system:Skipping extension 'colcon_notification.desktop_notification.win32': Not used on non-Windows systems
[38.245s] INFO:colcon.colcon_notification.desktop_notification:Sending desktop notification using 'notify2'
[38.272s] DEBUG:colcon.colcon_core.event_reactor:joined thread
[38.370s] INFO:colcon.colcon_core.shell:Creating prefix script '/home/simteamq/Desktop/SEAL/install/local_setup.ps1'
[38.371s] INFO:colcon.colcon_core.shell:Creating prefix util module '/home/simteamq/Desktop/SEAL/install/_local_setup_util_ps1.py'
[38.373s] INFO:colcon.colcon_core.shell:Creating prefix chain script '/home/simteamq/Desktop/SEAL/install/setup.ps1'
[38.459s] INFO:colcon.colcon_core.shell:Creating prefix script '/home/simteamq/Desktop/SEAL/install/local_setup.sh'
[38.460s] INFO:colcon.colcon_core.shell:Creating prefix util module '/home/simteamq/Desktop/SEAL/install/_local_setup_util_sh.py'
[38.461s] INFO:colcon.colcon_core.shell:Creating prefix chain script '/home/simteamq/Desktop/SEAL/install/setup.sh'
[38.566s] INFO:colcon.colcon_core.shell:Creating prefix script '/home/simteamq/Desktop/SEAL/install/local_setup.bash'
[38.567s] INFO:colcon.colcon_core.shell:Creating prefix chain script '/home/simteamq/Desktop/SEAL/install/setup.bash'
[38.654s] INFO:colcon.colcon_core.shell:Creating prefix script '/home/simteamq/Desktop/SEAL/install/local_setup.zsh'
[38.655s] INFO:colcon.colcon_core.shell:Creating prefix chain script '/home/simteamq/Desktop/SEAL/install/setup.zsh'
