[0.303s] Invoking command in '/home/simteamq/Desktop/SEAL/localization2/build/localization2': CMAKE_PREFIX_PATH=${CMAKE_PREFIX_PATH}:/opt/ros/foxy CONDA_PROMPT_MODIFIER=(base) /usr/bin/cmake --build /home/simteamq/Desktop/SEAL/localization2/build/localization2 -- -j12 -l12
[0.345s] -- Found ament_cmake: 0.9.12 (/opt/ros/foxy/share/ament_cmake/cmake)
[0.379s] -- Using PYTHON_EXECUTABLE: /home/simteamq/anaconda3/bin/python3
[0.670s] -- Eigen found (include: /usr/include/eigen3, version: 3.3.7)
[0.822s] -- The imported target "vtkParseOGLExt" references the file
[0.822s]    "/usr/bin/vtkParseOGLExt-7.1"
[0.822s] but this file does not exist.  Possible reasons include:
[0.823s] * The file was deleted, renamed, or moved to another location.
[0.823s] * An install or uninstall procedure did not complete successfully.
[0.823s] * The installation package was faulty and contained
[0.824s]    "/usr/lib/cmake/vtk-7.1/VTKTargets.cmake"
[0.824s] but not all the files it references.
[0.824s] 
[0.825s] -- The imported target "vtkRenderingPythonTkWidgets" references the file
[0.825s]    "/usr/lib/x86_64-linux-gnu/libvtkRenderingPythonTkWidgets.so"
[0.825s] but this file does not exist.  Possible reasons include:
[0.825s] * The file was deleted, renamed, or moved to another location.
[0.825s] * An install or uninstall procedure did not complete successfully.
[0.826s] * The installation package was faulty and contained
[0.826s]    "/usr/lib/cmake/vtk-7.1/VTKTargets.cmake"
[0.826s] but not all the files it references.
[0.826s] 
[0.827s] -- The imported target "vtk" references the file
[0.827s]    "/usr/bin/vtk"
[0.827s] but this file does not exist.  Possible reasons include:
[0.827s] * The file was deleted, renamed, or moved to another location.
[0.828s] * An install or uninstall procedure did not complete successfully.
[0.828s] * The installation package was faulty and contained
[0.828s]    "/usr/lib/cmake/vtk-7.1/VTKTargets.cmake"
[0.828s] but not all the files it references.
[0.828s] 
[0.829s] -- The imported target "pvtk" references the file
[0.829s]    "/usr/bin/pvtk"
[0.829s] but this file does not exist.  Possible reasons include:
[0.829s] * The file was deleted, renamed, or moved to another location.
[0.830s] * An install or uninstall procedure did not complete successfully.
[0.830s] * The installation package was faulty and contained
[0.830s]    "/usr/lib/cmake/vtk-7.1/VTKTargets.cmake"
[0.830s] but not all the files it references.
[0.830s] 
[0.856s] -- OpenNI found (include: /usr/include/ni, lib: /usr/lib/libOpenNI.so)
[0.865s] -- OpenNI2 found (include: /usr/include/openni2, lib: /usr/lib/libOpenNI2.so)
[0.865s] ** WARNING ** io features related to pcap will be disabled
[0.866s] ** WARNING ** io features related to png will be disabled
[0.884s] ** WARNING ** io features related to libusb-1.0 will be disabled
[0.893s] -- OpenNI found (include: /usr/include/ni, lib: /usr/lib/libOpenNI.so)
[0.901s] -- OpenNI2 found (include: /usr/include/openni2, lib: /usr/lib/libOpenNI2.so)
[0.921s] -- QHULL found (include: /usr/include, lib: optimized;/usr/lib/x86_64-linux-gnu/libqhull.so;debug;/usr/lib/x86_64-linux-gnu/libqhull.so)
[0.930s] -- OpenNI found (include: /usr/include/ni, lib: /usr/lib/libOpenNI.so)
[0.948s] -- looking for PCL_COMMON
[0.949s] -- looking for PCL_KDTREE
[0.949s] -- looking for PCL_OCTREE
[0.950s] -- looking for PCL_SEARCH
[0.951s] -- looking for PCL_SAMPLE_CONSENSUS
[0.952s] -- looking for PCL_FILTERS
[0.953s] -- looking for PCL_2D
[0.953s] -- looking for PCL_GEOMETRY
[0.954s] -- looking for PCL_IO
[0.955s] -- looking for PCL_FEATURES
[0.956s] -- looking for PCL_ML
[0.956s] -- looking for PCL_SEGMENTATION
[0.957s] -- looking for PCL_VISUALIZATION
[0.958s] -- looking for PCL_SURFACE
[0.959s] -- looking for PCL_REGISTRATION
[0.960s] -- looking for PCL_KEYPOINTS
[0.961s] -- looking for PCL_TRACKING
[0.962s] -- looking for PCL_RECOGNITION
[0.963s] -- looking for PCL_STEREO
[0.964s] -- looking for PCL_APPS
[0.966s] -- looking for PCL_IN_HAND_SCANNER
[0.967s] -- looking for PCL_POINT_CLOUD_EDITOR
[0.967s] -- looking for PCL_OUTOFCORE
[0.968s] -- looking for PCL_PEOPLE
[0.971s] -- Found nav_msgs: 2.0.5 (/opt/ros/foxy/share/nav_msgs/cmake)
[0.993s] -- Using all available rosidl_typesupport_c: rosidl_typesupport_fastrtps_c;rosidl_typesupport_introspection_c
[0.998s] -- Found rosidl_adapter: 1.3.1 (/opt/ros/foxy/share/rosidl_adapter/cmake)
[1.159s] -- Using all available rosidl_typesupport_cpp: rosidl_typesupport_fastrtps_cpp;rosidl_typesupport_introspection_cpp
[1.353s] -- Found sensor_msgs: 2.0.5 (/opt/ros/foxy/share/sensor_msgs/cmake)
[1.436s] -- Found rclcpp: 2.4.3 (/opt/ros/foxy/share/rclcpp/cmake)
[1.481s] -- Found rmw_implementation_cmake: 1.0.4 (/opt/ros/foxy/share/rmw_implementation_cmake/cmake)
[1.483s] -- Using RMW implementation 'rmw_fastrtps_cpp' as default
[1.640s] -- Found ament_lint_auto: 0.9.8 (/opt/ros/foxy/share/ament_lint_auto/cmake)
[1.769s] -- Added test 'copyright' to check source files copyright and LICENSE
[1.780s] -- Added test 'cppcheck' to perform static code analysis on C / C++ code
[1.781s] -- Configured cppcheck include dirs: /home/simteamq/Desktop/SEAL/localization2/include
[1.781s] -- Configured cppcheck exclude dirs and/or files: 
[1.792s] -- Added test 'cpplint' to check C / C++ code against the Google style
[1.792s] -- Configured cpplint exclude dirs and/or files: 
[1.793s] -- Added test 'flake8' to check Python code syntax and style conventions
[1.797s] -- Added test 'lint_cmake' to check CMake code style
[1.798s] -- Added test 'pep257' to check Python code against some of the style conventions in PEP 257
[1.810s] -- Added test 'uncrustify' to check C / C++ code style
[1.810s] -- Configured uncrustify additional arguments: 
[1.812s] -- Added test 'xmllint' to check XML markup files
[1.816s] -- Configuring done
[1.828s] -- Generating done
[1.831s] -- Build files have been written to: /home/simteamq/Desktop/SEAL/localization2/build/localization2
[1.873s] [35m[1mScanning dependencies of target odom_subscriber[0m
[1.887s] [ 50%] [32mBuilding CXX object CMakeFiles/odom_subscriber.dir/src/odom_subscriber.cpp.o[0m
[7.561s] [100%] [32m[1mLinking CXX executable odom_subscriber[0m
[7.876s] [100%] Built target odom_subscriber
[7.891s] Invoked command in '/home/simteamq/Desktop/SEAL/localization2/build/localization2' returned '0': CMAKE_PREFIX_PATH=${CMAKE_PREFIX_PATH}:/opt/ros/foxy CONDA_PROMPT_MODIFIER=(base) /usr/bin/cmake --build /home/simteamq/Desktop/SEAL/localization2/build/localization2 -- -j12 -l12
[7.955s] Invoking command in '/home/simteamq/Desktop/SEAL/localization2/build/localization2': CMAKE_PREFIX_PATH=${CMAKE_PREFIX_PATH}:/opt/ros/foxy CONDA_PROMPT_MODIFIER=(base) /usr/bin/cmake --install /home/simteamq/Desktop/SEAL/localization2/build/localization2
[7.976s] -- Install configuration: ""
[7.977s] -- Installing: /home/simteamq/Desktop/SEAL/localization2/install/localization2/lib/localization2/odom_subscriber
[7.980s] -- Set runtime path of "/home/simteamq/Desktop/SEAL/localization2/install/localization2/lib/localization2/odom_subscriber" to ""
[7.980s] -- Up-to-date: /home/simteamq/Desktop/SEAL/localization2/install/localization2/share/ament_index/resource_index/package_run_dependencies/localization2
[7.980s] -- Up-to-date: /home/simteamq/Desktop/SEAL/localization2/install/localization2/share/ament_index/resource_index/parent_prefix_path/localization2
[7.980s] -- Up-to-date: /home/simteamq/Desktop/SEAL/localization2/install/localization2/share/localization2/environment/ament_prefix_path.sh
[7.981s] -- Installing: /home/simteamq/Desktop/SEAL/localization2/install/localization2/share/localization2/environment/ament_prefix_path.dsv
[7.981s] -- Up-to-date: /home/simteamq/Desktop/SEAL/localization2/install/localization2/share/localization2/environment/path.sh
[7.981s] -- Installing: /home/simteamq/Desktop/SEAL/localization2/install/localization2/share/localization2/environment/path.dsv
[7.981s] -- Up-to-date: /home/simteamq/Desktop/SEAL/localization2/install/localization2/share/localization2/local_setup.bash
[7.981s] -- Up-to-date: /home/simteamq/Desktop/SEAL/localization2/install/localization2/share/localization2/local_setup.sh
[7.982s] -- Up-to-date: /home/simteamq/Desktop/SEAL/localization2/install/localization2/share/localization2/local_setup.zsh
[7.982s] -- Installing: /home/simteamq/Desktop/SEAL/localization2/install/localization2/share/localization2/local_setup.dsv
[7.982s] -- Installing: /home/simteamq/Desktop/SEAL/localization2/install/localization2/share/localization2/package.dsv
[7.982s] -- Up-to-date: /home/simteamq/Desktop/SEAL/localization2/install/localization2/share/ament_index/resource_index/packages/localization2
[7.982s] -- Up-to-date: /home/simteamq/Desktop/SEAL/localization2/install/localization2/share/localization2/cmake/localization2Config.cmake
[7.982s] -- Up-to-date: /home/simteamq/Desktop/SEAL/localization2/install/localization2/share/localization2/cmake/localization2Config-version.cmake
[7.983s] -- Up-to-date: /home/simteamq/Desktop/SEAL/localization2/install/localization2/share/localization2/package.xml
[7.985s] Invoked command in '/home/simteamq/Desktop/SEAL/localization2/build/localization2' returned '0': CMAKE_PREFIX_PATH=${CMAKE_PREFIX_PATH}:/opt/ros/foxy CONDA_PROMPT_MODIFIER=(base) /usr/bin/cmake --install /home/simteamq/Desktop/SEAL/localization2/build/localization2
