[1.908s] Invoking command in '/home/simteamq/Desktop/SEAL/bzik': CONDA_PROMPT_MODIFIER=(base) PYTHONPATH=/home/simteamq/Desktop/SEAL/bzik/build/urdf_tutorial_r2d2/prefix_override:/home/simteamq/Desktop/SEAL/bzik/install/urdf_tutorial_r2d2/lib/python3.8/site-packages:${PYTHONPATH} /usr/bin/python3 setup.py egg_info --egg-base build/urdf_tutorial_r2d2 build --build-base /home/simteamq/Desktop/SEAL/bzik/build/urdf_tutorial_r2d2/build install --record /home/simteamq/Desktop/SEAL/bzik/build/urdf_tutorial_r2d2/install.log --install-scripts $base/lib/urdf_tutorial_r2d2 --single-version-externally-managed
[2.278s] running egg_info
[2.278s] writing build/urdf_tutorial_r2d2/urdf_tutorial_r2d2.egg-info/PKG-INFO
[2.279s] writing dependency_links to build/urdf_tutorial_r2d2/urdf_tutorial_r2d2.egg-info/dependency_links.txt
[2.279s] writing entry points to build/urdf_tutorial_r2d2/urdf_tutorial_r2d2.egg-info/entry_points.txt
[2.279s] writing requirements to build/urdf_tutorial_r2d2/urdf_tutorial_r2d2.egg-info/requires.txt
[2.279s] writing top-level names to build/urdf_tutorial_r2d2/urdf_tutorial_r2d2.egg-info/top_level.txt
[2.324s] reading manifest file 'build/urdf_tutorial_r2d2/urdf_tutorial_r2d2.egg-info/SOURCES.txt'
[2.325s] writing manifest file 'build/urdf_tutorial_r2d2/urdf_tutorial_r2d2.egg-info/SOURCES.txt'
[2.326s] running build
[2.326s] running build_py
[2.326s] copying urdf_tutorial_r2d2/state_publisher.py -> /home/simteamq/Desktop/SEAL/bzik/build/urdf_tutorial_r2d2/build/lib/urdf_tutorial_r2d2
[2.326s] running install
[2.328s] running install_lib
[2.329s] copying /home/simteamq/Desktop/SEAL/bzik/build/urdf_tutorial_r2d2/build/lib/urdf_tutorial_r2d2/state_publisher.py -> /home/simteamq/Desktop/SEAL/bzik/install/urdf_tutorial_r2d2/lib/python3.8/site-packages/urdf_tutorial_r2d2
[2.330s] byte-compiling /home/simteamq/Desktop/SEAL/bzik/install/urdf_tutorial_r2d2/lib/python3.8/site-packages/urdf_tutorial_r2d2/state_publisher.py to state_publisher.cpython-38.pyc
[2.333s] running install_data
[2.334s] running install_egg_info
[2.336s] removing '/home/simteamq/Desktop/SEAL/bzik/install/urdf_tutorial_r2d2/lib/python3.8/site-packages/urdf_tutorial_r2d2-0.0.0-py3.8.egg-info' (and everything under it)
[2.337s] Copying build/urdf_tutorial_r2d2/urdf_tutorial_r2d2.egg-info to /home/simteamq/Desktop/SEAL/bzik/install/urdf_tutorial_r2d2/lib/python3.8/site-packages/urdf_tutorial_r2d2-0.0.0-py3.8.egg-info
[2.339s] running install_scripts
[2.358s] Installing state_publisher script to /home/simteamq/Desktop/SEAL/bzik/install/urdf_tutorial_r2d2/lib/urdf_tutorial_r2d2
[2.359s] writing list of installed files to '/home/simteamq/Desktop/SEAL/bzik/build/urdf_tutorial_r2d2/install.log'
[2.380s] Invoked command in '/home/simteamq/Desktop/SEAL/bzik' returned '0': CONDA_PROMPT_MODIFIER=(base) PYTHONPATH=/home/simteamq/Desktop/SEAL/bzik/build/urdf_tutorial_r2d2/prefix_override:/home/simteamq/Desktop/SEAL/bzik/install/urdf_tutorial_r2d2/lib/python3.8/site-packages:${PYTHONPATH} /usr/bin/python3 setup.py egg_info --egg-base build/urdf_tutorial_r2d2 build --build-base /home/simteamq/Desktop/SEAL/bzik/build/urdf_tutorial_r2d2/build install --record /home/simteamq/Desktop/SEAL/bzik/build/urdf_tutorial_r2d2/install.log --install-scripts $base/lib/urdf_tutorial_r2d2 --single-version-externally-managed
