[0.363s] Invoking command in '/home/simteamq/Desktop/SEAL/mapping/build/mapping': CMAKE_PREFIX_PATH=${CMAKE_PREFIX_PATH}:/opt/ros/foxy CONDA_PROMPT_MODIFIER=(base) /usr/bin/cmake /home/simteamq/Desktop/SEAL/mapping -DCMAKE_INSTALL_PREFIX=/home/simteamq/Desktop/SEAL/mapping/install/mapping
[0.476s] -- The C compiler identification is GNU 9.4.0
[0.603s] -- The CXX compiler identification is GNU 9.4.0
[0.621s] -- Check for working C compiler: /usr/bin/cc
[0.736s] -- Check for working C compiler: /usr/bin/cc -- works
[0.739s] -- Detecting C compiler ABI info
[0.857s] -- Detecting C compiler ABI info - done
[0.879s] -- Detecting C compile features
[0.879s] -- Detecting C compile features - done
[0.885s] -- Check for working CXX compiler: /usr/bin/c++
[1.019s] -- Check for working CXX compiler: /usr/bin/c++ -- works
[1.022s] -- Detecting CXX compiler ABI info
[1.159s] -- Detecting CXX compiler ABI info - done
[1.185s] -- Detecting CXX compile features
[1.187s] -- Detecting CXX compile features - done
[1.189s] -- Found ament_cmake: 0.9.12 (/opt/ros/foxy/share/ament_cmake/cmake)
[1.231s] -- Found PythonInterp: /home/simteamq/anaconda3/bin/python3 (found suitable version "3.11.4", minimum required is "3") 
[1.231s] -- Using PYTHON_EXECUTABLE: /home/simteamq/anaconda3/bin/python3
[1.587s] -- Checking for module 'eigen3'
[1.606s] --   Found eigen3, version 3.3.7
[1.665s] -- Found Eigen: /usr/include/eigen3 (Required is at least version "3.1") 
[1.666s] -- Eigen found (include: /usr/include/eigen3, version: 3.3.7)
[1.752s] -- Found Boost: /usr/include (found suitable version "1.71.0", minimum required is "1.55.0") found components: system filesystem date_time iostreams regex 
[1.778s] -- Checking for module 'flann'
[1.800s] --   Found flann, version 1.9.1
[1.876s] -- Found FLANN: /usr/lib/x86_64-linux-gnu/libflann_cpp.so  
[1.966s] -- The imported target "vtkParseOGLExt" references the file
[1.966s]    "/usr/bin/vtkParseOGLExt-7.1"
[1.966s] but this file does not exist.  Possible reasons include:
[1.967s] * The file was deleted, renamed, or moved to another location.
[1.967s] * An install or uninstall procedure did not complete successfully.
[1.967s] * The installation package was faulty and contained
[1.967s]    "/usr/lib/cmake/vtk-7.1/VTKTargets.cmake"
[1.967s] but not all the files it references.
[1.968s] 
[1.968s] -- The imported target "vtkRenderingPythonTkWidgets" references the file
[1.968s]    "/usr/lib/x86_64-linux-gnu/libvtkRenderingPythonTkWidgets.so"
[1.968s] but this file does not exist.  Possible reasons include:
[1.969s] * The file was deleted, renamed, or moved to another location.
[1.969s] * An install or uninstall procedure did not complete successfully.
[1.969s] * The installation package was faulty and contained
[1.969s]    "/usr/lib/cmake/vtk-7.1/VTKTargets.cmake"
[1.969s] but not all the files it references.
[1.970s] 
[1.970s] -- The imported target "vtk" references the file
[1.970s]    "/usr/bin/vtk"
[1.970s] but this file does not exist.  Possible reasons include:
[1.970s] * The file was deleted, renamed, or moved to another location.
[1.970s] * An install or uninstall procedure did not complete successfully.
[1.971s] * The installation package was faulty and contained
[1.971s]    "/usr/lib/cmake/vtk-7.1/VTKTargets.cmake"
[1.971s] but not all the files it references.
[1.971s] 
[1.971s] -- The imported target "pvtk" references the file
[1.971s]    "/usr/bin/pvtk"
[1.972s] but this file does not exist.  Possible reasons include:
[1.972s] * The file was deleted, renamed, or moved to another location.
[1.972s] * An install or uninstall procedure did not complete successfully.
[1.972s] * The installation package was faulty and contained
[1.972s]    "/usr/lib/cmake/vtk-7.1/VTKTargets.cmake"
[1.972s] but not all the files it references.
[1.973s] 
[2.001s] -- Checking for module 'libusb-1.0'
[2.025s] --   Found libusb-1.0, version 1.0.23
[2.094s] -- Found USB_10: /usr/lib/x86_64-linux-gnu/libusb-1.0.so  
[2.212s] -- Found OpenNI: /usr/lib/libOpenNI.so  
[2.212s] -- OpenNI found (include: /usr/include/ni, lib: /usr/lib/libOpenNI.so)
[2.314s] -- Found OpenNI2: /usr/lib/libOpenNI2.so  
[2.314s] -- OpenNI2 found (include: /usr/include/openni2, lib: /usr/lib/libOpenNI2.so)
[2.315s] ** WARNING ** io features related to pcap will be disabled
[2.315s] ** WARNING ** io features related to png will be disabled
[2.340s] -- Found libusb-1.0: /usr/include  
[2.341s] ** WARNING ** io features related to libusb-1.0 will be disabled
[2.350s] -- OpenNI found (include: /usr/include/ni, lib: /usr/lib/libOpenNI.so)
[2.360s] -- OpenNI2 found (include: /usr/include/openni2, lib: /usr/lib/libOpenNI2.so)
[2.401s] -- Found Qhull: optimized;/usr/lib/x86_64-linux-gnu/libqhull.so;debug;/usr/lib/x86_64-linux-gnu/libqhull.so  
[2.401s] -- QHULL found (include: /usr/include, lib: optimized;/usr/lib/x86_64-linux-gnu/libqhull.so;debug;/usr/lib/x86_64-linux-gnu/libqhull.so)
[2.410s] -- OpenNI found (include: /usr/include/ni, lib: /usr/lib/libOpenNI.so)
[2.431s] -- looking for PCL_COMMON
[2.434s] -- Found PCL_COMMON: /usr/lib/x86_64-linux-gnu/libpcl_common.so  
[2.434s] -- looking for PCL_KDTREE
[2.436s] -- Found PCL_KDTREE: /usr/lib/x86_64-linux-gnu/libpcl_kdtree.so  
[2.436s] -- looking for PCL_OCTREE
[2.437s] -- Found PCL_OCTREE: /usr/lib/x86_64-linux-gnu/libpcl_octree.so  
[2.438s] -- looking for PCL_SEARCH
[2.439s] -- Found PCL_SEARCH: /usr/lib/x86_64-linux-gnu/libpcl_search.so  
[2.440s] -- looking for PCL_SAMPLE_CONSENSUS
[2.441s] -- Found PCL_SAMPLE_CONSENSUS: /usr/lib/x86_64-linux-gnu/libpcl_sample_consensus.so  
[2.442s] -- looking for PCL_FILTERS
[2.443s] -- Found PCL_FILTERS: /usr/lib/x86_64-linux-gnu/libpcl_filters.so  
[2.444s] -- looking for PCL_2D
[2.444s] -- Found PCL_2D: /usr/include/pcl-1.10  
[2.444s] -- looking for PCL_GEOMETRY
[2.445s] -- Found PCL_GEOMETRY: /usr/include/pcl-1.10  
[2.445s] -- looking for PCL_IO
[2.447s] -- Found PCL_IO: /usr/lib/x86_64-linux-gnu/libpcl_io.so  
[2.447s] -- looking for PCL_FEATURES
[2.449s] -- Found PCL_FEATURES: /usr/lib/x86_64-linux-gnu/libpcl_features.so  
[2.449s] -- looking for PCL_ML
[2.451s] -- Found PCL_ML: /usr/lib/x86_64-linux-gnu/libpcl_ml.so  
[2.451s] -- looking for PCL_SEGMENTATION
[2.452s] -- Found PCL_SEGMENTATION: /usr/lib/x86_64-linux-gnu/libpcl_segmentation.so  
[2.453s] -- looking for PCL_VISUALIZATION
[2.455s] -- Found PCL_VISUALIZATION: /usr/lib/x86_64-linux-gnu/libpcl_visualization.so  
[2.456s] -- looking for PCL_SURFACE
[2.457s] -- Found PCL_SURFACE: /usr/lib/x86_64-linux-gnu/libpcl_surface.so  
[2.458s] -- looking for PCL_REGISTRATION
[2.459s] -- Found PCL_REGISTRATION: /usr/lib/x86_64-linux-gnu/libpcl_registration.so  
[2.460s] -- looking for PCL_KEYPOINTS
[2.461s] -- Found PCL_KEYPOINTS: /usr/lib/x86_64-linux-gnu/libpcl_keypoints.so  
[2.462s] -- looking for PCL_TRACKING
[2.463s] -- Found PCL_TRACKING: /usr/lib/x86_64-linux-gnu/libpcl_tracking.so  
[2.464s] -- looking for PCL_RECOGNITION
[2.466s] -- Found PCL_RECOGNITION: /usr/lib/x86_64-linux-gnu/libpcl_recognition.so  
[2.466s] -- looking for PCL_STEREO
[2.468s] -- Found PCL_STEREO: /usr/lib/x86_64-linux-gnu/libpcl_stereo.so  
[2.468s] -- looking for PCL_APPS
[2.470s] -- Found PCL_APPS: /usr/lib/x86_64-linux-gnu/libpcl_apps.so  
[2.471s] -- looking for PCL_IN_HAND_SCANNER
[2.471s] -- Found PCL_IN_HAND_SCANNER: /usr/include/pcl-1.10  
[2.472s] -- looking for PCL_POINT_CLOUD_EDITOR
[2.473s] -- Found PCL_POINT_CLOUD_EDITOR: /usr/include/pcl-1.10  
[2.473s] -- looking for PCL_OUTOFCORE
[2.475s] -- Found PCL_OUTOFCORE: /usr/lib/x86_64-linux-gnu/libpcl_outofcore.so  
[2.475s] -- looking for PCL_PEOPLE
[2.477s] -- Found PCL_PEOPLE: /usr/lib/x86_64-linux-gnu/libpcl_people.so  
[2.479s] -- Found PCL: pcl_common;pcl_kdtree;pcl_octree;pcl_search;pcl_sample_consensus;pcl_filters;pcl_io;pcl_features;pcl_ml;pcl_segmentation;pcl_visualization;pcl_surface;pcl_registration;pcl_keypoints;pcl_tracking;pcl_recognition;pcl_stereo;pcl_apps;pcl_outofcore;pcl_people;/usr/lib/x86_64-linux-gnu/libboost_system.so;/usr/lib/x86_64-linux-gnu/libboost_filesystem.so;/usr/lib/x86_64-linux-gnu/libboost_date_time.so;/usr/lib/x86_64-linux-gnu/libboost_iostreams.so;/usr/lib/x86_64-linux-gnu/libboost_regex.so;optimized;/usr/lib/x86_64-linux-gnu/libqhull.so;debug;/usr/lib/x86_64-linux-gnu/libqhull.so;/usr/lib/libOpenNI.so;/usr/lib/libOpenNI2.so;vtkChartsCore;vtkCommonColor;vtkCommonCore;vtksys;vtkCommonDataModel;vtkCommonMath;vtkCommonMisc;vtkCommonSystem;vtkCommonTransforms;vtkCommonExecutionModel;vtkFiltersGeneral;vtkCommonComputationalGeometry;vtkFiltersCore;vtkInfovisCore;vtkFiltersExtraction;vtkFiltersStatistics;vtkImagingFourier;vtkImagingCore;vtkalglib;vtkRenderingContext2D;vtkRenderingCore;vtkFiltersGeometry;vtkFiltersSources;vtkRenderingFreeType;/usr/lib/x86_64-linux-gnu/libfreetype.so;/usr/lib/x86_64-linux-gnu/libz.so;vtkFiltersModeling;vtkImagingSources;vtkInteractionStyle;vtkInteractionWidgets;vtkFiltersHybrid;vtkImagingColor;vtkImagingGeneral;vtkImagingHybrid;vtkIOImage;vtkDICOMParser;vtkmetaio;/usr/lib/x86_64-linux-gnu/libjpeg.so;/usr/lib/x86_64-linux-gnu/libpng.so;/usr/lib/x86_64-linux-gnu/libtiff.so;vtkRenderingAnnotation;vtkRenderingVolume;vtkIOXML;vtkIOCore;vtkIOXMLParser;/usr/lib/x86_64-linux-gnu/libexpat.so;vtkIOGeometry;vtkIOLegacy;vtkIOPLY;vtkRenderingLOD;vtkViewsContext2D;vtkViewsCore;vtkRenderingContextOpenGL2;vtkRenderingOpenGL2;FLANN::FLANN (Required is at least version "1.10") 
[2.481s] -- Found nav_msgs: 2.0.5 (/opt/ros/foxy/share/nav_msgs/cmake)
[2.518s] -- Using all available rosidl_typesupport_c: rosidl_typesupport_fastrtps_c;rosidl_typesupport_introspection_c
[2.529s] -- Found rosidl_adapter: 1.3.1 (/opt/ros/foxy/share/rosidl_adapter/cmake)
[2.666s] -- Found OpenSSL: /usr/lib/x86_64-linux-gnu/libcrypto.so (found version "1.1.1f")  
[2.712s] -- Found FastRTPS: /opt/ros/foxy/include  
[2.885s] -- Using all available rosidl_typesupport_cpp: rosidl_typesupport_fastrtps_cpp;rosidl_typesupport_introspection_cpp
[3.283s] -- Found sensor_msgs: 2.0.5 (/opt/ros/foxy/share/sensor_msgs/cmake)
[3.455s] -- Found rclcpp: 2.4.3 (/opt/ros/foxy/share/rclcpp/cmake)
[3.529s] -- Found rmw_implementation_cmake: 1.0.4 (/opt/ros/foxy/share/rmw_implementation_cmake/cmake)
[3.531s] -- Using RMW implementation 'rmw_fastrtps_cpp' as default
[3.533s] -- Looking for pthread.h
[3.644s] -- Looking for pthread.h - found
[3.645s] -- Performing Test CMAKE_HAVE_LIBC_PTHREAD
[3.761s] -- Performing Test CMAKE_HAVE_LIBC_PTHREAD - Failed
[3.762s] -- Looking for pthread_create in pthreads
[3.859s] -- Looking for pthread_create in pthreads - not found
[3.860s] -- Looking for pthread_create in pthread
[3.978s] -- Looking for pthread_create in pthread - found
[3.981s] -- Found Threads: TRUE  
[4.527s] -- Configuring done
[4.748s] -- Generating done
[4.752s] -- Build files have been written to: /home/simteamq/Desktop/SEAL/mapping/build/mapping
[4.769s] Invoked command in '/home/simteamq/Desktop/SEAL/mapping/build/mapping' returned '0': CMAKE_PREFIX_PATH=${CMAKE_PREFIX_PATH}:/opt/ros/foxy CONDA_PROMPT_MODIFIER=(base) /usr/bin/cmake /home/simteamq/Desktop/SEAL/mapping -DCMAKE_INSTALL_PREFIX=/home/simteamq/Desktop/SEAL/mapping/install/mapping
[4.775s] Invoking command in '/home/simteamq/Desktop/SEAL/mapping/build/mapping': CMAKE_PREFIX_PATH=${CMAKE_PREFIX_PATH}:/opt/ros/foxy CONDA_PROMPT_MODIFIER=(base) /usr/bin/cmake --build /home/simteamq/Desktop/SEAL/mapping/build/mapping -- -j12 -l12
[4.842s] [35m[1mScanning dependencies of target ROS_comms[0m
[5.006s] [ 50%] [32mBuilding CXX object CMakeFiles/ROS_comms.dir/src/ROS_comms.cpp.o[0m
[29.212s] [100%] [32m[1mLinking CXX executable ROS_comms[0m
[32.422s] [100%] Built target ROS_comms
[32.443s] Invoked command in '/home/simteamq/Desktop/SEAL/mapping/build/mapping' returned '0': CMAKE_PREFIX_PATH=${CMAKE_PREFIX_PATH}:/opt/ros/foxy CONDA_PROMPT_MODIFIER=(base) /usr/bin/cmake --build /home/simteamq/Desktop/SEAL/mapping/build/mapping -- -j12 -l12
[32.507s] Invoking command in '/home/simteamq/Desktop/SEAL/mapping/build/mapping': CMAKE_PREFIX_PATH=${CMAKE_PREFIX_PATH}:/opt/ros/foxy CONDA_PROMPT_MODIFIER=(base) /usr/bin/cmake --install /home/simteamq/Desktop/SEAL/mapping/build/mapping
[32.519s] -- Install configuration: ""
[32.519s] -- Installing: /home/simteamq/Desktop/SEAL/mapping/install/mapping/lib/mapping/ROS_comms
[32.527s] -- Set runtime path of "/home/simteamq/Desktop/SEAL/mapping/install/mapping/lib/mapping/ROS_comms" to ""
[32.527s] -- Installing: /home/simteamq/Desktop/SEAL/mapping/install/mapping/share/ament_index/resource_index/package_run_dependencies/mapping
[32.527s] -- Installing: /home/simteamq/Desktop/SEAL/mapping/install/mapping/share/ament_index/resource_index/parent_prefix_path/mapping
[32.528s] -- Installing: /home/simteamq/Desktop/SEAL/mapping/install/mapping/share/mapping/environment/ament_prefix_path.sh
[32.528s] -- Installing: /home/simteamq/Desktop/SEAL/mapping/install/mapping/share/mapping/environment/ament_prefix_path.dsv
[32.528s] -- Installing: /home/simteamq/Desktop/SEAL/mapping/install/mapping/share/mapping/environment/path.sh
[32.528s] -- Installing: /home/simteamq/Desktop/SEAL/mapping/install/mapping/share/mapping/environment/path.dsv
[32.529s] -- Installing: /home/simteamq/Desktop/SEAL/mapping/install/mapping/share/mapping/local_setup.bash
[32.529s] -- Installing: /home/simteamq/Desktop/SEAL/mapping/install/mapping/share/mapping/local_setup.sh
[32.529s] -- Installing: /home/simteamq/Desktop/SEAL/mapping/install/mapping/share/mapping/local_setup.zsh
[32.530s] -- Installing: /home/simteamq/Desktop/SEAL/mapping/install/mapping/share/mapping/local_setup.dsv
[32.530s] -- Installing: /home/simteamq/Desktop/SEAL/mapping/install/mapping/share/mapping/package.dsv
[32.530s] -- Installing: /home/simteamq/Desktop/SEAL/mapping/install/mapping/share/ament_index/resource_index/packages/mapping
[32.530s] -- Installing: /home/simteamq/Desktop/SEAL/mapping/install/mapping/share/mapping/cmake/mappingConfig.cmake
[32.532s] -- Installing: /home/simteamq/Desktop/SEAL/mapping/install/mapping/share/mapping/cmake/mappingConfig-version.cmake
[32.532s] -- Installing: /home/simteamq/Desktop/SEAL/mapping/install/mapping/share/mapping/package.xml
[32.533s] Invoked command in '/home/simteamq/Desktop/SEAL/mapping/build/mapping' returned '0': CMAKE_PREFIX_PATH=${CMAKE_PREFIX_PATH}:/opt/ros/foxy CONDA_PROMPT_MODIFIER=(base) /usr/bin/cmake --install /home/simteamq/Desktop/SEAL/mapping/build/mapping
