[2.101s] Invoking command in '/home/simteamq/Desktop/SEAL/bzik': CONDA_PROMPT_MODIFIER=(base) PYTHONPATH=/home/simteamq/Desktop/SEAL/build/urdf_tutorial_r2d2/prefix_override:/home/simteamq/Desktop/SEAL/install/urdf_tutorial_r2d2/lib/python3.8/site-packages:${PYTHONPATH} /usr/bin/python3 setup.py egg_info --egg-base ../build/urdf_tutorial_r2d2 build --build-base /home/simteamq/Desktop/SEAL/build/urdf_tutorial_r2d2/build install --record /home/simteamq/Desktop/SEAL/build/urdf_tutorial_r2d2/install.log --install-scripts $base/lib/urdf_tutorial_r2d2 --single-version-externally-managed
[2.473s] running egg_info
[2.474s] writing ../build/urdf_tutorial_r2d2/urdf_tutorial_r2d2.egg-info/PKG-INFO
[2.474s] writing dependency_links to ../build/urdf_tutorial_r2d2/urdf_tutorial_r2d2.egg-info/dependency_links.txt
[2.474s] writing entry points to ../build/urdf_tutorial_r2d2/urdf_tutorial_r2d2.egg-info/entry_points.txt
[2.475s] writing requirements to ../build/urdf_tutorial_r2d2/urdf_tutorial_r2d2.egg-info/requires.txt
[2.475s] writing top-level names to ../build/urdf_tutorial_r2d2/urdf_tutorial_r2d2.egg-info/top_level.txt
[2.523s] reading manifest file '../build/urdf_tutorial_r2d2/urdf_tutorial_r2d2.egg-info/SOURCES.txt'
[2.524s] writing manifest file '../build/urdf_tutorial_r2d2/urdf_tutorial_r2d2.egg-info/SOURCES.txt'
[2.524s] running build
[2.524s] running build_py
[2.525s] copying urdf_tutorial_r2d2/state_publisher.py -> /home/simteamq/Desktop/SEAL/build/urdf_tutorial_r2d2/build/lib/urdf_tutorial_r2d2
[2.525s] running install
[2.525s] running install_lib
[2.527s] copying /home/simteamq/Desktop/SEAL/build/urdf_tutorial_r2d2/build/lib/urdf_tutorial_r2d2/state_publisher.py -> /home/simteamq/Desktop/SEAL/install/urdf_tutorial_r2d2/lib/python3.8/site-packages/urdf_tutorial_r2d2
[2.527s] byte-compiling /home/simteamq/Desktop/SEAL/install/urdf_tutorial_r2d2/lib/python3.8/site-packages/urdf_tutorial_r2d2/state_publisher.py to state_publisher.cpython-38.pyc
[2.531s] running install_data
[2.532s] running install_egg_info
[2.535s] removing '/home/simteamq/Desktop/SEAL/install/urdf_tutorial_r2d2/lib/python3.8/site-packages/urdf_tutorial_r2d2-0.0.0-py3.8.egg-info' (and everything under it)
[2.535s] Copying ../build/urdf_tutorial_r2d2/urdf_tutorial_r2d2.egg-info to /home/simteamq/Desktop/SEAL/install/urdf_tutorial_r2d2/lib/python3.8/site-packages/urdf_tutorial_r2d2-0.0.0-py3.8.egg-info
[2.536s] running install_scripts
[2.559s] Installing state_publisher script to /home/simteamq/Desktop/SEAL/install/urdf_tutorial_r2d2/lib/urdf_tutorial_r2d2
[2.559s] writing list of installed files to '/home/simteamq/Desktop/SEAL/build/urdf_tutorial_r2d2/install.log'
[2.583s] Invoked command in '/home/simteamq/Desktop/SEAL/bzik' returned '0': CONDA_PROMPT_MODIFIER=(base) PYTHONPATH=/home/simteamq/Desktop/SEAL/build/urdf_tutorial_r2d2/prefix_override:/home/simteamq/Desktop/SEAL/install/urdf_tutorial_r2d2/lib/python3.8/site-packages:${PYTHONPATH} /usr/bin/python3 setup.py egg_info --egg-base ../build/urdf_tutorial_r2d2 build --build-base /home/simteamq/Desktop/SEAL/build/urdf_tutorial_r2d2/build install --record /home/simteamq/Desktop/SEAL/build/urdf_tutorial_r2d2/install.log --install-scripts $base/lib/urdf_tutorial_r2d2 --single-version-externally-managed
