[0.302s] Invoking command in '/home/simteamq/Desktop/SEAL/localization/build/localization': CMAKE_PREFIX_PATH=${CMAKE_PREFIX_PATH}:/opt/ros/foxy CONDA_PROMPT_MODIFIER=(base) /usr/bin/cmake /home/simteamq/Desktop/SEAL/localization -DCMAKE_INSTALL_PREFIX=/home/simteamq/Desktop/SEAL/localization/install/localization
[0.390s] -- The C compiler identification is GNU 9.4.0
[0.475s] -- The CXX compiler identification is GNU 9.4.0
[0.483s] -- Check for working C compiler: /usr/bin/cc
[0.598s] -- Check for working C compiler: /usr/bin/cc -- works
[0.600s] -- Detecting C compiler ABI info
[0.713s] -- Detecting C compiler ABI info - done
[0.733s] -- Detecting C compile features
[0.733s] -- Detecting C compile features - done
[0.737s] -- Check for working CXX compiler: /usr/bin/c++
[0.873s] -- Check for working CXX compiler: /usr/bin/c++ -- works
[0.876s] -- Detecting CXX compiler ABI info
[1.012s] -- Detecting CXX compiler ABI info - done
[1.035s] -- Detecting CXX compile features
[1.035s] -- Detecting CXX compile features - done
[1.038s] -- Found ament_cmake: 0.9.12 (/opt/ros/foxy/share/ament_cmake/cmake)
[1.076s] -- Found PythonInterp: /home/simteamq/anaconda3/bin/python3 (found suitable version "3.11.4", minimum required is "3") 
[1.076s] -- Using PYTHON_EXECUTABLE: /home/simteamq/anaconda3/bin/python3
[1.397s] -- Checking for module 'eigen3'
[1.420s] --   Found eigen3, version 3.3.7
[1.479s] -- Found Eigen: /usr/include/eigen3 (Required is at least version "3.1") 
[1.480s] -- Eigen found (include: /usr/include/eigen3, version: 3.3.7)
[1.564s] -- Found Boost: /usr/include (found suitable version "1.71.0", minimum required is "1.55.0") found components: system filesystem date_time iostreams regex 
[1.589s] -- Checking for module 'flann'
[1.613s] --   Found flann, version 1.9.1
[1.688s] -- Found FLANN: /usr/lib/x86_64-linux-gnu/libflann_cpp.so  
[1.779s] -- The imported target "vtkParseOGLExt" references the file
[1.779s]    "/usr/bin/vtkParseOGLExt-7.1"
[1.779s] but this file does not exist.  Possible reasons include:
[1.779s] * The file was deleted, renamed, or moved to another location.
[1.779s] * An install or uninstall procedure did not complete successfully.
[1.780s] * The installation package was faulty and contained
[1.780s]    "/usr/lib/cmake/vtk-7.1/VTKTargets.cmake"
[1.780s] but not all the files it references.
[1.780s] 
[1.780s] -- The imported target "vtkRenderingPythonTkWidgets" references the file
[1.781s]    "/usr/lib/x86_64-linux-gnu/libvtkRenderingPythonTkWidgets.so"
[1.781s] but this file does not exist.  Possible reasons include:
[1.781s] * The file was deleted, renamed, or moved to another location.
[1.781s] * An install or uninstall procedure did not complete successfully.
[1.781s] * The installation package was faulty and contained
[1.782s]    "/usr/lib/cmake/vtk-7.1/VTKTargets.cmake"
[1.782s] but not all the files it references.
[1.782s] 
[1.782s] -- The imported target "vtk" references the file
[1.782s]    "/usr/bin/vtk"
[1.782s] but this file does not exist.  Possible reasons include:
[1.782s] * The file was deleted, renamed, or moved to another location.
[1.782s] * An install or uninstall procedure did not complete successfully.
[1.783s] * The installation package was faulty and contained
[1.783s]    "/usr/lib/cmake/vtk-7.1/VTKTargets.cmake"
[1.783s] but not all the files it references.
[1.783s] 
[1.783s] -- The imported target "pvtk" references the file
[1.783s]    "/usr/bin/pvtk"
[1.783s] but this file does not exist.  Possible reasons include:
[1.783s] * The file was deleted, renamed, or moved to another location.
[1.783s] * An install or uninstall procedure did not complete successfully.
[1.784s] * The installation package was faulty and contained
[1.784s]    "/usr/lib/cmake/vtk-7.1/VTKTargets.cmake"
[1.784s] but not all the files it references.
[1.784s] 
[1.812s] -- Checking for module 'libusb-1.0'
[1.839s] --   Found libusb-1.0, version 1.0.23
[1.903s] -- Found USB_10: /usr/lib/x86_64-linux-gnu/libusb-1.0.so  
[1.995s] -- Found OpenNI: /usr/lib/libOpenNI.so  
[1.995s] -- OpenNI found (include: /usr/include/ni, lib: /usr/lib/libOpenNI.so)
[2.103s] -- Found OpenNI2: /usr/lib/libOpenNI2.so  
[2.104s] -- OpenNI2 found (include: /usr/include/openni2, lib: /usr/lib/libOpenNI2.so)
[2.104s] ** WARNING ** io features related to pcap will be disabled
[2.104s] ** WARNING ** io features related to png will be disabled
[2.124s] -- Found libusb-1.0: /usr/include  
[2.125s] ** WARNING ** io features related to libusb-1.0 will be disabled
[2.135s] -- OpenNI found (include: /usr/include/ni, lib: /usr/lib/libOpenNI.so)
[2.145s] -- OpenNI2 found (include: /usr/include/openni2, lib: /usr/lib/libOpenNI2.so)
[2.186s] -- Found Qhull: optimized;/usr/lib/x86_64-linux-gnu/libqhull.so;debug;/usr/lib/x86_64-linux-gnu/libqhull.so  
[2.187s] -- QHULL found (include: /usr/include, lib: optimized;/usr/lib/x86_64-linux-gnu/libqhull.so;debug;/usr/lib/x86_64-linux-gnu/libqhull.so)
[2.197s] -- OpenNI found (include: /usr/include/ni, lib: /usr/lib/libOpenNI.so)
[2.215s] -- looking for PCL_COMMON
[2.217s] -- Found PCL_COMMON: /usr/lib/x86_64-linux-gnu/libpcl_common.so  
[2.217s] -- looking for PCL_KDTREE
[2.218s] -- Found PCL_KDTREE: /usr/lib/x86_64-linux-gnu/libpcl_kdtree.so  
[2.219s] -- looking for PCL_OCTREE
[2.220s] -- Found PCL_OCTREE: /usr/lib/x86_64-linux-gnu/libpcl_octree.so  
[2.221s] -- looking for PCL_SEARCH
[2.222s] -- Found PCL_SEARCH: /usr/lib/x86_64-linux-gnu/libpcl_search.so  
[2.222s] -- looking for PCL_SAMPLE_CONSENSUS
[2.224s] -- Found PCL_SAMPLE_CONSENSUS: /usr/lib/x86_64-linux-gnu/libpcl_sample_consensus.so  
[2.224s] -- looking for PCL_FILTERS
[2.226s] -- Found PCL_FILTERS: /usr/lib/x86_64-linux-gnu/libpcl_filters.so  
[2.226s] -- looking for PCL_2D
[2.227s] -- Found PCL_2D: /usr/include/pcl-1.10  
[2.227s] -- looking for PCL_GEOMETRY
[2.227s] -- Found PCL_GEOMETRY: /usr/include/pcl-1.10  
[2.228s] -- looking for PCL_IO
[2.229s] -- Found PCL_IO: /usr/lib/x86_64-linux-gnu/libpcl_io.so  
[2.230s] -- looking for PCL_FEATURES
[2.231s] -- Found PCL_FEATURES: /usr/lib/x86_64-linux-gnu/libpcl_features.so  
[2.232s] -- looking for PCL_ML
[2.233s] -- Found PCL_ML: /usr/lib/x86_64-linux-gnu/libpcl_ml.so  
[2.234s] -- looking for PCL_SEGMENTATION
[2.235s] -- Found PCL_SEGMENTATION: /usr/lib/x86_64-linux-gnu/libpcl_segmentation.so  
[2.236s] -- looking for PCL_VISUALIZATION
[2.237s] -- Found PCL_VISUALIZATION: /usr/lib/x86_64-linux-gnu/libpcl_visualization.so  
[2.238s] -- looking for PCL_SURFACE
[2.239s] -- Found PCL_SURFACE: /usr/lib/x86_64-linux-gnu/libpcl_surface.so  
[2.240s] -- looking for PCL_REGISTRATION
[2.241s] -- Found PCL_REGISTRATION: /usr/lib/x86_64-linux-gnu/libpcl_registration.so  
[2.242s] -- looking for PCL_KEYPOINTS
[2.244s] -- Found PCL_KEYPOINTS: /usr/lib/x86_64-linux-gnu/libpcl_keypoints.so  
[2.244s] -- looking for PCL_TRACKING
[2.245s] -- Found PCL_TRACKING: /usr/lib/x86_64-linux-gnu/libpcl_tracking.so  
[2.246s] -- looking for PCL_RECOGNITION
[2.247s] -- Found PCL_RECOGNITION: /usr/lib/x86_64-linux-gnu/libpcl_recognition.so  
[2.248s] -- looking for PCL_STEREO
[2.250s] -- Found PCL_STEREO: /usr/lib/x86_64-linux-gnu/libpcl_stereo.so  
[2.250s] -- looking for PCL_APPS
[2.252s] -- Found PCL_APPS: /usr/lib/x86_64-linux-gnu/libpcl_apps.so  
[2.253s] -- looking for PCL_IN_HAND_SCANNER
[2.253s] -- Found PCL_IN_HAND_SCANNER: /usr/include/pcl-1.10  
[2.254s] -- looking for PCL_POINT_CLOUD_EDITOR
[2.255s] -- Found PCL_POINT_CLOUD_EDITOR: /usr/include/pcl-1.10  
[2.255s] -- looking for PCL_OUTOFCORE
[2.257s] -- Found PCL_OUTOFCORE: /usr/lib/x86_64-linux-gnu/libpcl_outofcore.so  
[2.257s] -- looking for PCL_PEOPLE
[2.259s] -- Found PCL_PEOPLE: /usr/lib/x86_64-linux-gnu/libpcl_people.so  
[2.261s] -- Found PCL: pcl_common;pcl_kdtree;pcl_octree;pcl_search;pcl_sample_consensus;pcl_filters;pcl_io;pcl_features;pcl_ml;pcl_segmentation;pcl_visualization;pcl_surface;pcl_registration;pcl_keypoints;pcl_tracking;pcl_recognition;pcl_stereo;pcl_apps;pcl_outofcore;pcl_people;/usr/lib/x86_64-linux-gnu/libboost_system.so;/usr/lib/x86_64-linux-gnu/libboost_filesystem.so;/usr/lib/x86_64-linux-gnu/libboost_date_time.so;/usr/lib/x86_64-linux-gnu/libboost_iostreams.so;/usr/lib/x86_64-linux-gnu/libboost_regex.so;optimized;/usr/lib/x86_64-linux-gnu/libqhull.so;debug;/usr/lib/x86_64-linux-gnu/libqhull.so;/usr/lib/libOpenNI.so;/usr/lib/libOpenNI2.so;vtkChartsCore;vtkCommonColor;vtkCommonCore;vtksys;vtkCommonDataModel;vtkCommonMath;vtkCommonMisc;vtkCommonSystem;vtkCommonTransforms;vtkCommonExecutionModel;vtkFiltersGeneral;vtkCommonComputationalGeometry;vtkFiltersCore;vtkInfovisCore;vtkFiltersExtraction;vtkFiltersStatistics;vtkImagingFourier;vtkImagingCore;vtkalglib;vtkRenderingContext2D;vtkRenderingCore;vtkFiltersGeometry;vtkFiltersSources;vtkRenderingFreeType;/usr/lib/x86_64-linux-gnu/libfreetype.so;/usr/lib/x86_64-linux-gnu/libz.so;vtkFiltersModeling;vtkImagingSources;vtkInteractionStyle;vtkInteractionWidgets;vtkFiltersHybrid;vtkImagingColor;vtkImagingGeneral;vtkImagingHybrid;vtkIOImage;vtkDICOMParser;vtkmetaio;/usr/lib/x86_64-linux-gnu/libjpeg.so;/usr/lib/x86_64-linux-gnu/libpng.so;/usr/lib/x86_64-linux-gnu/libtiff.so;vtkRenderingAnnotation;vtkRenderingVolume;vtkIOXML;vtkIOCore;vtkIOXMLParser;/usr/lib/x86_64-linux-gnu/libexpat.so;vtkIOGeometry;vtkIOLegacy;vtkIOPLY;vtkRenderingLOD;vtkViewsContext2D;vtkViewsCore;vtkRenderingContextOpenGL2;vtkRenderingOpenGL2;FLANN::FLANN (Required is at least version "1.10") 
[2.262s] -- Found nav_msgs: 2.0.5 (/opt/ros/foxy/share/nav_msgs/cmake)
[2.292s] -- Using all available rosidl_typesupport_c: rosidl_typesupport_fastrtps_c;rosidl_typesupport_introspection_c
[2.300s] -- Found rosidl_adapter: 1.3.1 (/opt/ros/foxy/share/rosidl_adapter/cmake)
[2.430s] -- Found OpenSSL: /usr/lib/x86_64-linux-gnu/libcrypto.so (found version "1.1.1f")  
[2.472s] -- Found FastRTPS: /opt/ros/foxy/include  
[2.592s] -- Using all available rosidl_typesupport_cpp: rosidl_typesupport_fastrtps_cpp;rosidl_typesupport_introspection_cpp
[2.843s] -- Found sensor_msgs: 2.0.5 (/opt/ros/foxy/share/sensor_msgs/cmake)
[2.958s] -- Found rclcpp: 2.4.3 (/opt/ros/foxy/share/rclcpp/cmake)
[3.021s] -- Found rmw_implementation_cmake: 1.0.4 (/opt/ros/foxy/share/rmw_implementation_cmake/cmake)
[3.024s] -- Using RMW implementation 'rmw_fastrtps_cpp' as default
[3.025s] -- Looking for pthread.h
[3.145s] -- Looking for pthread.h - found
[3.146s] -- Performing Test CMAKE_HAVE_LIBC_PTHREAD
[3.274s] -- Performing Test CMAKE_HAVE_LIBC_PTHREAD - Failed
[3.274s] -- Looking for pthread_create in pthreads
[3.381s] -- Looking for pthread_create in pthreads - not found
[3.382s] -- Looking for pthread_create in pthread
[3.495s] -- Looking for pthread_create in pthread - found
[3.498s] -- Found Threads: TRUE  
[3.730s] -- Found ament_lint_auto: 0.9.8 (/opt/ros/foxy/share/ament_lint_auto/cmake)
[3.873s] -- Added test 'copyright' to check source files copyright and LICENSE
[3.878s] -- Added test 'cppcheck' to perform static code analysis on C / C++ code
[3.880s] -- Configured cppcheck include dirs: /home/simteamq/Desktop/SEAL/localization/include;/home/simteamq/Desktop/SEAL/localization/include/localization
[3.880s] -- Configured cppcheck exclude dirs and/or files: 
[3.887s] -- Added test 'cpplint' to check C / C++ code against the Google style
[3.888s] -- Configured cpplint exclude dirs and/or files: 
[3.890s] -- Added test 'lint_cmake' to check CMake code style
[3.896s] -- Added test 'uncrustify' to check C / C++ code style
[3.897s] -- Configured uncrustify additional arguments: 
[3.898s] -- Added test 'xmllint' to check XML markup files
[3.903s] -- Configuring done
[3.918s] -- Generating done
[3.921s] -- Build files have been written to: /home/simteamq/Desktop/SEAL/localization/build/localization
[3.937s] Invoked command in '/home/simteamq/Desktop/SEAL/localization/build/localization' returned '0': CMAKE_PREFIX_PATH=${CMAKE_PREFIX_PATH}:/opt/ros/foxy CONDA_PROMPT_MODIFIER=(base) /usr/bin/cmake /home/simteamq/Desktop/SEAL/localization -DCMAKE_INSTALL_PREFIX=/home/simteamq/Desktop/SEAL/localization/install/localization
[3.944s] Invoking command in '/home/simteamq/Desktop/SEAL/localization/build/localization': CMAKE_PREFIX_PATH=${CMAKE_PREFIX_PATH}:/opt/ros/foxy CONDA_PROMPT_MODIFIER=(base) /usr/bin/cmake --build /home/simteamq/Desktop/SEAL/localization/build/localization -- -j12 -l12
[4.013s] [35m[1mScanning dependencies of target odom_subscriber[0m
[4.079s] [ 50%] [32mBuilding CXX object CMakeFiles/odom_subscriber.dir/src/odom_subscriber.cpp.o[0m
[9.689s] [100%] [32m[1mLinking CXX executable odom_subscriber[0m
[10.011s] [100%] Built target odom_subscriber
[10.031s] Invoked command in '/home/simteamq/Desktop/SEAL/localization/build/localization' returned '0': CMAKE_PREFIX_PATH=${CMAKE_PREFIX_PATH}:/opt/ros/foxy CONDA_PROMPT_MODIFIER=(base) /usr/bin/cmake --build /home/simteamq/Desktop/SEAL/localization/build/localization -- -j12 -l12
[10.095s] Invoking command in '/home/simteamq/Desktop/SEAL/localization/build/localization': CMAKE_PREFIX_PATH=${CMAKE_PREFIX_PATH}:/opt/ros/foxy CONDA_PROMPT_MODIFIER=(base) /usr/bin/cmake --install /home/simteamq/Desktop/SEAL/localization/build/localization
[10.110s] -- Install configuration: ""
[10.110s] -- Installing: /home/simteamq/Desktop/SEAL/localization/install/localization/lib/localization/odom_subscriber
[10.113s] -- Set runtime path of "/home/simteamq/Desktop/SEAL/localization/install/localization/lib/localization/odom_subscriber" to ""
[10.113s] -- Installing: /home/simteamq/Desktop/SEAL/localization/install/localization/share/ament_index/resource_index/package_run_dependencies/localization
[10.113s] -- Installing: /home/simteamq/Desktop/SEAL/localization/install/localization/share/ament_index/resource_index/parent_prefix_path/localization
[10.114s] -- Installing: /home/simteamq/Desktop/SEAL/localization/install/localization/share/localization/environment/ament_prefix_path.sh
[10.114s] -- Installing: /home/simteamq/Desktop/SEAL/localization/install/localization/share/localization/environment/ament_prefix_path.dsv
[10.114s] -- Installing: /home/simteamq/Desktop/SEAL/localization/install/localization/share/localization/environment/path.sh
[10.114s] -- Installing: /home/simteamq/Desktop/SEAL/localization/install/localization/share/localization/environment/path.dsv
[10.115s] -- Installing: /home/simteamq/Desktop/SEAL/localization/install/localization/share/localization/local_setup.bash
[10.115s] -- Installing: /home/simteamq/Desktop/SEAL/localization/install/localization/share/localization/local_setup.sh
[10.115s] -- Installing: /home/simteamq/Desktop/SEAL/localization/install/localization/share/localization/local_setup.zsh
[10.115s] -- Installing: /home/simteamq/Desktop/SEAL/localization/install/localization/share/localization/local_setup.dsv
[10.116s] -- Installing: /home/simteamq/Desktop/SEAL/localization/install/localization/share/localization/package.dsv
[10.116s] -- Installing: /home/simteamq/Desktop/SEAL/localization/install/localization/share/ament_index/resource_index/packages/localization
[10.116s] -- Installing: /home/simteamq/Desktop/SEAL/localization/install/localization/share/localization/cmake/localizationConfig.cmake
[10.116s] -- Installing: /home/simteamq/Desktop/SEAL/localization/install/localization/share/localization/cmake/localizationConfig-version.cmake
[10.116s] -- Installing: /home/simteamq/Desktop/SEAL/localization/install/localization/share/localization/package.xml
[10.119s] Invoked command in '/home/simteamq/Desktop/SEAL/localization/build/localization' returned '0': CMAKE_PREFIX_PATH=${CMAKE_PREFIX_PATH}:/opt/ros/foxy CONDA_PROMPT_MODIFIER=(base) /usr/bin/cmake --install /home/simteamq/Desktop/SEAL/localization/build/localization
