[0.293s] Invoking command in '/home/simteamq/Desktop/SEAL/localization2/build/localization2': CMAKE_PREFIX_PATH=${CMAKE_PREFIX_PATH}:/opt/ros/foxy CONDA_PROMPT_MODIFIER=(base) /usr/bin/cmake --build /home/simteamq/Desktop/SEAL/localization2/build/localization2 -- -j12 -l12
[0.337s] -- Found ament_cmake: 0.9.12 (/opt/ros/foxy/share/ament_cmake/cmake)
[0.371s] -- Using PYTHON_EXECUTABLE: /home/simteamq/anaconda3/bin/python3
[0.695s] -- Eigen found (include: /usr/include/eigen3, version: 3.3.7)
[0.847s] -- The imported target "vtkParseOGLExt" references the file
[0.847s]    "/usr/bin/vtkParseOGLExt-7.1"
[0.847s] but this file does not exist.  Possible reasons include:
[0.848s] * The file was deleted, renamed, or moved to another location.
[0.848s] * An install or uninstall procedure did not complete successfully.
[0.848s] * The installation package was faulty and contained
[0.848s]    "/usr/lib/cmake/vtk-7.1/VTKTargets.cmake"
[0.848s] but not all the files it references.
[0.848s] 
[0.849s] -- The imported target "vtkRenderingPythonTkWidgets" references the file
[0.849s]    "/usr/lib/x86_64-linux-gnu/libvtkRenderingPythonTkWidgets.so"
[0.849s] but this file does not exist.  Possible reasons include:
[0.849s] * The file was deleted, renamed, or moved to another location.
[0.849s] * An install or uninstall procedure did not complete successfully.
[0.850s] * The installation package was faulty and contained
[0.850s]    "/usr/lib/cmake/vtk-7.1/VTKTargets.cmake"
[0.850s] but not all the files it references.
[0.850s] 
[0.850s] -- The imported target "vtk" references the file
[0.851s]    "/usr/bin/vtk"
[0.851s] but this file does not exist.  Possible reasons include:
[0.851s] * The file was deleted, renamed, or moved to another location.
[0.851s] * An install or uninstall procedure did not complete successfully.
[0.851s] * The installation package was faulty and contained
[0.851s]    "/usr/lib/cmake/vtk-7.1/VTKTargets.cmake"
[0.852s] but not all the files it references.
[0.852s] 
[0.852s] -- The imported target "pvtk" references the file
[0.852s]    "/usr/bin/pvtk"
[0.852s] but this file does not exist.  Possible reasons include:
[0.853s] * The file was deleted, renamed, or moved to another location.
[0.853s] * An install or uninstall procedure did not complete successfully.
[0.853s] * The installation package was faulty and contained
[0.853s]    "/usr/lib/cmake/vtk-7.1/VTKTargets.cmake"
[0.853s] but not all the files it references.
[0.853s] 
[0.884s] -- OpenNI found (include: /usr/include/ni, lib: /usr/lib/libOpenNI.so)
[0.893s] -- OpenNI2 found (include: /usr/include/openni2, lib: /usr/lib/libOpenNI2.so)
[0.893s] ** WARNING ** io features related to pcap will be disabled
[0.894s] ** WARNING ** io features related to png will be disabled
[0.912s] ** WARNING ** io features related to libusb-1.0 will be disabled
[0.923s] -- OpenNI found (include: /usr/include/ni, lib: /usr/lib/libOpenNI.so)
[0.931s] -- OpenNI2 found (include: /usr/include/openni2, lib: /usr/lib/libOpenNI2.so)
[0.954s] -- QHULL found (include: /usr/include, lib: optimized;/usr/lib/x86_64-linux-gnu/libqhull.so;debug;/usr/lib/x86_64-linux-gnu/libqhull.so)
[0.963s] -- OpenNI found (include: /usr/include/ni, lib: /usr/lib/libOpenNI.so)
[0.980s] -- looking for PCL_COMMON
[0.982s] -- looking for PCL_KDTREE
[0.982s] -- looking for PCL_OCTREE
[0.983s] -- looking for PCL_SEARCH
[0.984s] -- looking for PCL_SAMPLE_CONSENSUS
[0.985s] -- looking for PCL_FILTERS
[0.986s] -- looking for PCL_2D
[0.986s] -- looking for PCL_GEOMETRY
[0.987s] -- looking for PCL_IO
[0.988s] -- looking for PCL_FEATURES
[0.989s] -- looking for PCL_ML
[0.990s] -- looking for PCL_SEGMENTATION
[0.991s] -- looking for PCL_VISUALIZATION
[0.992s] -- looking for PCL_SURFACE
[0.992s] -- looking for PCL_REGISTRATION
[0.993s] -- looking for PCL_KEYPOINTS
[0.994s] -- looking for PCL_TRACKING
[0.995s] -- looking for PCL_RECOGNITION
[0.996s] -- looking for PCL_STEREO
[0.997s] -- looking for PCL_APPS
[0.999s] -- looking for PCL_IN_HAND_SCANNER
[1.000s] -- looking for PCL_POINT_CLOUD_EDITOR
[1.001s] -- looking for PCL_OUTOFCORE
[1.002s] -- looking for PCL_PEOPLE
[1.004s] -- Found nav_msgs: 2.0.5 (/opt/ros/foxy/share/nav_msgs/cmake)
[1.027s] -- Using all available rosidl_typesupport_c: rosidl_typesupport_fastrtps_c;rosidl_typesupport_introspection_c
[1.033s] -- Found rosidl_adapter: 1.3.1 (/opt/ros/foxy/share/rosidl_adapter/cmake)
[1.225s] -- Using all available rosidl_typesupport_cpp: rosidl_typesupport_fastrtps_cpp;rosidl_typesupport_introspection_cpp
[1.461s] -- Found sensor_msgs: 2.0.5 (/opt/ros/foxy/share/sensor_msgs/cmake)
[1.571s] -- Found rclcpp: 2.4.3 (/opt/ros/foxy/share/rclcpp/cmake)
[1.625s] -- Found rmw_implementation_cmake: 1.0.4 (/opt/ros/foxy/share/rmw_implementation_cmake/cmake)
[1.627s] -- Using RMW implementation 'rmw_fastrtps_cpp' as default
[1.797s] -- Found ament_lint_auto: 0.9.8 (/opt/ros/foxy/share/ament_lint_auto/cmake)
[1.928s] -- Added test 'copyright' to check source files copyright and LICENSE
[1.937s] -- Added test 'cppcheck' to perform static code analysis on C / C++ code
[1.938s] -- Configured cppcheck include dirs: /home/simteamq/Desktop/SEAL/localization2/include
[1.939s] -- Configured cppcheck exclude dirs and/or files: 
[1.947s] -- Added test 'cpplint' to check C / C++ code against the Google style
[1.947s] -- Configured cpplint exclude dirs and/or files: 
[1.948s] -- Added test 'flake8' to check Python code syntax and style conventions
[1.951s] -- Added test 'lint_cmake' to check CMake code style
[1.952s] -- Added test 'pep257' to check Python code against some of the style conventions in PEP 257
[1.961s] -- Added test 'uncrustify' to check C / C++ code style
[1.961s] -- Configured uncrustify additional arguments: 
[1.962s] -- Added test 'xmllint' to check XML markup files
[1.965s] -- Configuring done
[1.978s] -- Generating done
[1.981s] -- Build files have been written to: /home/simteamq/Desktop/SEAL/localization2/build/localization2
[2.027s] [35m[1mScanning dependencies of target odom_subscriber[0m
[2.046s] [ 50%] [32mBuilding CXX object CMakeFiles/odom_subscriber.dir/src/odom_subscriber.cpp.o[0m
[2.054s] [01m[Kcc1plus:[m[K [01;35m[Kwarning: [m[K/home/simteamq/Desktop/SEAL/localization/include/localization/odom_subsriber.hpp: not a directory
[2.060s] [01m[K/home/simteamq/Desktop/SEAL/localization2/src/odom_subscriber.cpp:1:10:[m[K [01;31m[Kfatal error: [m[Kodom_subsriber.hpp: No such file or directory
[2.060s]     1 | #include [01;31m[K"odom_subsriber.hpp"[m[K
[2.060s]       |          [01;31m[K^~~~~~~~~~~~~~~~~~~~[m[K
[2.060s] compilation terminated.
[2.061s] make[2]: *** [CMakeFiles/odom_subscriber.dir/build.make:63: CMakeFiles/odom_subscriber.dir/src/odom_subscriber.cpp.o] Error 1
[2.061s] make[1]: *** [CMakeFiles/Makefile2:78: CMakeFiles/odom_subscriber.dir/all] Error 2
[2.061s] make: *** [Makefile:141: all] Error 2
[2.065s] Invoked command in '/home/simteamq/Desktop/SEAL/localization2/build/localization2' returned '2': CMAKE_PREFIX_PATH=${CMAKE_PREFIX_PATH}:/opt/ros/foxy CONDA_PROMPT_MODIFIER=(base) /usr/bin/cmake --build /home/simteamq/Desktop/SEAL/localization2/build/localization2 -- -j12 -l12
