[3.901s] DEBUG:colcon:Command line arguments: ['/usr/bin/colcon', 'build']
[3.901s] DEBUG:colcon:Parsed command line arguments: Namespace(allow_overriding=[], ament_cmake_args=None, base_paths=['.'], build_base='build', catkin_cmake_args=None, catkin_skip_building_tests=False, cmake_args=None, cmake_clean_cache=False, cmake_clean_first=False, cmake_force_configure=False, cmake_target=None, cmake_target_skip_unavailable=False, continue_on_error=False, event_handlers=None, executor='parallel', ignore_user_meta=False, install_base='install', log_base=None, log_level=None, main=<bound method BuildVerb.main of <colcon_core.verb.build.BuildVerb object at 0x7f4e68ccce20>>, merge_install=False, metas=['./colcon.meta'], packages_above=None, packages_above_and_dependencies=None, packages_above_depth=None, packages_end=None, packages_ignore=None, packages_ignore_regex=None, packages_select=None, packages_select_build_failed=False, packages_select_by_dep=None, packages_select_regex=None, packages_select_test_failures=False, packages_skip=None, packages_skip_build_finished=False, packages_skip_by_dep=None, packages_skip_regex=None, packages_skip_test_passed=False, packages_skip_up_to=None, packages_start=None, packages_up_to=None, packages_up_to_regex=None, parallel_workers=12, paths=None, symlink_install=False, test_result_base=None, verb_extension=<colcon_core.verb.build.BuildVerb object at 0x7f4e68ccce20>, verb_name='build', verb_parser=<colcon_defaults.argument_parser.defaults.DefaultArgumentsDecorator object at 0x7f4e68ce8730>)
[4.070s] Level 1:colcon.colcon_core.package_discovery:discover_packages(colcon_meta) check parameters
[4.070s] Level 1:colcon.colcon_core.package_discovery:discover_packages(recursive) check parameters
[4.070s] Level 1:colcon.colcon_core.package_discovery:discover_packages(ignore) check parameters
[4.070s] Level 1:colcon.colcon_core.package_discovery:discover_packages(path) check parameters
[4.070s] Level 1:colcon.colcon_core.package_discovery:discover_packages(colcon_meta) discover
[4.070s] Level 1:colcon.colcon_core.package_discovery:discover_packages(recursive) discover
[4.070s] INFO:colcon.colcon_core.package_discovery:Crawling recursively for packages in '/home/simteamq/Desktop/SEAL/localization2'
[4.071s] Level 1:colcon.colcon_core.package_identification:_identify(.) by extensions ['ignore', 'ignore_ament_install']
[4.071s] Level 1:colcon.colcon_core.package_identification:_identify(.) by extension 'ignore'
[4.071s] Level 1:colcon.colcon_core.package_identification:_identify(.) by extension 'ignore_ament_install'
[4.071s] Level 1:colcon.colcon_core.package_identification:_identify(.) by extensions ['colcon_pkg']
[4.071s] Level 1:colcon.colcon_core.package_identification:_identify(.) by extension 'colcon_pkg'
[4.071s] Level 1:colcon.colcon_core.package_identification:_identify(.) by extensions ['colcon_meta']
[4.071s] Level 1:colcon.colcon_core.package_identification:_identify(.) by extension 'colcon_meta'
[4.071s] Level 1:colcon.colcon_core.package_identification:_identify(.) by extensions ['ros']
[4.071s] Level 1:colcon.colcon_core.package_identification:_identify(.) by extension 'ros'
[4.085s] DEBUG:colcon.colcon_core.package_identification:Package '.' with type 'ros.ament_cmake' and name 'localization2'
[4.085s] Level 1:colcon.colcon_core.package_discovery:discover_packages(recursive) using defaults
[4.085s] Level 1:colcon.colcon_core.package_discovery:discover_packages(ignore) discover
[4.085s] Level 1:colcon.colcon_core.package_discovery:discover_packages(ignore) using defaults
[4.085s] Level 1:colcon.colcon_core.package_discovery:discover_packages(path) discover
[4.085s] Level 1:colcon.colcon_core.package_discovery:discover_packages(path) using defaults
[4.449s] Level 1:colcon.colcon_core.package_discovery:discover_packages(prefix_path) check parameters
[4.449s] Level 1:colcon.colcon_core.package_discovery:discover_packages(prefix_path) discover
[4.517s] WARNING:colcon.colcon_core.prefix_path.colcon:The path '/home/simteamq/Desktop/SEAL/install' in the environment variable COLCON_PREFIX_PATH doesn't exist
[4.517s] WARNING:colcon.colcon_ros.prefix_path.ament:The path '/home/simteamq/Desktop/SEAL/install/mapping' in the environment variable AMENT_PREFIX_PATH doesn't exist
[4.517s] WARNING:colcon.colcon_ros.prefix_path.catkin:The path '/home/simteamq/Desktop/SEAL/install/mapping' in the environment variable CMAKE_PREFIX_PATH doesn't exist
[4.596s] DEBUG:colcon.colcon_installed_package_information.package_discovery:Found 1 installed packages in /home/simteamq/Desktop/SEAL/localization/install
[4.668s] DEBUG:colcon.colcon_installed_package_information.package_discovery:Found 256 installed packages in /opt/ros/foxy
[4.670s] Level 1:colcon.colcon_core.package_discovery:discover_packages(prefix_path) using defaults
[4.887s] Level 5:colcon.colcon_core.verb:set package 'localization2' build argument 'cmake_args' from command line to 'None'
[4.887s] Level 5:colcon.colcon_core.verb:set package 'localization2' build argument 'cmake_target' from command line to 'None'
[4.887s] Level 5:colcon.colcon_core.verb:set package 'localization2' build argument 'cmake_target_skip_unavailable' from command line to 'False'
[4.887s] Level 5:colcon.colcon_core.verb:set package 'localization2' build argument 'cmake_clean_cache' from command line to 'False'
[4.887s] Level 5:colcon.colcon_core.verb:set package 'localization2' build argument 'cmake_clean_first' from command line to 'False'
[4.887s] Level 5:colcon.colcon_core.verb:set package 'localization2' build argument 'cmake_force_configure' from command line to 'False'
[4.887s] Level 5:colcon.colcon_core.verb:set package 'localization2' build argument 'ament_cmake_args' from command line to 'None'
[4.887s] Level 5:colcon.colcon_core.verb:set package 'localization2' build argument 'catkin_cmake_args' from command line to 'None'
[4.887s] Level 5:colcon.colcon_core.verb:set package 'localization2' build argument 'catkin_skip_building_tests' from command line to 'False'
[4.888s] DEBUG:colcon.colcon_core.verb:Building package 'localization2' with the following arguments: {'ament_cmake_args': None, 'build_base': '/home/simteamq/Desktop/SEAL/localization2/build/localization2', 'catkin_cmake_args': None, 'catkin_skip_building_tests': False, 'cmake_args': None, 'cmake_clean_cache': False, 'cmake_clean_first': False, 'cmake_force_configure': False, 'cmake_target': None, 'cmake_target_skip_unavailable': False, 'install_base': '/home/simteamq/Desktop/SEAL/localization2/install/localization2', 'merge_install': False, 'path': '/home/simteamq/Desktop/SEAL/localization2', 'symlink_install': False, 'test_result_base': None}
[4.955s] INFO:colcon.colcon_core.executor:Executing jobs using 'parallel' executor
[5.026s] DEBUG:colcon.colcon_parallel_executor.executor.parallel:run_until_complete
[5.026s] INFO:colcon.colcon_ros.task.ament_cmake.build:Building ROS package in '/home/simteamq/Desktop/SEAL/localization2' with build type 'ament_cmake'
[5.027s] INFO:colcon.colcon_cmake.task.cmake.build:Building CMake package in '/home/simteamq/Desktop/SEAL/localization2'
[5.098s] INFO:colcon.colcon_core.plugin_system:Skipping extension 'colcon_core.shell.bat': Not used on non-Windows systems
[5.099s] INFO:colcon.colcon_core.shell:Skip shell extension 'powershell' for command environment: Not usable outside of PowerShell
[5.099s] DEBUG:colcon.colcon_core.shell:Skip shell extension 'dsv' for command environment
[5.328s] DEBUG:colcon.colcon_core.event_handler.log_command:Invoking command in '/home/simteamq/Desktop/SEAL/localization2/build/localization2': CMAKE_PREFIX_PATH=${CMAKE_PREFIX_PATH}:/opt/ros/foxy CONDA_PROMPT_MODIFIER=(base) /usr/bin/cmake --build /home/simteamq/Desktop/SEAL/localization2/build/localization2 -- -j12 -l12
[5.435s] DEBUG:colcon.colcon_core.event_handler.log_command:Invoked command in '/home/simteamq/Desktop/SEAL/localization2/build/localization2' returned '0': CMAKE_PREFIX_PATH=${CMAKE_PREFIX_PATH}:/opt/ros/foxy CONDA_PROMPT_MODIFIER=(base) /usr/bin/cmake --build /home/simteamq/Desktop/SEAL/localization2/build/localization2 -- -j12 -l12
[5.503s] DEBUG:colcon.colcon_core.event_handler.log_command:Invoking command in '/home/simteamq/Desktop/SEAL/localization2/build/localization2': CMAKE_PREFIX_PATH=${CMAKE_PREFIX_PATH}:/opt/ros/foxy CONDA_PROMPT_MODIFIER=(base) /usr/bin/cmake --install /home/simteamq/Desktop/SEAL/localization2/build/localization2
[5.515s] Level 1:colcon.colcon_core.environment:create_environment_scripts_only(localization2)
[5.516s] DEBUG:colcon.colcon_core.event_handler.log_command:Invoked command in '/home/simteamq/Desktop/SEAL/localization2/build/localization2' returned '0': CMAKE_PREFIX_PATH=${CMAKE_PREFIX_PATH}:/opt/ros/foxy CONDA_PROMPT_MODIFIER=(base) /usr/bin/cmake --install /home/simteamq/Desktop/SEAL/localization2/build/localization2
[5.629s] Level 1:colcon.colcon_core.environment:checking '/home/simteamq/Desktop/SEAL/localization2/install/localization2' for CMake module files
[5.630s] Level 1:colcon.colcon_core.environment:checking '/home/simteamq/Desktop/SEAL/localization2/install/localization2' for CMake config files
[5.631s] Level 1:colcon.colcon_core.shell:create_environment_hook('localization2', 'cmake_prefix_path')
[5.719s] INFO:colcon.colcon_core.shell:Creating environment hook '/home/simteamq/Desktop/SEAL/localization2/install/localization2/share/localization2/hook/cmake_prefix_path.ps1'
[5.720s] INFO:colcon.colcon_core.shell:Creating environment descriptor '/home/simteamq/Desktop/SEAL/localization2/install/localization2/share/localization2/hook/cmake_prefix_path.dsv'
[5.721s] INFO:colcon.colcon_core.shell:Creating environment hook '/home/simteamq/Desktop/SEAL/localization2/install/localization2/share/localization2/hook/cmake_prefix_path.sh'
[5.722s] Level 1:colcon.colcon_core.environment:checking '/home/simteamq/Desktop/SEAL/localization2/install/localization2/lib'
[5.722s] Level 1:colcon.colcon_core.environment:checking '/home/simteamq/Desktop/SEAL/localization2/install/localization2/bin'
[5.722s] Level 1:colcon.colcon_core.environment:checking '/home/simteamq/Desktop/SEAL/localization2/install/localization2/lib/pkgconfig/localization2.pc'
[5.723s] Level 1:colcon.colcon_core.environment:checking '/home/simteamq/Desktop/SEAL/localization2/install/localization2/lib/python3.8/site-packages'
[5.723s] Level 1:colcon.colcon_core.environment:checking '/home/simteamq/Desktop/SEAL/localization2/install/localization2/bin'
[5.811s] INFO:colcon.colcon_core.shell:Creating package script '/home/simteamq/Desktop/SEAL/localization2/install/localization2/share/localization2/package.ps1'
[5.812s] INFO:colcon.colcon_core.shell:Creating package descriptor '/home/simteamq/Desktop/SEAL/localization2/install/localization2/share/localization2/package.dsv'
[5.813s] INFO:colcon.colcon_core.shell:Creating package script '/home/simteamq/Desktop/SEAL/localization2/install/localization2/share/localization2/package.sh'
[5.814s] INFO:colcon.colcon_core.shell:Creating package script '/home/simteamq/Desktop/SEAL/localization2/install/localization2/share/localization2/package.bash'
[5.815s] INFO:colcon.colcon_core.shell:Creating package script '/home/simteamq/Desktop/SEAL/localization2/install/localization2/share/localization2/package.zsh'
[5.816s] Level 1:colcon.colcon_core.environment:create_file_with_runtime_dependencies(/home/simteamq/Desktop/SEAL/localization2/install/localization2/share/colcon-core/packages/localization2)
[5.954s] Level 1:colcon.colcon_core.environment:create_environment_scripts_only(localization2)
[6.043s] Level 1:colcon.colcon_core.environment:checking '/home/simteamq/Desktop/SEAL/localization2/install/localization2' for CMake module files
[6.044s] Level 1:colcon.colcon_core.environment:checking '/home/simteamq/Desktop/SEAL/localization2/install/localization2' for CMake config files
[6.044s] Level 1:colcon.colcon_core.shell:create_environment_hook('localization2', 'cmake_prefix_path')
[6.133s] INFO:colcon.colcon_core.shell:Creating environment hook '/home/simteamq/Desktop/SEAL/localization2/install/localization2/share/localization2/hook/cmake_prefix_path.ps1'
[6.134s] INFO:colcon.colcon_core.shell:Creating environment descriptor '/home/simteamq/Desktop/SEAL/localization2/install/localization2/share/localization2/hook/cmake_prefix_path.dsv'
[6.134s] INFO:colcon.colcon_core.shell:Creating environment hook '/home/simteamq/Desktop/SEAL/localization2/install/localization2/share/localization2/hook/cmake_prefix_path.sh'
[6.135s] Level 1:colcon.colcon_core.environment:checking '/home/simteamq/Desktop/SEAL/localization2/install/localization2/lib'
[6.135s] Level 1:colcon.colcon_core.environment:checking '/home/simteamq/Desktop/SEAL/localization2/install/localization2/bin'
[6.135s] Level 1:colcon.colcon_core.environment:checking '/home/simteamq/Desktop/SEAL/localization2/install/localization2/lib/pkgconfig/localization2.pc'
[6.136s] Level 1:colcon.colcon_core.environment:checking '/home/simteamq/Desktop/SEAL/localization2/install/localization2/lib/python3.8/site-packages'
[6.136s] Level 1:colcon.colcon_core.environment:checking '/home/simteamq/Desktop/SEAL/localization2/install/localization2/bin'
[6.228s] INFO:colcon.colcon_core.shell:Creating package script '/home/simteamq/Desktop/SEAL/localization2/install/localization2/share/localization2/package.ps1'
[6.228s] INFO:colcon.colcon_core.shell:Creating package descriptor '/home/simteamq/Desktop/SEAL/localization2/install/localization2/share/localization2/package.dsv'
[6.229s] INFO:colcon.colcon_core.shell:Creating package script '/home/simteamq/Desktop/SEAL/localization2/install/localization2/share/localization2/package.sh'
[6.230s] INFO:colcon.colcon_core.shell:Creating package script '/home/simteamq/Desktop/SEAL/localization2/install/localization2/share/localization2/package.bash'
[6.230s] INFO:colcon.colcon_core.shell:Creating package script '/home/simteamq/Desktop/SEAL/localization2/install/localization2/share/localization2/package.zsh'
[6.231s] Level 1:colcon.colcon_core.environment:create_file_with_runtime_dependencies(/home/simteamq/Desktop/SEAL/localization2/install/localization2/share/colcon-core/packages/localization2)
[6.231s] DEBUG:colcon.colcon_parallel_executor.executor.parallel:closing loop
[6.232s] DEBUG:colcon.colcon_parallel_executor.executor.parallel:loop closed
[6.232s] DEBUG:colcon.colcon_parallel_executor.executor.parallel:run_until_complete finished with '0'
[6.232s] DEBUG:colcon.colcon_core.event_reactor:joining thread
[6.333s] INFO:colcon.colcon_core.plugin_system:Skipping extension 'colcon_notification.desktop_notification.terminal_notifier': Not used on non-Darwin systems
[6.334s] INFO:colcon.colcon_core.plugin_system:Skipping extension 'colcon_notification.desktop_notification.win32': Not used on non-Windows systems
[6.334s] INFO:colcon.colcon_notification.desktop_notification:Sending desktop notification using 'notify2'
[6.361s] DEBUG:colcon.colcon_core.event_reactor:joined thread
[6.449s] INFO:colcon.colcon_core.shell:Creating prefix script '/home/simteamq/Desktop/SEAL/localization2/install/local_setup.ps1'
[6.451s] INFO:colcon.colcon_core.shell:Creating prefix util module '/home/simteamq/Desktop/SEAL/localization2/install/_local_setup_util_ps1.py'
[6.453s] INFO:colcon.colcon_core.shell:Creating prefix chain script '/home/simteamq/Desktop/SEAL/localization2/install/setup.ps1'
[6.547s] INFO:colcon.colcon_core.shell:Creating prefix script '/home/simteamq/Desktop/SEAL/localization2/install/local_setup.sh'
[6.547s] INFO:colcon.colcon_core.shell:Creating prefix util module '/home/simteamq/Desktop/SEAL/localization2/install/_local_setup_util_sh.py'
[6.548s] INFO:colcon.colcon_core.shell:Creating prefix chain script '/home/simteamq/Desktop/SEAL/localization2/install/setup.sh'
[6.627s] INFO:colcon.colcon_core.shell:Creating prefix script '/home/simteamq/Desktop/SEAL/localization2/install/local_setup.bash'
[6.628s] INFO:colcon.colcon_core.shell:Creating prefix chain script '/home/simteamq/Desktop/SEAL/localization2/install/setup.bash'
[6.698s] INFO:colcon.colcon_core.shell:Creating prefix script '/home/simteamq/Desktop/SEAL/localization2/install/local_setup.zsh'
[6.699s] INFO:colcon.colcon_core.shell:Creating prefix chain script '/home/simteamq/Desktop/SEAL/localization2/install/setup.zsh'
