[2.012s] Invoking command in '/home/simteamq/Desktop/SEAL/bzik': CONDA_PROMPT_MODIFIER=(base) PYTHONPATH=/home/simteamq/Desktop/SEAL/bzik/build/urdf_tutorial_r2d2/prefix_override:/home/simteamq/Desktop/SEAL/bzik/install/urdf_tutorial_r2d2/lib/python3.8/site-packages:${PYTHONPATH} /usr/bin/python3 setup.py egg_info --egg-base build/urdf_tutorial_r2d2 build --build-base /home/simteamq/Desktop/SEAL/bzik/build/urdf_tutorial_r2d2/build install --record /home/simteamq/Desktop/SEAL/bzik/build/urdf_tutorial_r2d2/install.log --install-scripts $base/lib/urdf_tutorial_r2d2 --single-version-externally-managed
[2.366s] running egg_info
[2.366s] creating build/urdf_tutorial_r2d2/urdf_tutorial_r2d2.egg-info
[2.366s] writing build/urdf_tutorial_r2d2/urdf_tutorial_r2d2.egg-info/PKG-INFO
[2.367s] writing dependency_links to build/urdf_tutorial_r2d2/urdf_tutorial_r2d2.egg-info/dependency_links.txt
[2.367s] writing entry points to build/urdf_tutorial_r2d2/urdf_tutorial_r2d2.egg-info/entry_points.txt
[2.367s] writing requirements to build/urdf_tutorial_r2d2/urdf_tutorial_r2d2.egg-info/requires.txt
[2.368s] writing top-level names to build/urdf_tutorial_r2d2/urdf_tutorial_r2d2.egg-info/top_level.txt
[2.369s] writing manifest file 'build/urdf_tutorial_r2d2/urdf_tutorial_r2d2.egg-info/SOURCES.txt'
[2.416s] reading manifest file 'build/urdf_tutorial_r2d2/urdf_tutorial_r2d2.egg-info/SOURCES.txt'
[2.417s] writing manifest file 'build/urdf_tutorial_r2d2/urdf_tutorial_r2d2.egg-info/SOURCES.txt'
[2.417s] running build
[2.417s] running build_py
[2.417s] creating /home/simteamq/Desktop/SEAL/bzik/build/urdf_tutorial_r2d2/build
[2.418s] creating /home/simteamq/Desktop/SEAL/bzik/build/urdf_tutorial_r2d2/build/lib
[2.418s] creating /home/simteamq/Desktop/SEAL/bzik/build/urdf_tutorial_r2d2/build/lib/urdf_tutorial_r2d2
[2.418s] copying urdf_tutorial_r2d2/state_publisher.py -> /home/simteamq/Desktop/SEAL/bzik/build/urdf_tutorial_r2d2/build/lib/urdf_tutorial_r2d2
[2.419s] copying urdf_tutorial_r2d2/__init__.py -> /home/simteamq/Desktop/SEAL/bzik/build/urdf_tutorial_r2d2/build/lib/urdf_tutorial_r2d2
[2.419s] running install
[2.419s] running install_lib
[2.420s] creating /home/simteamq/Desktop/SEAL/bzik/install/urdf_tutorial_r2d2/lib/python3.8/site-packages/urdf_tutorial_r2d2
[2.420s] copying /home/simteamq/Desktop/SEAL/bzik/build/urdf_tutorial_r2d2/build/lib/urdf_tutorial_r2d2/state_publisher.py -> /home/simteamq/Desktop/SEAL/bzik/install/urdf_tutorial_r2d2/lib/python3.8/site-packages/urdf_tutorial_r2d2
[2.420s] copying /home/simteamq/Desktop/SEAL/bzik/build/urdf_tutorial_r2d2/build/lib/urdf_tutorial_r2d2/__init__.py -> /home/simteamq/Desktop/SEAL/bzik/install/urdf_tutorial_r2d2/lib/python3.8/site-packages/urdf_tutorial_r2d2
[2.420s] byte-compiling /home/simteamq/Desktop/SEAL/bzik/install/urdf_tutorial_r2d2/lib/python3.8/site-packages/urdf_tutorial_r2d2/state_publisher.py to state_publisher.cpython-38.pyc
[2.423s] byte-compiling /home/simteamq/Desktop/SEAL/bzik/install/urdf_tutorial_r2d2/lib/python3.8/site-packages/urdf_tutorial_r2d2/__init__.py to __init__.cpython-38.pyc
[2.424s] running install_data
[2.425s] creating /home/simteamq/Desktop/SEAL/bzik/install/urdf_tutorial_r2d2/share/ament_index
[2.425s] creating /home/simteamq/Desktop/SEAL/bzik/install/urdf_tutorial_r2d2/share/ament_index/resource_index
[2.425s] creating /home/simteamq/Desktop/SEAL/bzik/install/urdf_tutorial_r2d2/share/ament_index/resource_index/packages
[2.425s] copying resource/urdf_tutorial_r2d2 -> /home/simteamq/Desktop/SEAL/bzik/install/urdf_tutorial_r2d2/share/ament_index/resource_index/packages
[2.425s] copying package.xml -> /home/simteamq/Desktop/SEAL/bzik/install/urdf_tutorial_r2d2/share/urdf_tutorial_r2d2
[2.425s] creating /home/simteamq/Desktop/SEAL/bzik/install/urdf_tutorial_r2d2/share/urdf_tutorial_r2d2/launch
[2.426s] copying launch/demo.launch.py -> /home/simteamq/Desktop/SEAL/bzik/install/urdf_tutorial_r2d2/share/urdf_tutorial_r2d2/launch
[2.426s] copying urdf/r2d2.rviz -> /home/simteamq/Desktop/SEAL/bzik/install/urdf_tutorial_r2d2/share/urdf_tutorial_r2d2
[2.426s] copying urdf/r2d2.urdf.xml -> /home/simteamq/Desktop/SEAL/bzik/install/urdf_tutorial_r2d2/share/urdf_tutorial_r2d2
[2.426s] copying meshes/Bzik.stl -> /home/simteamq/Desktop/SEAL/bzik/install/urdf_tutorial_r2d2/share/urdf_tutorial_r2d2
[2.435s] running install_egg_info
[2.438s] Copying build/urdf_tutorial_r2d2/urdf_tutorial_r2d2.egg-info to /home/simteamq/Desktop/SEAL/bzik/install/urdf_tutorial_r2d2/lib/python3.8/site-packages/urdf_tutorial_r2d2-0.0.0-py3.8.egg-info
[2.439s] running install_scripts
[2.465s] Installing state_publisher script to /home/simteamq/Desktop/SEAL/bzik/install/urdf_tutorial_r2d2/lib/urdf_tutorial_r2d2
[2.466s] writing list of installed files to '/home/simteamq/Desktop/SEAL/bzik/build/urdf_tutorial_r2d2/install.log'
[2.503s] Invoked command in '/home/simteamq/Desktop/SEAL/bzik' returned '0': CONDA_PROMPT_MODIFIER=(base) PYTHONPATH=/home/simteamq/Desktop/SEAL/bzik/build/urdf_tutorial_r2d2/prefix_override:/home/simteamq/Desktop/SEAL/bzik/install/urdf_tutorial_r2d2/lib/python3.8/site-packages:${PYTHONPATH} /usr/bin/python3 setup.py egg_info --egg-base build/urdf_tutorial_r2d2 build --build-base /home/simteamq/Desktop/SEAL/bzik/build/urdf_tutorial_r2d2/build install --record /home/simteamq/Desktop/SEAL/bzik/build/urdf_tutorial_r2d2/install.log --install-scripts $base/lib/urdf_tutorial_r2d2 --single-version-externally-managed
