[0.712s] Invoking command in '/home/simteamq/Desktop/SEAL/build/mapping': CMAKE_PREFIX_PATH=${CMAKE_PREFIX_PATH}:/home/simteamq/Desktop/SEAL/install/urdf_tutorial_r2d2:/opt/ros/foxy CONDA_PROMPT_MODIFIER=(base) /usr/bin/cmake --build /home/simteamq/Desktop/SEAL/build/mapping -- -j12 -l12
[0.830s] [100%] Built target ROS_comms
[1.443s] Invoked command in '/home/simteamq/Desktop/SEAL/build/mapping' returned '0': CMAKE_PREFIX_PATH=${CMAKE_PREFIX_PATH}:/home/simteamq/Desktop/SEAL/install/urdf_tutorial_r2d2:/opt/ros/foxy CONDA_PROMPT_MODIFIER=(base) /usr/bin/cmake --build /home/simteamq/Desktop/SEAL/build/mapping -- -j12 -l12
[1.497s] Invoking command in '/home/simteamq/Desktop/SEAL/build/mapping': CMAKE_PREFIX_PATH=${CMAKE_PREFIX_PATH}:/home/simteamq/Desktop/SEAL/install/urdf_tutorial_r2d2:/opt/ros/foxy CONDA_PROMPT_MODIFIER=(base) /usr/bin/cmake --install /home/simteamq/Desktop/SEAL/build/mapping
[1.512s] -- Install configuration: ""
[1.513s] -- Up-to-date: /home/simteamq/Desktop/SEAL/install/mapping/lib/mapping/ROS_comms
[1.513s] -- Up-to-date: /home/simteamq/Desktop/SEAL/install/mapping/share/ament_index/resource_index/package_run_dependencies/mapping
[1.514s] -- Up-to-date: /home/simteamq/Desktop/SEAL/install/mapping/share/ament_index/resource_index/parent_prefix_path/mapping
[1.514s] -- Up-to-date: /home/simteamq/Desktop/SEAL/install/mapping/share/mapping/environment/ament_prefix_path.sh
[1.514s] -- Up-to-date: /home/simteamq/Desktop/SEAL/install/mapping/share/mapping/environment/ament_prefix_path.dsv
[1.515s] -- Up-to-date: /home/simteamq/Desktop/SEAL/install/mapping/share/mapping/environment/path.sh
[1.515s] -- Up-to-date: /home/simteamq/Desktop/SEAL/install/mapping/share/mapping/environment/path.dsv
[1.515s] -- Up-to-date: /home/simteamq/Desktop/SEAL/install/mapping/share/mapping/local_setup.bash
[1.515s] -- Up-to-date: /home/simteamq/Desktop/SEAL/install/mapping/share/mapping/local_setup.sh
[1.515s] -- Up-to-date: /home/simteamq/Desktop/SEAL/install/mapping/share/mapping/local_setup.zsh
[1.516s] -- Up-to-date: /home/simteamq/Desktop/SEAL/install/mapping/share/mapping/local_setup.dsv
[1.517s] -- Installing: /home/simteamq/Desktop/SEAL/install/mapping/share/mapping/package.dsv
[1.518s] -- Up-to-date: /home/simteamq/Desktop/SEAL/install/mapping/share/ament_index/resource_index/packages/mapping
[1.518s] -- Up-to-date: /home/simteamq/Desktop/SEAL/install/mapping/share/mapping/cmake/mappingConfig.cmake
[1.518s] -- Up-to-date: /home/simteamq/Desktop/SEAL/install/mapping/share/mapping/cmake/mappingConfig-version.cmake
[1.518s] -- Up-to-date: /home/simteamq/Desktop/SEAL/install/mapping/share/mapping/package.xml
[1.521s] Invoked command in '/home/simteamq/Desktop/SEAL/build/mapping' returned '0': CMAKE_PREFIX_PATH=${CMAKE_PREFIX_PATH}:/home/simteamq/Desktop/SEAL/install/urdf_tutorial_r2d2:/opt/ros/foxy CONDA_PROMPT_MODIFIER=(base) /usr/bin/cmake --install /home/simteamq/Desktop/SEAL/build/mapping
