[3.903s] DEBUG:colcon:Command line arguments: ['/usr/bin/colcon', 'build']
[3.903s] DEBUG:colcon:Parsed command line arguments: Namespace(allow_overriding=[], ament_cmake_args=None, base_paths=['.'], build_base='build', catkin_cmake_args=None, catkin_skip_building_tests=False, cmake_args=None, cmake_clean_cache=False, cmake_clean_first=False, cmake_force_configure=False, cmake_target=None, cmake_target_skip_unavailable=False, continue_on_error=False, event_handlers=None, executor='parallel', ignore_user_meta=False, install_base='install', log_base=None, log_level=None, main=<bound method BuildVerb.main of <colcon_core.verb.build.BuildVerb object at 0x7efc04addbe0>>, merge_install=False, metas=['./colcon.meta'], packages_above=None, packages_above_and_dependencies=None, packages_above_depth=None, packages_end=None, packages_ignore=None, packages_ignore_regex=None, packages_select=None, packages_select_build_failed=False, packages_select_by_dep=None, packages_select_regex=None, packages_select_test_failures=False, packages_skip=None, packages_skip_build_finished=False, packages_skip_by_dep=None, packages_skip_regex=None, packages_skip_test_passed=False, packages_skip_up_to=None, packages_start=None, packages_up_to=None, packages_up_to_regex=None, parallel_workers=12, paths=None, symlink_install=False, test_result_base=None, verb_extension=<colcon_core.verb.build.BuildVerb object at 0x7efc04addbe0>, verb_name='build', verb_parser=<colcon_defaults.argument_parser.defaults.DefaultArgumentsDecorator object at 0x7efc04addca0>)
[4.069s] Level 1:colcon.colcon_core.package_discovery:discover_packages(colcon_meta) check parameters
[4.069s] Level 1:colcon.colcon_core.package_discovery:discover_packages(recursive) check parameters
[4.069s] Level 1:colcon.colcon_core.package_discovery:discover_packages(ignore) check parameters
[4.069s] Level 1:colcon.colcon_core.package_discovery:discover_packages(path) check parameters
[4.069s] Level 1:colcon.colcon_core.package_discovery:discover_packages(colcon_meta) discover
[4.069s] Level 1:colcon.colcon_core.package_discovery:discover_packages(recursive) discover
[4.069s] INFO:colcon.colcon_core.package_discovery:Crawling recursively for packages in '/home/simteamq/Desktop/SEAL/localization'
[4.069s] Level 1:colcon.colcon_core.package_identification:_identify(.) by extensions ['ignore', 'ignore_ament_install']
[4.069s] Level 1:colcon.colcon_core.package_identification:_identify(.) by extension 'ignore'
[4.069s] Level 1:colcon.colcon_core.package_identification:_identify(.) by extension 'ignore_ament_install'
[4.069s] Level 1:colcon.colcon_core.package_identification:_identify(.) by extensions ['colcon_pkg']
[4.069s] Level 1:colcon.colcon_core.package_identification:_identify(.) by extension 'colcon_pkg'
[4.070s] Level 1:colcon.colcon_core.package_identification:_identify(.) by extensions ['colcon_meta']
[4.070s] Level 1:colcon.colcon_core.package_identification:_identify(.) by extension 'colcon_meta'
[4.070s] Level 1:colcon.colcon_core.package_identification:_identify(.) by extensions ['ros']
[4.070s] Level 1:colcon.colcon_core.package_identification:_identify(.) by extension 'ros'
[4.084s] DEBUG:colcon.colcon_core.package_identification:Package '.' with type 'ros.ament_cmake' and name 'localization'
[4.084s] Level 1:colcon.colcon_core.package_discovery:discover_packages(recursive) using defaults
[4.084s] Level 1:colcon.colcon_core.package_discovery:discover_packages(ignore) discover
[4.085s] Level 1:colcon.colcon_core.package_discovery:discover_packages(ignore) using defaults
[4.085s] Level 1:colcon.colcon_core.package_discovery:discover_packages(path) discover
[4.085s] Level 1:colcon.colcon_core.package_discovery:discover_packages(path) using defaults
[4.444s] Level 1:colcon.colcon_core.package_discovery:discover_packages(prefix_path) check parameters
[4.444s] Level 1:colcon.colcon_core.package_discovery:discover_packages(prefix_path) discover
[4.515s] WARNING:colcon.colcon_core.prefix_path.colcon:The path '/home/simteamq/Desktop/SEAL/localization2/install' in the environment variable COLCON_PREFIX_PATH doesn't exist
[4.515s] WARNING:colcon.colcon_core.prefix_path.colcon:The path '/home/simteamq/Desktop/SEAL/install' in the environment variable COLCON_PREFIX_PATH doesn't exist
[4.515s] WARNING:colcon.colcon_ros.prefix_path.ament:The path '/home/simteamq/Desktop/SEAL/localization2/install/localization2' in the environment variable AMENT_PREFIX_PATH doesn't exist
[4.515s] WARNING:colcon.colcon_ros.prefix_path.ament:The path '/home/simteamq/Desktop/SEAL/install/mapping' in the environment variable AMENT_PREFIX_PATH doesn't exist
[4.515s] WARNING:colcon.colcon_ros.prefix_path.catkin:The path '/home/simteamq/Desktop/SEAL/localization2/install/localization2' in the environment variable CMAKE_PREFIX_PATH doesn't exist
[4.515s] WARNING:colcon.colcon_ros.prefix_path.catkin:The path '/home/simteamq/Desktop/SEAL/install/mapping' in the environment variable CMAKE_PREFIX_PATH doesn't exist
[4.593s] DEBUG:colcon.colcon_installed_package_information.package_discovery:Found 0 installed packages in /home/simteamq/Desktop/SEAL/localization/install
[4.659s] DEBUG:colcon.colcon_installed_package_information.package_discovery:Found 256 installed packages in /opt/ros/foxy
[4.661s] Level 1:colcon.colcon_core.package_discovery:discover_packages(prefix_path) using defaults
[4.874s] Level 5:colcon.colcon_core.verb:set package 'localization' build argument 'cmake_args' from command line to 'None'
[4.874s] Level 5:colcon.colcon_core.verb:set package 'localization' build argument 'cmake_target' from command line to 'None'
[4.874s] Level 5:colcon.colcon_core.verb:set package 'localization' build argument 'cmake_target_skip_unavailable' from command line to 'False'
[4.874s] Level 5:colcon.colcon_core.verb:set package 'localization' build argument 'cmake_clean_cache' from command line to 'False'
[4.874s] Level 5:colcon.colcon_core.verb:set package 'localization' build argument 'cmake_clean_first' from command line to 'False'
[4.874s] Level 5:colcon.colcon_core.verb:set package 'localization' build argument 'cmake_force_configure' from command line to 'False'
[4.874s] Level 5:colcon.colcon_core.verb:set package 'localization' build argument 'ament_cmake_args' from command line to 'None'
[4.874s] Level 5:colcon.colcon_core.verb:set package 'localization' build argument 'catkin_cmake_args' from command line to 'None'
[4.874s] Level 5:colcon.colcon_core.verb:set package 'localization' build argument 'catkin_skip_building_tests' from command line to 'False'
[4.874s] DEBUG:colcon.colcon_core.verb:Building package 'localization' with the following arguments: {'ament_cmake_args': None, 'build_base': '/home/simteamq/Desktop/SEAL/localization/build/localization', 'catkin_cmake_args': None, 'catkin_skip_building_tests': False, 'cmake_args': None, 'cmake_clean_cache': False, 'cmake_clean_first': False, 'cmake_force_configure': False, 'cmake_target': None, 'cmake_target_skip_unavailable': False, 'install_base': '/home/simteamq/Desktop/SEAL/localization/install/localization', 'merge_install': False, 'path': '/home/simteamq/Desktop/SEAL/localization', 'symlink_install': False, 'test_result_base': None}
[4.938s] INFO:colcon.colcon_core.executor:Executing jobs using 'parallel' executor
[5.005s] DEBUG:colcon.colcon_parallel_executor.executor.parallel:run_until_complete
[5.005s] INFO:colcon.colcon_ros.task.ament_cmake.build:Building ROS package in '/home/simteamq/Desktop/SEAL/localization' with build type 'ament_cmake'
[5.005s] INFO:colcon.colcon_cmake.task.cmake.build:Building CMake package in '/home/simteamq/Desktop/SEAL/localization'
[5.084s] INFO:colcon.colcon_core.plugin_system:Skipping extension 'colcon_core.shell.bat': Not used on non-Windows systems
[5.084s] INFO:colcon.colcon_core.shell:Skip shell extension 'powershell' for command environment: Not usable outside of PowerShell
[5.084s] DEBUG:colcon.colcon_core.shell:Skip shell extension 'dsv' for command environment
[5.308s] DEBUG:colcon.colcon_core.event_handler.log_command:Invoking command in '/home/simteamq/Desktop/SEAL/localization/build/localization': CMAKE_PREFIX_PATH=${CMAKE_PREFIX_PATH}:/opt/ros/foxy CONDA_PROMPT_MODIFIER=(base) /usr/bin/cmake /home/simteamq/Desktop/SEAL/localization -DCMAKE_INSTALL_PREFIX=/home/simteamq/Desktop/SEAL/localization/install/localization
[8.943s] DEBUG:colcon.colcon_core.event_handler.log_command:Invoked command in '/home/simteamq/Desktop/SEAL/localization/build/localization' returned '0': CMAKE_PREFIX_PATH=${CMAKE_PREFIX_PATH}:/opt/ros/foxy CONDA_PROMPT_MODIFIER=(base) /usr/bin/cmake /home/simteamq/Desktop/SEAL/localization -DCMAKE_INSTALL_PREFIX=/home/simteamq/Desktop/SEAL/localization/install/localization
[8.950s] DEBUG:colcon.colcon_core.event_handler.log_command:Invoking command in '/home/simteamq/Desktop/SEAL/localization/build/localization': CMAKE_PREFIX_PATH=${CMAKE_PREFIX_PATH}:/opt/ros/foxy CONDA_PROMPT_MODIFIER=(base) /usr/bin/cmake --build /home/simteamq/Desktop/SEAL/localization/build/localization -- -j12 -l12
[15.037s] DEBUG:colcon.colcon_core.event_handler.log_command:Invoked command in '/home/simteamq/Desktop/SEAL/localization/build/localization' returned '0': CMAKE_PREFIX_PATH=${CMAKE_PREFIX_PATH}:/opt/ros/foxy CONDA_PROMPT_MODIFIER=(base) /usr/bin/cmake --build /home/simteamq/Desktop/SEAL/localization/build/localization -- -j12 -l12
[15.101s] DEBUG:colcon.colcon_core.event_handler.log_command:Invoking command in '/home/simteamq/Desktop/SEAL/localization/build/localization': CMAKE_PREFIX_PATH=${CMAKE_PREFIX_PATH}:/opt/ros/foxy CONDA_PROMPT_MODIFIER=(base) /usr/bin/cmake --install /home/simteamq/Desktop/SEAL/localization/build/localization
[15.124s] Level 1:colcon.colcon_core.environment:create_environment_scripts_only(localization)
[15.125s] DEBUG:colcon.colcon_core.event_handler.log_command:Invoked command in '/home/simteamq/Desktop/SEAL/localization/build/localization' returned '0': CMAKE_PREFIX_PATH=${CMAKE_PREFIX_PATH}:/opt/ros/foxy CONDA_PROMPT_MODIFIER=(base) /usr/bin/cmake --install /home/simteamq/Desktop/SEAL/localization/build/localization
[15.229s] Level 1:colcon.colcon_core.environment:checking '/home/simteamq/Desktop/SEAL/localization/install/localization' for CMake module files
[15.230s] Level 1:colcon.colcon_core.environment:checking '/home/simteamq/Desktop/SEAL/localization/install/localization' for CMake config files
[15.230s] Level 1:colcon.colcon_core.shell:create_environment_hook('localization', 'cmake_prefix_path')
[15.317s] INFO:colcon.colcon_core.shell:Creating environment hook '/home/simteamq/Desktop/SEAL/localization/install/localization/share/localization/hook/cmake_prefix_path.ps1'
[15.318s] INFO:colcon.colcon_core.shell:Creating environment descriptor '/home/simteamq/Desktop/SEAL/localization/install/localization/share/localization/hook/cmake_prefix_path.dsv'
[15.318s] INFO:colcon.colcon_core.shell:Creating environment hook '/home/simteamq/Desktop/SEAL/localization/install/localization/share/localization/hook/cmake_prefix_path.sh'
[15.319s] Level 1:colcon.colcon_core.environment:checking '/home/simteamq/Desktop/SEAL/localization/install/localization/lib'
[15.320s] Level 1:colcon.colcon_core.environment:checking '/home/simteamq/Desktop/SEAL/localization/install/localization/bin'
[15.322s] Level 1:colcon.colcon_core.environment:checking '/home/simteamq/Desktop/SEAL/localization/install/localization/lib/pkgconfig/localization.pc'
[15.322s] Level 1:colcon.colcon_core.environment:checking '/home/simteamq/Desktop/SEAL/localization/install/localization/lib/python3.8/site-packages'
[15.322s] Level 1:colcon.colcon_core.environment:checking '/home/simteamq/Desktop/SEAL/localization/install/localization/bin'
[15.413s] INFO:colcon.colcon_core.shell:Creating package script '/home/simteamq/Desktop/SEAL/localization/install/localization/share/localization/package.ps1'
[15.415s] INFO:colcon.colcon_core.shell:Creating package descriptor '/home/simteamq/Desktop/SEAL/localization/install/localization/share/localization/package.dsv'
[15.415s] INFO:colcon.colcon_core.shell:Creating package script '/home/simteamq/Desktop/SEAL/localization/install/localization/share/localization/package.sh'
[15.416s] INFO:colcon.colcon_core.shell:Creating package script '/home/simteamq/Desktop/SEAL/localization/install/localization/share/localization/package.bash'
[15.417s] INFO:colcon.colcon_core.shell:Creating package script '/home/simteamq/Desktop/SEAL/localization/install/localization/share/localization/package.zsh'
[15.418s] Level 1:colcon.colcon_core.environment:create_file_with_runtime_dependencies(/home/simteamq/Desktop/SEAL/localization/install/localization/share/colcon-core/packages/localization)
[15.555s] Level 1:colcon.colcon_core.environment:create_environment_scripts_only(localization)
[15.643s] Level 1:colcon.colcon_core.environment:checking '/home/simteamq/Desktop/SEAL/localization/install/localization' for CMake module files
[15.644s] Level 1:colcon.colcon_core.environment:checking '/home/simteamq/Desktop/SEAL/localization/install/localization' for CMake config files
[15.644s] Level 1:colcon.colcon_core.shell:create_environment_hook('localization', 'cmake_prefix_path')
[15.731s] INFO:colcon.colcon_core.shell:Creating environment hook '/home/simteamq/Desktop/SEAL/localization/install/localization/share/localization/hook/cmake_prefix_path.ps1'
[15.732s] INFO:colcon.colcon_core.shell:Creating environment descriptor '/home/simteamq/Desktop/SEAL/localization/install/localization/share/localization/hook/cmake_prefix_path.dsv'
[15.732s] INFO:colcon.colcon_core.shell:Creating environment hook '/home/simteamq/Desktop/SEAL/localization/install/localization/share/localization/hook/cmake_prefix_path.sh'
[15.733s] Level 1:colcon.colcon_core.environment:checking '/home/simteamq/Desktop/SEAL/localization/install/localization/lib'
[15.733s] Level 1:colcon.colcon_core.environment:checking '/home/simteamq/Desktop/SEAL/localization/install/localization/bin'
[15.733s] Level 1:colcon.colcon_core.environment:checking '/home/simteamq/Desktop/SEAL/localization/install/localization/lib/pkgconfig/localization.pc'
[15.734s] Level 1:colcon.colcon_core.environment:checking '/home/simteamq/Desktop/SEAL/localization/install/localization/lib/python3.8/site-packages'
[15.734s] Level 1:colcon.colcon_core.environment:checking '/home/simteamq/Desktop/SEAL/localization/install/localization/bin'
[15.824s] INFO:colcon.colcon_core.shell:Creating package script '/home/simteamq/Desktop/SEAL/localization/install/localization/share/localization/package.ps1'
[15.825s] INFO:colcon.colcon_core.shell:Creating package descriptor '/home/simteamq/Desktop/SEAL/localization/install/localization/share/localization/package.dsv'
[15.825s] INFO:colcon.colcon_core.shell:Creating package script '/home/simteamq/Desktop/SEAL/localization/install/localization/share/localization/package.sh'
[15.826s] INFO:colcon.colcon_core.shell:Creating package script '/home/simteamq/Desktop/SEAL/localization/install/localization/share/localization/package.bash'
[15.827s] INFO:colcon.colcon_core.shell:Creating package script '/home/simteamq/Desktop/SEAL/localization/install/localization/share/localization/package.zsh'
[15.827s] Level 1:colcon.colcon_core.environment:create_file_with_runtime_dependencies(/home/simteamq/Desktop/SEAL/localization/install/localization/share/colcon-core/packages/localization)
[15.828s] DEBUG:colcon.colcon_parallel_executor.executor.parallel:closing loop
[15.828s] DEBUG:colcon.colcon_parallel_executor.executor.parallel:loop closed
[15.829s] DEBUG:colcon.colcon_parallel_executor.executor.parallel:run_until_complete finished with '0'
[15.829s] DEBUG:colcon.colcon_core.event_reactor:joining thread
[15.927s] INFO:colcon.colcon_core.plugin_system:Skipping extension 'colcon_notification.desktop_notification.terminal_notifier': Not used on non-Darwin systems
[15.927s] INFO:colcon.colcon_core.plugin_system:Skipping extension 'colcon_notification.desktop_notification.win32': Not used on non-Windows systems
[15.927s] INFO:colcon.colcon_notification.desktop_notification:Sending desktop notification using 'notify2'
[15.949s] DEBUG:colcon.colcon_core.event_reactor:joined thread
[16.041s] INFO:colcon.colcon_core.shell:Creating prefix script '/home/simteamq/Desktop/SEAL/localization/install/local_setup.ps1'
[16.043s] INFO:colcon.colcon_core.shell:Creating prefix util module '/home/simteamq/Desktop/SEAL/localization/install/_local_setup_util_ps1.py'
[16.044s] INFO:colcon.colcon_core.shell:Creating prefix chain script '/home/simteamq/Desktop/SEAL/localization/install/setup.ps1'
[16.131s] INFO:colcon.colcon_core.shell:Creating prefix script '/home/simteamq/Desktop/SEAL/localization/install/local_setup.sh'
[16.131s] INFO:colcon.colcon_core.shell:Creating prefix util module '/home/simteamq/Desktop/SEAL/localization/install/_local_setup_util_sh.py'
[16.132s] INFO:colcon.colcon_core.shell:Creating prefix chain script '/home/simteamq/Desktop/SEAL/localization/install/setup.sh'
[16.219s] INFO:colcon.colcon_core.shell:Creating prefix script '/home/simteamq/Desktop/SEAL/localization/install/local_setup.bash'
[16.219s] INFO:colcon.colcon_core.shell:Creating prefix chain script '/home/simteamq/Desktop/SEAL/localization/install/setup.bash'
[16.306s] INFO:colcon.colcon_core.shell:Creating prefix script '/home/simteamq/Desktop/SEAL/localization/install/local_setup.zsh'
[16.306s] INFO:colcon.colcon_core.shell:Creating prefix chain script '/home/simteamq/Desktop/SEAL/localization/install/setup.zsh'
